2026-02-23 00:16:40,809 [BLOCK] No wallet key — monitor only
2026-02-23 00:16:40,937 [BLOCK] WS error: server rejected WebSocket connection: HTTP 429
2026-02-23 00:16:40,938 [BLOCK] Rotated WS to wss://base.drpc.org
2026-02-23 00:16:46,196 [BLOCK] Subscribed to blocks via wss://base.drpc.org (sub_id: 0x995d8bfc7a3ff0b1ae4591697337496551116be7)
2026-02-23 00:17:33,019 [BLOCK] Wallet: 0xdc118c4e1284e61e4d5277936a64B9E08Ad9e7EE
2026-02-23 00:17:33,021 [BLOCK] Block watcher thread started
2026-02-23 00:17:33,140 [BLOCK] WS error: server rejected WebSocket connection: HTTP 429
2026-02-23 00:17:33,140 [BLOCK] Rotated WS to wss://base.drpc.org
2026-02-23 00:17:38,315 [BLOCK] Subscribed to blocks via wss://base.drpc.org (sub_id: 0xb000c77a5f301dddd55effe89e0c0c08999fe885)
2026-02-23 00:17:46,821 [BLOCK] Block scan took 8.30s — too slow, reduce watched pairs
2026-02-23 00:17:57,634 [BLOCK] Block scan took 10.81s — too slow, reduce watched pairs
2026-02-23 00:18:06,961 [BLOCK] Block scan took 9.33s — too slow, reduce watched pairs
2026-02-23 00:18:16,758 [BLOCK] Block scan took 9.80s — too slow, reduce watched pairs
2026-02-23 00:18:27,682 [BLOCK] Block scan took 10.92s — too slow, reduce watched pairs
2026-02-23 00:18:37,035 [BLOCK] Block scan took 9.32s — too slow, reduce watched pairs
2026-02-23 00:18:46,870 [BLOCK] Block scan took 9.83s — too slow, reduce watched pairs
2026-02-23 00:18:57,596 [BLOCK] Block scan took 10.73s — too slow, reduce watched pairs
2026-02-23 00:19:06,818 [BLOCK] Block scan took 9.22s — too slow, reduce watched pairs
2026-02-23 00:19:17,753 [BLOCK] Block scan took 10.93s — too slow, reduce watched pairs
2026-02-23 00:19:26,869 [BLOCK] Block scan took 9.12s — too slow, reduce watched pairs
2026-02-23 00:19:36,796 [BLOCK] Block scan took 9.93s — too slow, reduce watched pairs
2026-02-23 00:19:47,571 [BLOCK] Block scan took 10.77s — too slow, reduce watched pairs
2026-02-23 00:19:56,880 [BLOCK] Block scan took 9.31s — too slow, reduce watched pairs
2026-02-23 00:20:06,823 [BLOCK] Block scan took 9.93s — too slow, reduce watched pairs
2026-02-23 00:20:17,634 [BLOCK] Block scan took 10.81s — too slow, reduce watched pairs
2026-02-23 00:20:27,149 [BLOCK] Block scan took 9.51s — too slow, reduce watched pairs
2026-02-23 00:20:36,867 [BLOCK] Block scan took 9.72s — too slow, reduce watched pairs
2026-02-23 00:20:47,597 [BLOCK] Block scan took 10.73s — too slow, reduce watched pairs
2026-02-23 00:20:56,837 [BLOCK] Block scan took 9.24s — too slow, reduce watched pairs
2026-02-23 00:21:07,562 [BLOCK] Block scan took 10.72s — too slow, reduce watched pairs
2026-02-23 00:21:16,845 [BLOCK] Block scan took 9.28s — too slow, reduce watched pairs
2026-02-23 00:21:27,504 [BLOCK] Block scan took 10.66s — too slow, reduce watched pairs
2026-02-23 00:21:36,868 [BLOCK] Block scan took 9.36s — too slow, reduce watched pairs
2026-02-23 00:21:47,649 [BLOCK] Block scan took 10.78s — too slow, reduce watched pairs
2026-02-23 00:21:56,810 [BLOCK] Block scan took 9.16s — too slow, reduce watched pairs
2026-02-23 00:22:07,597 [BLOCK] Block scan took 10.79s — too slow, reduce watched pairs
2026-02-23 00:22:16,983 [BLOCK] Block scan took 9.38s — too slow, reduce watched pairs
2026-02-23 00:22:26,965 [BLOCK] Block scan took 9.98s — too slow, reduce watched pairs
2026-02-23 00:22:36,723 [BLOCK] Block scan took 9.76s — too slow, reduce watched pairs
2026-02-23 00:22:47,546 [BLOCK] Block scan took 10.82s — too slow, reduce watched pairs
2026-02-23 00:22:56,715 [BLOCK] Block scan took 9.17s — too slow, reduce watched pairs
2026-02-23 00:23:07,395 [BLOCK] Block scan took 10.68s — too slow, reduce watched pairs
2026-02-23 00:23:17,046 [BLOCK] Block scan took 9.65s — too slow, reduce watched pairs
2026-02-23 00:23:26,729 [BLOCK] Block scan took 9.68s — too slow, reduce watched pairs
2026-02-23 00:23:37,335 [BLOCK] Block scan took 10.61s — too slow, reduce watched pairs
2026-02-23 00:23:47,113 [BLOCK] Block scan took 9.78s — too slow, reduce watched pairs
2026-02-23 00:23:56,760 [BLOCK] Block scan took 9.65s — too slow, reduce watched pairs
2026-02-23 00:24:07,449 [BLOCK] Block scan took 10.69s — too slow, reduce watched pairs
2026-02-23 00:24:17,247 [BLOCK] Block scan took 9.80s — too slow, reduce watched pairs
2026-02-23 00:24:26,812 [BLOCK] Block scan took 9.56s — too slow, reduce watched pairs
2026-02-23 00:24:37,479 [BLOCK] Block scan took 10.67s — too slow, reduce watched pairs
2026-02-23 00:24:47,084 [BLOCK] Block scan took 9.61s — too slow, reduce watched pairs
2026-02-23 00:24:56,832 [BLOCK] Block scan took 9.75s — too slow, reduce watched pairs
2026-02-23 00:25:07,607 [BLOCK] Block scan took 10.77s — too slow, reduce watched pairs
2026-02-23 00:25:07,645 [BLOCK] Block 42508300 | Watching 5 pairs
2026-02-23 00:25:16,799 [BLOCK] Block scan took 9.15s — too slow, reduce watched pairs
2026-02-23 00:25:27,396 [BLOCK] Block scan took 10.60s — too slow, reduce watched pairs
2026-02-23 00:25:37,282 [BLOCK] Block scan took 9.88s — too slow, reduce watched pairs
2026-02-23 00:25:47,121 [BLOCK] Block scan took 9.84s — too slow, reduce watched pairs
2026-02-23 00:25:57,133 [BLOCK] Block scan took 10.01s — too slow, reduce watched pairs
2026-02-23 00:26:07,079 [BLOCK] Block scan took 9.95s — too slow, reduce watched pairs
2026-02-23 00:26:16,949 [BLOCK] Block scan took 9.87s — too slow, reduce watched pairs
2026-02-23 00:26:26,726 [BLOCK] Block scan took 9.78s — too slow, reduce watched pairs
2026-02-23 00:26:38,110 [BLOCK] Block scan took 11.38s — too slow, reduce watched pairs
2026-02-23 00:26:48,906 [BLOCK] Block scan took 10.80s — too slow, reduce watched pairs
2026-02-23 00:26:59,673 [BLOCK] Block scan took 10.77s — too slow, reduce watched pairs
2026-02-23 00:27:09,011 [BLOCK] Block scan took 9.34s — too slow, reduce watched pairs
2026-02-23 00:27:18,742 [BLOCK] Block scan took 9.73s — too slow, reduce watched pairs
2026-02-23 00:27:29,579 [BLOCK] Block scan took 10.84s — too slow, reduce watched pairs
2026-02-23 00:27:38,803 [BLOCK] Block scan took 9.22s — too slow, reduce watched pairs
2026-02-23 00:27:49,609 [BLOCK] Block scan took 10.80s — too slow, reduce watched pairs
2026-02-23 00:27:58,884 [BLOCK] Block scan took 9.27s — too slow, reduce watched pairs
2026-02-23 00:28:09,619 [BLOCK] Block scan took 10.74s — too slow, reduce watched pairs
2026-02-23 00:28:18,887 [BLOCK] Block scan took 9.27s — too slow, reduce watched pairs
2026-02-23 00:28:29,589 [BLOCK] Block scan took 10.70s — too slow, reduce watched pairs
2026-02-23 00:28:38,816 [BLOCK] Block scan took 9.23s — too slow, reduce watched pairs
2026-02-23 00:28:49,519 [BLOCK] Block scan took 10.70s — too slow, reduce watched pairs
2026-02-23 00:28:59,238 [BLOCK] Block scan took 9.72s — too slow, reduce watched pairs
2026-02-23 00:29:09,000 [BLOCK] Block scan took 9.76s — too slow, reduce watched pairs
2026-02-23 00:29:18,707 [BLOCK] Block scan took 9.71s — too slow, reduce watched pairs
2026-02-23 00:29:29,620 [BLOCK] Block scan took 10.91s — too slow, reduce watched pairs
2026-02-23 00:29:38,630 [BLOCK] Block scan took 9.01s — too slow, reduce watched pairs
2026-02-23 00:29:49,471 [BLOCK] Block scan took 10.84s — too slow, reduce watched pairs
2026-02-23 00:29:59,055 [BLOCK] Block scan took 9.58s — too slow, reduce watched pairs
2026-02-23 00:30:08,714 [BLOCK] Block scan took 9.66s — too slow, reduce watched pairs
2026-02-23 00:30:19,383 [BLOCK] Block scan took 10.67s — too slow, reduce watched pairs
2026-02-23 00:30:29,099 [BLOCK] Block scan took 9.72s — too slow, reduce watched pairs
2026-02-23 00:30:38,732 [BLOCK] Block scan took 9.63s — too slow, reduce watched pairs
2026-02-23 00:30:49,429 [BLOCK] Block scan took 10.70s — too slow, reduce watched pairs
2026-02-23 00:30:59,052 [BLOCK] Block scan took 9.62s — too slow, reduce watched pairs
2026-02-23 00:31:08,667 [BLOCK] Block scan took 9.61s — too slow, reduce watched pairs
2026-02-23 00:31:19,240 [BLOCK] Block scan took 10.57s — too slow, reduce watched pairs
2026-02-23 00:31:28,832 [BLOCK] Block scan took 9.59s — too slow, reduce watched pairs
2026-02-23 00:31:39,653 [BLOCK] Block scan took 10.82s — too slow, reduce watched pairs
2026-02-23 00:31:48,748 [BLOCK] Block scan took 9.10s — too slow, reduce watched pairs
2026-02-23 00:31:59,823 [BLOCK] Block scan took 11.07s — too slow, reduce watched pairs
2026-02-23 00:32:08,627 [BLOCK] Block scan took 8.80s — too slow, reduce watched pairs
2026-02-23 00:32:19,324 [BLOCK] Block scan took 10.70s — too slow, reduce watched pairs
2026-02-23 00:32:28,969 [BLOCK] Block scan took 9.64s — too slow, reduce watched pairs
2026-02-23 00:32:39,557 [BLOCK] Block scan took 10.59s — too slow, reduce watched pairs
2026-02-23 00:32:39,558 [BLOCK] WS error: no close frame received or sent
2026-02-23 00:32:39,558 [BLOCK] Rotated WS to wss://base-mainnet.g.alchemy.com/v2/demo
2026-02-23 00:32:44,690 [BLOCK] Subscription response: {"message":"This team has exceeded its limit of 2000 open WebSockets. Please close some other connections first.","state":"FAILED","code":1008}
2026-02-23 00:32:48,705 [BLOCK] WS error: received 1008 (policy violation) This team has exceeded its limit of 2000 open WebSockets. Please close some other connections first.; then sent 1008 
2026-02-23 00:32:48,705 [BLOCK] Rotated WS to wss://base.drpc.org
2026-02-23 00:32:53,871 [BLOCK] Subscribed to blocks via wss://base.drpc.org (sub_id: 0x4e1f9bf267ec598c938b1101ad66acd1d3846ba9)
2026-02-23 00:33:03,146 [BLOCK] Block scan took 9.24s — too slow, reduce watched pairs
2026-02-23 00:33:12,775 [BLOCK] Block scan took 9.63s — too slow, reduce watched pairs
2026-02-23 00:33:23,529 [BLOCK] Block scan took 10.75s — too slow, reduce watched pairs
2026-02-23 00:33:32,665 [BLOCK] Block scan took 9.14s — too slow, reduce watched pairs
2026-02-23 00:33:42,497 [BLOCK] Block scan took 9.83s — too slow, reduce watched pairs
2026-02-23 00:33:53,404 [BLOCK] Block scan took 10.91s — too slow, reduce watched pairs
2026-02-23 00:34:02,655 [BLOCK] Block scan took 9.25s — too slow, reduce watched pairs
2026-02-23 00:34:13,441 [BLOCK] Block scan took 10.79s — too slow, reduce watched pairs
2026-02-23 00:34:22,624 [BLOCK] Block scan took 9.17s — too slow, reduce watched pairs
2026-02-23 00:34:33,495 [BLOCK] Block scan took 10.87s — too slow, reduce watched pairs
2026-02-23 00:34:42,463 [BLOCK] Block scan took 8.97s — too slow, reduce watched pairs
2026-02-23 00:34:53,184 [BLOCK] Block scan took 10.72s — too slow, reduce watched pairs
2026-02-23 00:35:02,794 [BLOCK] Block scan took 9.61s — too slow, reduce watched pairs
2026-02-23 00:35:13,545 [BLOCK] Block scan took 10.75s — too slow, reduce watched pairs
2026-02-23 00:35:22,884 [BLOCK] Block scan took 9.34s — too slow, reduce watched pairs
2026-02-23 00:35:32,934 [BLOCK] Block scan took 10.05s — too slow, reduce watched pairs
2026-02-23 00:35:42,658 [BLOCK] Block scan took 9.72s — too slow, reduce watched pairs
2026-02-23 00:35:53,449 [BLOCK] Block scan took 10.79s — too slow, reduce watched pairs
2026-02-23 00:36:03,055 [BLOCK] Block scan took 9.61s — too slow, reduce watched pairs
2026-02-23 00:36:12,746 [BLOCK] Block scan took 9.69s — too slow, reduce watched pairs
2026-02-23 00:36:23,419 [BLOCK] Block scan took 10.67s — too slow, reduce watched pairs
2026-02-23 00:36:32,922 [BLOCK] Block scan took 9.50s — too slow, reduce watched pairs
2026-02-23 00:36:42,536 [BLOCK] Block scan took 9.61s — too slow, reduce watched pairs
2026-02-23 00:36:53,266 [BLOCK] Block scan took 10.73s — too slow, reduce watched pairs
2026-02-23 00:37:02,844 [BLOCK] Block scan took 9.58s — too slow, reduce watched pairs
2026-02-23 00:37:13,658 [BLOCK] Block scan took 10.81s — too slow, reduce watched pairs
2026-02-23 00:37:22,776 [BLOCK] Block scan took 9.12s — too slow, reduce watched pairs
2026-02-23 00:37:32,579 [BLOCK] Block scan took 9.80s — too slow, reduce watched pairs
2026-02-23 00:37:42,730 [BLOCK] Block scan took 10.15s — too slow, reduce watched pairs
2026-02-23 00:37:53,488 [BLOCK] Block scan took 10.75s — too slow, reduce watched pairs
2026-02-23 00:38:02,598 [BLOCK] Block scan took 9.11s — too slow, reduce watched pairs
2026-02-23 00:38:13,300 [BLOCK] Block scan took 10.70s — too slow, reduce watched pairs
2026-02-23 00:38:23,041 [BLOCK] Block scan took 9.74s — too slow, reduce watched pairs
2026-02-23 00:38:32,721 [BLOCK] Block scan took 9.68s — too slow, reduce watched pairs
2026-02-23 00:38:43,411 [BLOCK] Block scan took 10.69s — too slow, reduce watched pairs
2026-02-23 00:38:53,014 [BLOCK] Block scan took 9.60s — too slow, reduce watched pairs
2026-02-23 00:39:02,682 [BLOCK] Block scan took 9.67s — too slow, reduce watched pairs
2026-02-23 00:39:13,468 [BLOCK] Block scan took 10.79s — too slow, reduce watched pairs
2026-02-23 00:39:22,478 [BLOCK] Block scan took 9.01s — too slow, reduce watched pairs
2026-02-23 00:39:33,399 [BLOCK] Block scan took 10.92s — too slow, reduce watched pairs
2026-02-23 00:39:42,487 [BLOCK] Block scan took 9.09s — too slow, reduce watched pairs
2026-02-23 00:39:53,284 [BLOCK] Block scan took 10.80s — too slow, reduce watched pairs
2026-02-23 00:40:02,932 [BLOCK] Block scan took 9.65s — too slow, reduce watched pairs
2026-02-23 00:40:12,850 [BLOCK] Block scan took 9.92s — too slow, reduce watched pairs
2026-02-23 00:40:23,465 [BLOCK] Block scan took 10.61s — too slow, reduce watched pairs
2026-02-23 00:40:33,017 [BLOCK] Block scan took 9.55s — too slow, reduce watched pairs
2026-02-23 00:40:42,630 [BLOCK] Block scan took 9.61s — too slow, reduce watched pairs
2026-02-23 00:40:53,245 [BLOCK] Block scan took 10.62s — too slow, reduce watched pairs
2026-02-23 00:41:02,764 [BLOCK] Block scan took 9.52s — too slow, reduce watched pairs
2026-02-23 00:41:13,451 [BLOCK] Block scan took 10.69s — too slow, reduce watched pairs
2026-02-23 00:41:22,453 [BLOCK] Block scan took 9.00s — too slow, reduce watched pairs
2026-02-23 00:41:33,240 [BLOCK] Block scan took 10.79s — too slow, reduce watched pairs
2026-02-23 00:41:42,650 [BLOCK] Block scan took 9.41s — too slow, reduce watched pairs
2026-02-23 00:41:53,384 [BLOCK] Block scan took 10.73s — too slow, reduce watched pairs
2026-02-23 00:42:02,580 [BLOCK] Block scan took 9.20s — too slow, reduce watched pairs
2026-02-23 00:42:13,366 [BLOCK] Block scan took 10.78s — too slow, reduce watched pairs
2026-02-23 00:42:22,565 [BLOCK] Block scan took 9.20s — too slow, reduce watched pairs
2026-02-23 00:42:33,397 [BLOCK] Block scan took 10.83s — too slow, reduce watched pairs
2026-02-23 00:42:42,575 [BLOCK] Block scan took 9.18s — too slow, reduce watched pairs
2026-02-23 00:42:53,297 [BLOCK] Block scan took 10.72s — too slow, reduce watched pairs
2026-02-23 00:43:03,071 [BLOCK] Block scan took 9.77s — too slow, reduce watched pairs
2026-02-23 00:43:12,706 [BLOCK] Block scan took 9.63s — too slow, reduce watched pairs
2026-02-23 00:43:23,450 [BLOCK] Block scan took 10.74s — too slow, reduce watched pairs
2026-02-23 00:43:32,725 [BLOCK] Block scan took 9.27s — too slow, reduce watched pairs
2026-02-23 00:43:43,443 [BLOCK] Block scan took 10.72s — too slow, reduce watched pairs
2026-02-23 00:43:52,583 [BLOCK] Block scan took 9.14s — too slow, reduce watched pairs
2026-02-23 00:44:03,365 [BLOCK] Block scan took 10.78s — too slow, reduce watched pairs
2026-02-23 00:44:12,653 [BLOCK] Block scan took 9.29s — too slow, reduce watched pairs
2026-02-23 00:44:23,405 [BLOCK] Block scan took 10.75s — too slow, reduce watched pairs
2026-02-23 00:44:32,721 [BLOCK] Block scan took 9.32s — too slow, reduce watched pairs
2026-02-23 00:44:43,550 [BLOCK] Block scan took 10.83s — too slow, reduce watched pairs
2026-02-23 00:44:52,756 [BLOCK] Block scan took 9.21s — too slow, reduce watched pairs
2026-02-23 00:45:02,817 [BLOCK] Block scan took 10.06s — too slow, reduce watched pairs
2026-02-23 00:45:12,889 [BLOCK] Block scan took 10.07s — too slow, reduce watched pairs
2026-02-23 00:45:23,132 [BLOCK] Block scan took 10.24s — too slow, reduce watched pairs
2026-02-23 00:45:33,092 [BLOCK] Block scan took 9.96s — too slow, reduce watched pairs
2026-02-23 00:45:43,026 [BLOCK] Block scan took 9.93s — too slow, reduce watched pairs
2026-02-23 00:45:52,916 [BLOCK] Block scan took 9.89s — too slow, reduce watched pairs
2026-02-23 00:46:02,890 [BLOCK] Block scan took 9.97s — too slow, reduce watched pairs
2026-02-23 00:46:12,869 [BLOCK] Block scan took 9.98s — too slow, reduce watched pairs
2026-02-23 00:46:22,472 [BLOCK] Block scan took 9.60s — too slow, reduce watched pairs
2026-02-23 00:46:32,715 [BLOCK] Block scan took 10.24s — too slow, reduce watched pairs
2026-02-23 00:46:42,939 [BLOCK] Block scan took 10.22s — too slow, reduce watched pairs
2026-02-23 00:46:52,994 [BLOCK] Block scan took 10.05s — too slow, reduce watched pairs
2026-02-23 00:47:02,864 [BLOCK] Block scan took 9.87s — too slow, reduce watched pairs
2026-02-23 00:47:12,702 [BLOCK] Block scan took 9.84s — too slow, reduce watched pairs
2026-02-23 00:47:23,258 [BLOCK] Block scan took 10.56s — too slow, reduce watched pairs
2026-02-23 00:47:23,339 [BLOCK] Block 42508800 | Watching 5 pairs
2026-02-23 00:47:33,064 [BLOCK] Block scan took 9.72s — too slow, reduce watched pairs
2026-02-23 00:47:42,981 [BLOCK] Block scan took 9.92s — too slow, reduce watched pairs
2026-02-23 00:47:52,876 [BLOCK] Block scan took 9.89s — too slow, reduce watched pairs
2026-02-23 00:48:02,698 [BLOCK] Block scan took 9.82s — too slow, reduce watched pairs
2026-02-23 00:48:02,700 [BLOCK] WS error: no close frame received or sent
2026-02-23 00:48:02,700 [BLOCK] Rotated WS to wss://base-mainnet.g.alchemy.com/v2/demo
2026-02-23 00:48:07,840 [BLOCK] WS error: server rejected WebSocket connection: HTTP 429
2026-02-23 00:48:07,840 [BLOCK] Rotated WS to wss://base.drpc.org
2026-02-23 00:48:13,006 [BLOCK] Subscribed to blocks via wss://base.drpc.org (sub_id: 0xedc2dc148adc2afa8d103332ac25295199e79133)
2026-02-23 00:48:20,709 [BLOCK] Block scan took 7.61s — too slow, reduce watched pairs
2026-02-23 00:48:31,582 [BLOCK] Block scan took 10.87s — too slow, reduce watched pairs
2026-02-23 00:48:40,463 [BLOCK] Block scan took 8.88s — too slow, reduce watched pairs
2026-02-23 00:48:51,518 [BLOCK] Block scan took 11.05s — too slow, reduce watched pairs
2026-02-23 00:49:00,596 [BLOCK] Block scan took 9.08s — too slow, reduce watched pairs
2026-02-23 00:49:11,445 [BLOCK] Block scan took 10.85s — too slow, reduce watched pairs
2026-02-23 00:49:20,696 [BLOCK] Block scan took 9.25s — too slow, reduce watched pairs
2026-02-23 00:49:30,514 [BLOCK] Block scan took 9.81s — too slow, reduce watched pairs
2026-02-23 00:49:40,786 [BLOCK] Block scan took 10.27s — too slow, reduce watched pairs
2026-02-23 00:49:50,777 [BLOCK] Block scan took 9.99s — too slow, reduce watched pairs
2026-02-23 00:50:00,609 [BLOCK] Block scan took 9.83s — too slow, reduce watched pairs
2026-02-23 00:50:10,425 [BLOCK] Block scan took 9.82s — too slow, reduce watched pairs
2026-02-23 00:50:21,234 [BLOCK] Block scan took 10.81s — too slow, reduce watched pairs
2026-02-23 00:50:30,702 [BLOCK] Block scan took 9.47s — too slow, reduce watched pairs
2026-02-23 00:50:40,572 [BLOCK] Block scan took 9.86s — too slow, reduce watched pairs
2026-02-23 00:50:51,328 [BLOCK] Block scan took 10.75s — too slow, reduce watched pairs
2026-02-23 00:51:01,017 [BLOCK] Block scan took 9.69s — too slow, reduce watched pairs
2026-02-23 00:51:10,776 [BLOCK] Block scan took 9.76s — too slow, reduce watched pairs
2026-02-23 00:51:20,504 [BLOCK] Block scan took 9.73s — too slow, reduce watched pairs
2026-02-23 00:51:31,414 [BLOCK] Block scan took 10.91s — too slow, reduce watched pairs
2026-02-23 00:51:40,575 [BLOCK] Block scan took 9.16s — too slow, reduce watched pairs
2026-02-23 00:51:51,240 [BLOCK] Block scan took 10.66s — too slow, reduce watched pairs
2026-02-23 00:52:00,460 [BLOCK] Block scan took 9.22s — too slow, reduce watched pairs
2026-02-23 00:52:11,311 [BLOCK] Block scan took 10.85s — too slow, reduce watched pairs
2026-02-23 00:52:20,688 [BLOCK] Block scan took 9.38s — too slow, reduce watched pairs
2026-02-23 00:52:33,157 [BLOCK] Block scan took 12.46s — too slow, reduce watched pairs
2026-02-23 00:52:43,104 [BLOCK] Block scan took 9.94s — too slow, reduce watched pairs
2026-02-23 00:52:53,065 [BLOCK] Block scan took 9.96s — too slow, reduce watched pairs
2026-02-23 00:52:53,137 [BLOCK] Block 42509200 | Watching 5 pairs
2026-02-23 00:53:03,156 [BLOCK] Block scan took 10.01s — too slow, reduce watched pairs
2026-02-23 00:53:12,850 [BLOCK] Block scan took 9.69s — too slow, reduce watched pairs
2026-02-23 00:53:22,492 [BLOCK] Block scan took 9.64s — too slow, reduce watched pairs
2026-02-23 00:53:33,212 [BLOCK] Block scan took 10.72s — too slow, reduce watched pairs
2026-02-23 00:53:43,701 [BLOCK] Wallet: 0xdc118c4e1284e61e4d5277936a64B9E08Ad9e7EE
2026-02-23 00:53:43,703 [BLOCK] Block watcher thread started
2026-02-23 00:53:43,852 [BLOCK] Subscribed to blocks via wss://base.drpc.org (sub_id: 0x6bc7245e2a5ecc1e99d5ed707192b22fcd1f244f)
2026-02-23 00:53:53,203 [BLOCK] Block scan took 9.22s — too slow, reduce watched pairs
2026-02-23 00:54:02,850 [BLOCK] Block scan took 9.64s — too slow, reduce watched pairs
2026-02-23 00:54:13,616 [BLOCK] Block scan took 10.77s — too slow, reduce watched pairs
2026-02-23 00:54:22,869 [BLOCK] Block scan took 9.25s — too slow, reduce watched pairs
2026-02-23 00:54:32,663 [BLOCK] Block scan took 9.79s — too slow, reduce watched pairs
2026-02-23 00:54:42,600 [BLOCK] Block scan took 9.94s — too slow, reduce watched pairs
2026-02-23 00:54:53,408 [BLOCK] Block scan took 10.80s — too slow, reduce watched pairs
2026-02-23 00:55:02,707 [BLOCK] Block scan took 9.30s — too slow, reduce watched pairs
2026-02-23 00:55:13,504 [BLOCK] Block scan took 10.80s — too slow, reduce watched pairs
2026-02-23 00:55:22,731 [BLOCK] Block scan took 9.23s — too slow, reduce watched pairs
2026-02-23 00:55:32,567 [BLOCK] Block scan took 9.83s — too slow, reduce watched pairs
2026-02-23 00:55:43,552 [BLOCK] Block scan took 10.98s — too slow, reduce watched pairs
2026-02-23 00:55:52,806 [BLOCK] Block scan took 9.25s — too slow, reduce watched pairs
2026-02-23 00:56:02,499 [BLOCK] Block scan took 9.69s — too slow, reduce watched pairs
2026-02-23 00:56:13,229 [BLOCK] Block scan took 10.73s — too slow, reduce watched pairs
2026-02-23 00:56:23,009 [BLOCK] Block scan took 9.78s — too slow, reduce watched pairs
2026-02-23 00:56:32,863 [BLOCK] Block scan took 9.85s — too slow, reduce watched pairs
2026-02-23 00:56:43,095 [BLOCK] Block scan took 10.23s — too slow, reduce watched pairs
2026-02-23 00:56:52,915 [BLOCK] Block scan took 9.82s — too slow, reduce watched pairs
2026-02-23 00:57:02,713 [BLOCK] Block scan took 9.80s — too slow, reduce watched pairs
2026-02-23 00:57:13,429 [BLOCK] Block scan took 10.72s — too slow, reduce watched pairs
2026-02-23 00:57:22,772 [BLOCK] Block scan took 9.34s — too slow, reduce watched pairs
2026-02-23 00:57:33,920 [BLOCK] Block scan took 11.15s — too slow, reduce watched pairs
2026-02-23 00:57:45,406 [BLOCK] Block scan took 11.48s — too slow, reduce watched pairs
2026-02-23 00:57:54,903 [BLOCK] Block scan took 9.49s — too slow, reduce watched pairs
2026-02-23 00:58:04,964 [BLOCK] Block scan took 10.06s — too slow, reduce watched pairs
2026-02-23 00:58:16,492 [BLOCK] Block scan took 11.53s — too slow, reduce watched pairs
2026-02-23 00:58:27,333 [BLOCK] Block scan took 10.84s — too slow, reduce watched pairs
2026-02-23 00:58:37,407 [BLOCK] Block scan took 10.07s — too slow, reduce watched pairs
2026-02-23 00:58:47,347 [BLOCK] Block scan took 9.94s — too slow, reduce watched pairs
2026-02-23 00:58:57,066 [BLOCK] Block scan took 9.71s — too slow, reduce watched pairs
2026-02-23 00:59:06,855 [BLOCK] Block scan took 9.79s — too slow, reduce watched pairs
2026-02-23 00:59:17,707 [BLOCK] Block scan took 10.85s — too slow, reduce watched pairs
2026-02-23 00:59:27,044 [BLOCK] Block scan took 9.34s — too slow, reduce watched pairs
2026-02-23 00:59:36,839 [BLOCK] Block scan took 9.80s — too slow, reduce watched pairs
2026-02-23 00:59:47,554 [BLOCK] Block scan took 10.71s — too slow, reduce watched pairs
2026-02-23 00:59:56,697 [BLOCK] Block scan took 9.14s — too slow, reduce watched pairs
2026-02-23 01:00:07,443 [BLOCK] Block scan took 10.75s — too slow, reduce watched pairs
2026-02-23 01:00:17,142 [BLOCK] Block scan took 9.70s — too slow, reduce watched pairs
2026-02-23 01:00:27,151 [BLOCK] Block scan took 10.01s — too slow, reduce watched pairs
2026-02-23 01:00:36,853 [BLOCK] Block scan took 9.70s — too slow, reduce watched pairs
2026-02-23 01:00:47,652 [BLOCK] Block scan took 10.80s — too slow, reduce watched pairs
2026-02-23 01:00:56,938 [BLOCK] Block scan took 9.28s — too slow, reduce watched pairs
2026-02-23 01:01:06,738 [BLOCK] Block scan took 9.80s — too slow, reduce watched pairs
2026-02-23 01:01:17,927 [BLOCK] Block scan took 11.19s — too slow, reduce watched pairs
2026-02-23 01:01:27,572 [BLOCK] Block scan took 9.64s — too slow, reduce watched pairs
2026-02-23 01:01:37,412 [BLOCK] Block scan took 9.84s — too slow, reduce watched pairs
2026-02-23 01:01:47,368 [BLOCK] Block scan took 9.96s — too slow, reduce watched pairs
2026-02-23 01:01:57,584 [BLOCK] Block scan took 10.22s — too slow, reduce watched pairs
2026-02-23 01:02:06,966 [BLOCK] Block scan took 9.38s — too slow, reduce watched pairs
2026-02-23 01:02:16,707 [BLOCK] Block scan took 9.74s — too slow, reduce watched pairs
2026-02-23 01:02:27,616 [BLOCK] Block scan took 10.91s — too slow, reduce watched pairs
2026-02-23 01:02:37,006 [BLOCK] Block scan took 9.39s — too slow, reduce watched pairs
2026-02-23 01:02:46,781 [BLOCK] Block scan took 9.77s — too slow, reduce watched pairs
2026-02-23 01:02:58,118 [BLOCK] Block scan took 11.34s — too slow, reduce watched pairs
2026-02-23 01:03:09,404 [BLOCK] Block scan took 11.29s — too slow, reduce watched pairs
2026-02-23 01:03:19,758 [BLOCK] Block scan took 10.35s — too slow, reduce watched pairs
2026-02-23 01:03:29,768 [BLOCK] Block scan took 10.01s — too slow, reduce watched pairs
2026-02-23 01:03:39,400 [BLOCK] Block scan took 9.63s — too slow, reduce watched pairs
2026-02-23 01:03:49,825 [BLOCK] Block scan took 10.42s — too slow, reduce watched pairs
2026-02-23 01:03:58,983 [BLOCK] Block scan took 9.16s — too slow, reduce watched pairs
2026-02-23 01:04:09,830 [BLOCK] Block scan took 10.85s — too slow, reduce watched pairs
2026-02-23 01:04:19,001 [BLOCK] Block scan took 9.17s — too slow, reduce watched pairs
2026-02-23 01:04:19,041 [BLOCK] Block 42509400 | Watching 5 pairs
2026-02-23 01:04:28,832 [BLOCK] Block scan took 9.79s — too slow, reduce watched pairs
2026-02-23 01:04:39,629 [BLOCK] Block scan took 10.80s — too slow, reduce watched pairs
2026-02-23 01:04:49,089 [BLOCK] Block scan took 9.46s — too slow, reduce watched pairs
2026-02-23 01:04:58,829 [BLOCK] Block scan took 9.74s — too slow, reduce watched pairs
2026-02-23 01:05:09,635 [BLOCK] Block scan took 10.81s — too slow, reduce watched pairs
2026-02-23 01:05:18,989 [BLOCK] Block scan took 9.35s — too slow, reduce watched pairs
2026-02-23 01:05:29,683 [BLOCK] Block scan took 10.69s — too slow, reduce watched pairs
2026-02-23 01:05:39,125 [BLOCK] Block scan took 9.44s — too slow, reduce watched pairs
2026-02-23 01:05:49,121 [BLOCK] Block scan took 9.99s — too slow, reduce watched pairs
2026-02-23 01:05:58,748 [BLOCK] Block scan took 9.62s — too slow, reduce watched pairs
2026-02-23 01:06:09,400 [BLOCK] Block scan took 10.65s — too slow, reduce watched pairs
2026-02-23 01:06:19,055 [BLOCK] Block scan took 9.66s — too slow, reduce watched pairs
2026-02-23 01:06:28,596 [BLOCK] Block scan took 9.54s — too slow, reduce watched pairs
2026-02-23 01:06:39,191 [BLOCK] Block scan took 10.59s — too slow, reduce watched pairs
2026-02-23 01:06:48,713 [BLOCK] Block scan took 9.52s — too slow, reduce watched pairs
2026-02-23 01:06:59,320 [BLOCK] Block scan took 10.61s — too slow, reduce watched pairs
2026-02-23 01:07:08,856 [BLOCK] Block scan took 9.54s — too slow, reduce watched pairs
2026-02-23 01:07:19,802 [BLOCK] Block scan took 10.94s — too slow, reduce watched pairs
2026-02-23 01:07:29,671 [BLOCK] Block scan took 9.87s — too slow, reduce watched pairs
2026-02-23 01:07:39,172 [BLOCK] Block scan took 9.50s — too slow, reduce watched pairs
2026-02-23 01:07:51,124 [BLOCK] Block scan took 11.95s — too slow, reduce watched pairs
2026-02-23 01:08:02,931 [BLOCK] Block scan took 11.80s — too slow, reduce watched pairs
2026-02-23 01:08:13,102 [BLOCK] Block scan took 10.17s — too slow, reduce watched pairs
2026-02-23 01:08:23,344 [BLOCK] Block scan took 10.24s — too slow, reduce watched pairs
2026-02-23 01:08:33,030 [BLOCK] Block scan took 9.69s — too slow, reduce watched pairs
2026-02-23 01:08:42,913 [BLOCK] Block scan took 9.88s — too slow, reduce watched pairs
2026-02-23 01:08:52,743 [BLOCK] Block scan took 9.83s — too slow, reduce watched pairs
2026-02-23 01:09:02,633 [BLOCK] Block scan took 9.89s — too slow, reduce watched pairs
2026-02-23 01:09:02,634 [BLOCK] WS error: no close frame received or sent
2026-02-23 01:09:02,634 [BLOCK] Rotated WS to wss://base-rpc.publicnode.com
2026-02-23 01:09:07,970 [BLOCK] Subscribed to blocks via wss://base-rpc.publicnode.com (sub_id: 0x3481b27d33a38c2cb59f49d8b4e8f26e)
2026-02-23 01:09:19,177 [BLOCK] Block scan took 9.81s — too slow, reduce watched pairs
2026-02-23 01:09:28,982 [BLOCK] Block scan took 9.80s — too slow, reduce watched pairs
2026-02-23 01:09:39,902 [BLOCK] Block scan took 10.92s — too slow, reduce watched pairs
2026-02-23 01:09:49,153 [BLOCK] Block scan took 9.25s — too slow, reduce watched pairs
2026-02-23 01:09:59,278 [BLOCK] Block scan took 10.12s — too slow, reduce watched pairs
2026-02-23 01:10:09,542 [BLOCK] Block scan took 10.25s — too slow, reduce watched pairs
2026-02-23 01:10:19,810 [BLOCK] Block scan took 10.26s — too slow, reduce watched pairs
2026-02-23 01:10:29,299 [BLOCK] Block scan took 9.48s — too slow, reduce watched pairs
2026-02-23 01:10:39,422 [BLOCK] Block scan took 10.12s — too slow, reduce watched pairs
2026-02-23 01:10:49,505 [BLOCK] Block scan took 10.08s — too slow, reduce watched pairs
2026-02-23 01:10:59,080 [BLOCK] Block scan took 9.58s — too slow, reduce watched pairs
2026-02-23 01:11:09,252 [BLOCK] Block scan took 10.17s — too slow, reduce watched pairs
2026-02-23 01:11:19,135 [BLOCK] Block scan took 9.88s — too slow, reduce watched pairs
2026-02-23 01:11:29,217 [BLOCK] Block scan took 10.08s — too slow, reduce watched pairs
2026-02-23 01:11:39,096 [BLOCK] Block scan took 9.88s — too slow, reduce watched pairs
2026-02-23 01:11:49,417 [BLOCK] Block scan took 10.32s — too slow, reduce watched pairs
2026-02-23 01:11:59,547 [BLOCK] Block scan took 10.13s — too slow, reduce watched pairs
2026-02-23 01:12:09,217 [BLOCK] Block scan took 9.67s — too slow, reduce watched pairs
2026-02-23 01:12:19,126 [BLOCK] Block scan took 9.91s — too slow, reduce watched pairs
2026-02-23 01:12:38,373 [BLOCK] Block scan took 19.25s — too slow, reduce watched pairs
2026-02-23 01:12:54,375 [BLOCK] Block scan took 16.00s — too slow, reduce watched pairs
2026-02-23 01:13:06,815 [BLOCK] Block scan took 12.44s — too slow, reduce watched pairs
2026-02-23 01:13:17,903 [BLOCK] Block scan took 11.08s — too slow, reduce watched pairs
2026-02-23 01:13:29,566 [BLOCK] Block scan took 11.66s — too slow, reduce watched pairs
2026-02-23 01:13:39,798 [BLOCK] Block scan took 10.23s — too slow, reduce watched pairs
2026-02-23 01:13:49,853 [BLOCK] Block scan took 10.04s — too slow, reduce watched pairs
2026-02-23 01:13:59,376 [BLOCK] Block scan took 9.52s — too slow, reduce watched pairs
2026-02-23 01:14:11,639 [BLOCK] Block scan took 12.26s — too slow, reduce watched pairs
2026-02-23 01:14:23,417 [BLOCK] Block scan took 11.77s — too slow, reduce watched pairs
2026-02-23 01:14:32,795 [BLOCK] Block scan took 9.38s — too slow, reduce watched pairs
2026-02-23 01:14:43,125 [BLOCK] Block scan took 10.33s — too slow, reduce watched pairs
2026-02-23 01:14:52,812 [BLOCK] Block scan took 9.68s — too slow, reduce watched pairs
2026-02-23 01:15:03,170 [BLOCK] Block scan took 10.36s — too slow, reduce watched pairs
2026-02-23 01:15:15,706 [BLOCK] Block scan took 12.54s — too slow, reduce watched pairs
2026-02-23 01:15:24,897 [BLOCK] Block scan took 9.19s — too slow, reduce watched pairs
2026-02-23 01:15:35,196 [BLOCK] Block scan took 10.29s — too slow, reduce watched pairs
2026-02-23 01:15:45,229 [BLOCK] Block scan took 10.03s — too slow, reduce watched pairs
2026-02-23 01:15:55,472 [BLOCK] Block scan took 10.24s — too slow, reduce watched pairs
2026-02-23 01:16:05,110 [BLOCK] Block scan took 9.64s — too slow, reduce watched pairs
2026-02-23 01:16:15,473 [BLOCK] Block scan took 10.36s — too slow, reduce watched pairs
2026-02-23 01:16:25,132 [BLOCK] Block scan took 9.66s — too slow, reduce watched pairs
2026-02-23 01:16:37,529 [BLOCK] Block scan took 12.40s — too slow, reduce watched pairs
2026-02-23 01:16:47,547 [BLOCK] Block scan took 10.02s — too slow, reduce watched pairs
2026-02-23 01:16:57,535 [BLOCK] Block scan took 9.99s — too slow, reduce watched pairs
2026-02-23 01:17:07,450 [BLOCK] Block scan took 9.91s — too slow, reduce watched pairs
2026-02-23 01:17:17,237 [BLOCK] Block scan took 9.79s — too slow, reduce watched pairs
2026-02-23 01:17:27,048 [BLOCK] Block scan took 9.80s — too slow, reduce watched pairs
2026-02-23 01:17:37,280 [BLOCK] Block scan took 10.23s — too slow, reduce watched pairs
2026-02-23 01:17:47,434 [BLOCK] Block scan took 10.15s — too slow, reduce watched pairs
2026-02-23 01:17:58,835 [BLOCK] Block scan took 11.40s — too slow, reduce watched pairs
2026-02-23 01:18:09,814 [BLOCK] Block scan took 10.98s — too slow, reduce watched pairs
2026-02-23 01:18:18,831 [BLOCK] Block scan took 9.02s — too slow, reduce watched pairs
2026-02-23 01:18:29,601 [BLOCK] Block scan took 10.77s — too slow, reduce watched pairs
2026-02-23 01:18:38,843 [BLOCK] Block scan took 9.24s — too slow, reduce watched pairs
2026-02-23 01:18:49,765 [BLOCK] Block scan took 10.92s — too slow, reduce watched pairs
2026-02-23 01:18:59,050 [BLOCK] Block scan took 9.28s — too slow, reduce watched pairs
2026-02-23 01:19:08,616 [BLOCK] Block scan took 9.56s — too slow, reduce watched pairs
2026-02-23 01:19:19,429 [BLOCK] Block scan took 10.81s — too slow, reduce watched pairs
2026-02-23 01:19:29,196 [BLOCK] Block scan took 9.77s — too slow, reduce watched pairs
2026-02-23 01:19:38,842 [BLOCK] Block scan took 9.65s — too slow, reduce watched pairs
2026-02-23 01:19:50,468 [BLOCK] Block scan took 11.63s — too slow, reduce watched pairs
2026-02-23 01:20:01,406 [BLOCK] Block scan took 10.94s — too slow, reduce watched pairs
2026-02-23 01:20:10,591 [BLOCK] Block scan took 9.18s — too slow, reduce watched pairs
2026-02-23 01:20:21,376 [BLOCK] Block scan took 10.78s — too slow, reduce watched pairs
2026-02-23 01:20:30,427 [BLOCK] Block scan took 9.05s — too slow, reduce watched pairs
2026-02-23 01:20:41,177 [BLOCK] Block scan took 10.75s — too slow, reduce watched pairs
2026-02-23 01:20:50,768 [BLOCK] Block scan took 9.59s — too slow, reduce watched pairs
2026-02-23 01:21:01,384 [BLOCK] Block scan took 10.62s — too slow, reduce watched pairs
2026-02-23 01:21:10,464 [BLOCK] Block scan took 9.08s — too slow, reduce watched pairs
2026-02-23 01:21:21,187 [BLOCK] Block scan took 10.72s — too slow, reduce watched pairs
2026-02-23 01:21:30,792 [BLOCK] Block scan took 9.60s — too slow, reduce watched pairs
2026-02-23 01:21:40,683 [BLOCK] Block scan took 9.89s — too slow, reduce watched pairs
2026-02-23 01:21:51,378 [BLOCK] Block scan took 10.69s — too slow, reduce watched pairs
2026-02-23 01:22:00,940 [BLOCK] Block scan took 9.56s — too slow, reduce watched pairs
2026-02-23 01:22:10,703 [BLOCK] Block scan took 9.76s — too slow, reduce watched pairs
2026-02-23 01:22:21,425 [BLOCK] Block scan took 10.72s — too slow, reduce watched pairs
2026-02-23 01:22:30,447 [BLOCK] Block scan took 9.02s — too slow, reduce watched pairs
2026-02-23 01:22:41,327 [BLOCK] Block scan took 10.88s — too slow, reduce watched pairs
2026-02-23 01:22:50,512 [BLOCK] Block scan took 9.18s — too slow, reduce watched pairs
2026-02-23 01:23:01,520 [BLOCK] Block scan took 11.01s — too slow, reduce watched pairs
2026-02-23 01:23:10,631 [BLOCK] Block scan took 9.10s — too slow, reduce watched pairs
2026-02-23 01:23:21,065 [BLOCK] Block scan took 10.43s — too slow, reduce watched pairs
2026-02-23 01:23:30,568 [BLOCK] Block scan took 9.50s — too slow, reduce watched pairs
2026-02-23 01:23:40,697 [BLOCK] Block scan took 10.13s — too slow, reduce watched pairs
2026-02-23 01:23:50,557 [BLOCK] Block scan took 9.86s — too slow, reduce watched pairs
2026-02-23 01:24:01,535 [BLOCK] Block scan took 10.98s — too slow, reduce watched pairs
2026-02-23 01:24:10,732 [BLOCK] Block scan took 9.19s — too slow, reduce watched pairs
2026-02-23 01:24:20,851 [BLOCK] Block scan took 10.12s — too slow, reduce watched pairs
2026-02-23 01:24:30,498 [BLOCK] Block scan took 9.65s — too slow, reduce watched pairs
2026-02-23 01:24:41,452 [BLOCK] Block scan took 10.95s — too slow, reduce watched pairs
2026-02-23 01:24:50,948 [BLOCK] Block scan took 9.49s — too slow, reduce watched pairs
2026-02-23 01:25:00,966 [BLOCK] Block scan took 10.01s — too slow, reduce watched pairs
2026-02-23 01:25:10,749 [BLOCK] Block scan took 9.78s — too slow, reduce watched pairs
2026-02-23 01:25:21,605 [BLOCK] Block scan took 10.86s — too slow, reduce watched pairs
2026-02-23 01:25:30,647 [BLOCK] Block scan took 9.04s — too slow, reduce watched pairs
2026-02-23 01:25:41,549 [BLOCK] Block scan took 10.90s — too slow, reduce watched pairs
2026-02-23 01:25:50,621 [BLOCK] Block scan took 9.07s — too slow, reduce watched pairs
2026-02-23 01:26:01,331 [BLOCK] Block scan took 10.71s — too slow, reduce watched pairs
2026-02-23 01:26:10,721 [BLOCK] Block scan took 9.39s — too slow, reduce watched pairs
2026-02-23 01:26:10,767 [BLOCK] Block 42509900 | Watching 5 pairs
2026-02-23 01:26:20,474 [BLOCK] Block scan took 9.71s — too slow, reduce watched pairs
2026-02-23 01:26:31,381 [BLOCK] Block scan took 10.91s — too slow, reduce watched pairs
2026-02-23 01:26:40,683 [BLOCK] Block scan took 9.30s — too slow, reduce watched pairs
2026-02-23 01:26:51,396 [BLOCK] Block scan took 10.71s — too slow, reduce watched pairs
2026-02-23 01:27:00,807 [BLOCK] Block scan took 9.41s — too slow, reduce watched pairs
2026-02-23 01:27:10,837 [BLOCK] Block scan took 10.02s — too slow, reduce watched pairs
2026-02-23 01:27:20,674 [BLOCK] Block scan took 9.83s — too slow, reduce watched pairs
2026-02-23 01:27:31,585 [BLOCK] Block scan took 10.91s — too slow, reduce watched pairs
2026-02-23 01:27:40,578 [BLOCK] Block scan took 8.99s — too slow, reduce watched pairs
2026-02-23 01:27:51,261 [BLOCK] Block scan took 10.68s — too slow, reduce watched pairs
2026-02-23 01:28:01,098 [BLOCK] Block scan took 9.84s — too slow, reduce watched pairs
2026-02-23 01:28:10,756 [BLOCK] Block scan took 9.66s — too slow, reduce watched pairs
2026-02-23 01:28:21,503 [BLOCK] Block scan took 10.75s — too slow, reduce watched pairs
2026-02-23 01:28:30,666 [BLOCK] Block scan took 9.16s — too slow, reduce watched pairs
2026-02-23 01:28:41,538 [BLOCK] Block scan took 10.87s — too slow, reduce watched pairs
2026-02-23 01:28:50,689 [BLOCK] Block scan took 9.15s — too slow, reduce watched pairs
2026-02-23 01:29:01,396 [BLOCK] Block scan took 10.71s — too slow, reduce watched pairs
2026-02-23 01:29:10,664 [BLOCK] Block scan took 9.27s — too slow, reduce watched pairs
2026-02-23 01:29:21,364 [BLOCK] Block scan took 10.70s — too slow, reduce watched pairs
2026-02-23 01:29:30,703 [BLOCK] Block scan took 9.34s — too slow, reduce watched pairs
2026-02-23 01:29:40,454 [BLOCK] Block scan took 9.75s — too slow, reduce watched pairs
2026-02-23 01:29:51,240 [BLOCK] Block scan took 10.79s — too slow, reduce watched pairs
2026-02-23 01:30:01,001 [BLOCK] Block scan took 9.76s — too slow, reduce watched pairs
2026-02-23 01:30:10,685 [BLOCK] Block scan took 9.68s — too slow, reduce watched pairs
2026-02-23 01:30:21,485 [BLOCK] Block scan took 10.80s — too slow, reduce watched pairs
2026-02-23 01:30:30,588 [BLOCK] Block scan took 9.10s — too slow, reduce watched pairs
2026-02-23 01:30:41,466 [BLOCK] Block scan took 10.88s — too slow, reduce watched pairs
2026-02-23 01:30:50,596 [BLOCK] Block scan took 9.13s — too slow, reduce watched pairs
2026-02-23 01:31:01,337 [BLOCK] Block scan took 10.74s — too slow, reduce watched pairs
2026-02-23 01:31:10,916 [BLOCK] Block scan took 9.57s — too slow, reduce watched pairs
2026-02-23 01:31:20,733 [BLOCK] Block scan took 9.82s — too slow, reduce watched pairs
2026-02-23 01:31:31,345 [BLOCK] Block scan took 10.61s — too slow, reduce watched pairs
2026-02-23 01:31:43,222 [BLOCK] Block scan took 11.88s — too slow, reduce watched pairs
2026-02-23 01:31:55,486 [BLOCK] Block scan took 12.26s — too slow, reduce watched pairs
2026-02-23 01:32:05,295 [BLOCK] Block scan took 9.81s — too slow, reduce watched pairs
2026-02-23 01:32:21,219 [BLOCK] Block scan took 15.92s — too slow, reduce watched pairs
2026-02-23 01:32:34,228 [BLOCK] Block scan took 13.01s — too slow, reduce watched pairs
2026-02-23 01:32:45,944 [BLOCK] Block scan took 11.70s — too slow, reduce watched pairs
2026-02-23 01:32:58,593 [BLOCK] Block scan took 12.65s — too slow, reduce watched pairs
2026-02-23 01:33:10,741 [BLOCK] Block scan took 12.15s — too slow, reduce watched pairs
2026-02-23 01:33:20,924 [BLOCK] Block scan took 10.18s — too slow, reduce watched pairs
2026-02-23 01:33:31,039 [BLOCK] Block scan took 10.12s — too slow, reduce watched pairs
2026-02-23 01:33:40,781 [BLOCK] Block scan took 9.74s — too slow, reduce watched pairs
2026-02-23 01:33:50,659 [BLOCK] Block scan took 9.88s — too slow, reduce watched pairs
2026-02-23 01:34:00,539 [BLOCK] Block scan took 9.88s — too slow, reduce watched pairs
2026-02-23 01:34:11,621 [BLOCK] Block scan took 11.08s — too slow, reduce watched pairs
2026-02-23 01:34:20,673 [BLOCK] Block scan took 9.05s — too slow, reduce watched pairs
2026-02-23 01:34:31,428 [BLOCK] Block scan took 10.75s — too slow, reduce watched pairs
2026-02-23 01:34:40,655 [BLOCK] Block scan took 9.23s — too slow, reduce watched pairs
2026-02-23 01:34:50,570 [BLOCK] Block scan took 9.91s — too slow, reduce watched pairs
2026-02-23 01:35:04,840 [BLOCK] Wallet: 0xdc118c4e1284e61e4d5277936a64B9E08Ad9e7EE
2026-02-23 01:35:04,845 [BLOCK] Block watcher thread started
2026-02-23 01:35:05,308 [BLOCK] Subscribed to blocks via wss://base.drpc.org (sub_id: 0x81516d69cd994a94142f6bbc93c694b4eeeb7d9a)
2026-02-23 01:35:14,809 [BLOCK] Block scan took 9.24s — too slow, reduce watched pairs
2026-02-23 01:35:25,656 [BLOCK] Block scan took 10.85s — too slow, reduce watched pairs
2026-02-23 01:35:36,088 [BLOCK] Block scan took 10.43s — too slow, reduce watched pairs
2026-02-23 01:35:47,231 [BLOCK] Block scan took 11.14s — too slow, reduce watched pairs
2026-02-23 01:35:57,117 [BLOCK] Block scan took 9.88s — too slow, reduce watched pairs
2026-02-23 01:36:06,958 [BLOCK] Block scan took 9.84s — too slow, reduce watched pairs
2026-02-23 01:36:16,915 [BLOCK] Block scan took 9.96s — too slow, reduce watched pairs
2026-02-23 01:36:27,179 [BLOCK] Block scan took 10.26s — too slow, reduce watched pairs
2026-02-23 01:36:36,864 [BLOCK] Block scan took 9.68s — too slow, reduce watched pairs
2026-02-23 01:36:47,832 [BLOCK] Block scan took 10.97s — too slow, reduce watched pairs
2026-02-23 01:36:56,774 [BLOCK] Block scan took 8.94s — too slow, reduce watched pairs
2026-02-23 01:37:08,027 [BLOCK] Block scan took 11.25s — too slow, reduce watched pairs
2026-02-23 01:37:19,072 [BLOCK] Block scan took 11.02s — too slow, reduce watched pairs
2026-02-23 01:37:28,836 [BLOCK] Block scan took 9.76s — too slow, reduce watched pairs
2026-02-23 01:37:39,425 [BLOCK] Block scan took 10.58s — too slow, reduce watched pairs
2026-02-23 01:37:49,165 [BLOCK] Block scan took 9.74s — too slow, reduce watched pairs
2026-02-23 01:37:58,872 [BLOCK] Block scan took 9.71s — too slow, reduce watched pairs
2026-02-23 01:38:09,583 [BLOCK] Block scan took 10.71s — too slow, reduce watched pairs
2026-02-23 01:38:18,792 [BLOCK] Block scan took 9.21s — too slow, reduce watched pairs
2026-02-23 01:38:30,667 [BLOCK] Block scan took 11.87s — too slow, reduce watched pairs
2026-02-23 01:38:41,703 [BLOCK] Block scan took 11.03s — too slow, reduce watched pairs
2026-02-23 01:38:50,464 [BLOCK] Block scan took 8.76s — too slow, reduce watched pairs
2026-02-23 01:38:50,504 [BLOCK] Block 42510600 | Watching 5 pairs
2026-02-23 01:39:01,477 [BLOCK] Block scan took 10.97s — too slow, reduce watched pairs
2026-02-23 01:39:10,757 [BLOCK] Block scan took 9.28s — too slow, reduce watched pairs
2026-02-23 01:39:21,552 [BLOCK] Block scan took 10.79s — too slow, reduce watched pairs
2026-02-23 01:39:30,755 [BLOCK] Block scan took 9.20s — too slow, reduce watched pairs
2026-02-23 01:39:41,383 [BLOCK] Block scan took 10.63s — too slow, reduce watched pairs
2026-02-23 01:39:50,611 [BLOCK] Block scan took 9.23s — too slow, reduce watched pairs
2026-02-23 01:40:01,295 [BLOCK] Block scan took 10.68s — too slow, reduce watched pairs
2026-02-23 01:40:10,985 [BLOCK] Block scan took 9.69s — too slow, reduce watched pairs
2026-02-23 01:40:20,639 [BLOCK] Block scan took 9.65s — too slow, reduce watched pairs
2026-02-23 01:40:31,446 [BLOCK] Block scan took 10.81s — too slow, reduce watched pairs
2026-02-23 01:40:40,528 [BLOCK] Block scan took 9.08s — too slow, reduce watched pairs
2026-02-23 01:40:50,492 [BLOCK] Block scan took 9.96s — too slow, reduce watched pairs
2026-02-23 01:41:01,542 [BLOCK] Block scan took 11.05s — too slow, reduce watched pairs
2026-02-23 01:41:10,671 [BLOCK] Block scan took 9.13s — too slow, reduce watched pairs
2026-02-23 01:41:20,592 [BLOCK] Block scan took 9.92s — too slow, reduce watched pairs
2026-02-23 01:41:31,647 [BLOCK] Block scan took 11.05s — too slow, reduce watched pairs
2026-02-23 01:41:40,683 [BLOCK] Block scan took 9.04s — too slow, reduce watched pairs
2026-02-23 01:41:50,920 [BLOCK] Block scan took 10.24s — too slow, reduce watched pairs
2026-02-23 01:42:01,036 [BLOCK] Block scan took 10.12s — too slow, reduce watched pairs
2026-02-23 01:42:10,746 [BLOCK] Block scan took 9.70s — too slow, reduce watched pairs
2026-02-23 01:42:21,443 [BLOCK] Block scan took 10.69s — too slow, reduce watched pairs
2026-02-23 01:42:30,528 [BLOCK] Block scan took 9.08s — too slow, reduce watched pairs
2026-02-23 01:42:41,261 [BLOCK] Block scan took 10.73s — too slow, reduce watched pairs
2026-02-23 01:42:50,815 [BLOCK] Block scan took 9.55s — too slow, reduce watched pairs
2026-02-23 01:43:00,633 [BLOCK] Block scan took 9.82s — too slow, reduce watched pairs
2026-02-23 01:43:10,498 [BLOCK] Block scan took 9.86s — too slow, reduce watched pairs
2026-02-23 01:43:20,854 [BLOCK] Block scan took 10.36s — too slow, reduce watched pairs
2026-02-23 01:43:30,884 [BLOCK] Block scan took 10.03s — too slow, reduce watched pairs
2026-02-23 01:43:41,346 [BLOCK] Block scan took 10.46s — too slow, reduce watched pairs
2026-02-23 01:43:50,660 [BLOCK] Block scan took 9.31s — too slow, reduce watched pairs
2026-02-23 01:44:01,160 [BLOCK] Block scan took 10.49s — too slow, reduce watched pairs
2026-02-23 01:44:10,981 [BLOCK] Block scan took 9.82s — too slow, reduce watched pairs
2026-02-23 01:44:20,724 [BLOCK] Block scan took 9.74s — too slow, reduce watched pairs
2026-02-23 01:44:31,597 [BLOCK] Block scan took 10.87s — too slow, reduce watched pairs
2026-02-23 01:44:43,274 [BLOCK] Block scan took 11.67s — too slow, reduce watched pairs
2026-02-23 01:44:52,840 [BLOCK] Block scan took 9.56s — too slow, reduce watched pairs
2026-02-23 01:45:03,749 [BLOCK] Block scan took 10.90s — too slow, reduce watched pairs
2026-02-23 01:45:15,415 [BLOCK] Block scan took 11.67s — too slow, reduce watched pairs
2026-02-23 01:45:25,109 [BLOCK] Block scan took 9.69s — too slow, reduce watched pairs
2026-02-23 01:45:35,168 [BLOCK] Block scan took 10.04s — too slow, reduce watched pairs
2026-02-23 01:45:45,110 [BLOCK] Block scan took 9.94s — too slow, reduce watched pairs
2026-02-23 01:45:54,888 [BLOCK] Block scan took 9.77s — too slow, reduce watched pairs
2026-02-23 01:46:06,823 [BLOCK] Block scan took 11.93s — too slow, reduce watched pairs
2026-02-23 01:46:17,594 [BLOCK] Block scan took 10.77s — too slow, reduce watched pairs
2026-02-23 01:46:27,234 [BLOCK] Block scan took 9.64s — too slow, reduce watched pairs
2026-02-23 01:46:37,190 [BLOCK] Block scan took 9.96s — too slow, reduce watched pairs
2026-02-23 01:46:47,253 [BLOCK] Block scan took 10.06s — too slow, reduce watched pairs
2026-02-23 01:46:57,130 [BLOCK] Block scan took 9.88s — too slow, reduce watched pairs
2026-02-23 01:47:07,071 [BLOCK] Block scan took 9.94s — too slow, reduce watched pairs
2026-02-23 01:47:17,037 [BLOCK] Block scan took 9.97s — too slow, reduce watched pairs
2026-02-23 01:47:28,113 [BLOCK] Block scan took 11.08s — too slow, reduce watched pairs
2026-02-23 01:48:05,274 [BLOCK] Block scan took 37.16s — too slow, reduce watched pairs
2026-02-23 01:48:55,205 [BLOCK] Block scan took 49.93s — too slow, reduce watched pairs
2026-02-23 01:49:36,814 [BLOCK] Block scan took 41.61s — too slow, reduce watched pairs
2026-02-23 01:50:48,341 [BLOCK] Block scan took 71.51s — too slow, reduce watched pairs
2026-02-23 01:51:10,864 [BLOCK] Block scan took 22.52s — too slow, reduce watched pairs
2026-02-23 01:51:21,094 [BLOCK] Block scan took 10.22s — too slow, reduce watched pairs
2026-02-23 01:51:48,635 [BLOCK] Block scan took 27.54s — too slow, reduce watched pairs
2026-02-23 01:51:59,637 [BLOCK] Block scan took 11.00s — too slow, reduce watched pairs
2026-02-23 01:52:11,005 [BLOCK] Block scan took 11.37s — too slow, reduce watched pairs
2026-02-23 01:52:21,405 [BLOCK] Block scan took 10.39s — too slow, reduce watched pairs
2026-02-23 01:52:33,657 [BLOCK] Block scan took 12.24s — too slow, reduce watched pairs
2026-02-23 01:52:45,337 [BLOCK] Block scan took 11.67s — too slow, reduce watched pairs
2026-02-23 01:52:55,607 [BLOCK] Block scan took 10.25s — too slow, reduce watched pairs
2026-02-23 01:53:05,190 [BLOCK] Block scan took 9.57s — too slow, reduce watched pairs
2026-02-23 01:53:15,393 [BLOCK] Block scan took 10.19s — too slow, reduce watched pairs
2026-02-23 01:53:26,245 [BLOCK] Block scan took 10.85s — too slow, reduce watched pairs
2026-02-23 01:53:38,395 [BLOCK] Block scan took 12.14s — too slow, reduce watched pairs
2026-02-23 01:53:52,697 [BLOCK] Block scan took 14.28s — too slow, reduce watched pairs
2026-02-23 01:54:04,590 [BLOCK] Block scan took 11.88s — too slow, reduce watched pairs
2026-02-23 01:54:16,468 [BLOCK] Block scan took 11.87s — too slow, reduce watched pairs
2026-02-23 01:54:31,101 [BLOCK] Block scan took 14.63s — too slow, reduce watched pairs
2026-02-23 01:54:40,793 [BLOCK] Block scan took 9.68s — too slow, reduce watched pairs
2026-02-23 01:54:52,945 [BLOCK] Block scan took 12.15s — too slow, reduce watched pairs
2026-02-23 01:55:03,202 [BLOCK] Block scan took 10.25s — too slow, reduce watched pairs
2026-02-23 01:55:12,986 [BLOCK] Block scan took 9.77s — too slow, reduce watched pairs
2026-02-23 01:55:23,054 [BLOCK] Block scan took 10.04s — too slow, reduce watched pairs
2026-02-23 01:55:33,003 [BLOCK] Block scan took 9.95s — too slow, reduce watched pairs
2026-02-23 01:55:42,799 [BLOCK] Block scan took 9.78s — too slow, reduce watched pairs
2026-02-23 01:55:53,374 [BLOCK] Block scan took 10.57s — too slow, reduce watched pairs
2026-02-23 01:56:04,046 [BLOCK] Wallet loaded: 0xdc118c4e1284e61e4d5277936a64B9E08Ad9e7EE
2026-02-23 01:56:04,063 [BLOCK] Wallet loaded: 0xdc118c4e1284e61e4d5277936a64B9E08Ad9e7EE
2026-02-23 01:56:04,070 [BLOCK] Wallet: 0xdc118c4e1284e61e4d5277936a64B9E08Ad9e7EE
2026-02-23 01:56:04,072 [BLOCK] Block watcher thread started
2026-02-23 01:56:04,556 [BLOCK] Subscribed to blocks via wss://base.drpc.org (sub_id: 0x275537cbce74cb6ec6a0e5ba94bfd6f05bc540e4)
2026-02-23 01:56:15,170 [BLOCK] Block scan took 10.32s — too slow, reduce watched pairs
2026-02-23 01:56:25,693 [BLOCK] Block scan took 10.52s — too slow, reduce watched pairs
2026-02-23 01:56:35,712 [BLOCK] Block scan took 10.02s — too slow, reduce watched pairs
2026-02-23 01:56:46,954 [BLOCK] Block scan took 11.24s — too slow, reduce watched pairs
2026-02-23 01:56:57,212 [BLOCK] Block scan took 10.24s — too slow, reduce watched pairs
2026-02-23 01:57:07,144 [BLOCK] Block scan took 9.92s — too slow, reduce watched pairs
2026-02-23 01:57:16,900 [BLOCK] Block scan took 9.75s — too slow, reduce watched pairs
2026-02-23 01:57:26,863 [BLOCK] Block scan took 9.96s — too slow, reduce watched pairs
2026-02-23 01:57:37,660 [BLOCK] Block scan took 10.80s — too slow, reduce watched pairs
2026-02-23 01:57:46,880 [BLOCK] Block scan took 9.22s — too slow, reduce watched pairs
2026-02-23 01:57:57,643 [BLOCK] Block scan took 10.76s — too slow, reduce watched pairs
2026-02-23 01:58:06,906 [BLOCK] Block scan took 9.26s — too slow, reduce watched pairs
2026-02-23 01:58:16,817 [BLOCK] Block scan took 9.91s — too slow, reduce watched pairs
2026-02-23 01:58:27,675 [BLOCK] Block scan took 10.86s — too slow, reduce watched pairs
2026-02-23 01:58:37,103 [BLOCK] Block scan took 9.41s — too slow, reduce watched pairs
2026-02-23 01:58:47,330 [BLOCK] Block scan took 10.22s — too slow, reduce watched pairs
2026-02-23 01:58:56,793 [BLOCK] Block scan took 9.44s — too slow, reduce watched pairs
2026-02-23 01:59:07,806 [BLOCK] Block scan took 11.01s — too slow, reduce watched pairs
2026-02-23 01:59:16,841 [BLOCK] Block scan took 9.04s — too slow, reduce watched pairs
2026-02-23 01:59:27,941 [BLOCK] Block scan took 11.10s — too slow, reduce watched pairs
2026-02-23 01:59:36,735 [BLOCK] Block scan took 8.79s — too slow, reduce watched pairs
2026-02-23 01:59:47,532 [BLOCK] Block scan took 10.80s — too slow, reduce watched pairs
2026-02-23 01:59:56,721 [BLOCK] Block scan took 9.19s — too slow, reduce watched pairs
2026-02-23 02:00:08,108 [BLOCK] Block scan took 11.38s — too slow, reduce watched pairs
2026-02-23 02:00:19,774 [BLOCK] Block scan took 11.67s — too slow, reduce watched pairs
2026-02-23 02:00:31,142 [BLOCK] Block scan took 11.37s — too slow, reduce watched pairs
2026-02-23 02:00:40,819 [BLOCK] Block scan took 9.68s — too slow, reduce watched pairs
2026-02-23 02:00:50,991 [BLOCK] Block scan took 10.17s — too slow, reduce watched pairs
2026-02-23 02:01:00,707 [BLOCK] Block scan took 9.72s — too slow, reduce watched pairs
2026-02-23 02:01:11,331 [BLOCK] Block scan took 10.62s — too slow, reduce watched pairs
2026-02-23 02:01:20,765 [BLOCK] Block scan took 9.43s — too slow, reduce watched pairs
2026-02-23 02:01:30,644 [BLOCK] Block scan took 9.87s — too slow, reduce watched pairs
2026-02-23 02:01:41,143 [BLOCK] Block scan took 10.50s — too slow, reduce watched pairs
2026-02-23 02:01:50,789 [BLOCK] Block scan took 9.64s — too slow, reduce watched pairs
2026-02-23 02:02:01,264 [BLOCK] Block scan took 10.47s — too slow, reduce watched pairs
2026-02-23 02:02:10,808 [BLOCK] Block scan took 9.54s — too slow, reduce watched pairs
2026-02-23 02:02:20,843 [BLOCK] Block scan took 10.03s — too slow, reduce watched pairs
2026-02-23 02:02:30,960 [BLOCK] Block scan took 10.11s — too slow, reduce watched pairs
2026-02-23 02:02:41,026 [BLOCK] Block scan took 10.06s — too slow, reduce watched pairs
2026-02-23 02:02:52,648 [BLOCK] Block scan took 11.62s — too slow, reduce watched pairs
2026-02-23 02:03:03,841 [BLOCK] Block scan took 11.19s — too slow, reduce watched pairs
2026-02-23 02:03:15,371 [BLOCK] Block scan took 11.51s — too slow, reduce watched pairs
2026-02-23 02:03:25,461 [BLOCK] Block scan took 10.09s — too slow, reduce watched pairs
2026-02-23 02:03:35,424 [BLOCK] Block scan took 9.96s — too slow, reduce watched pairs
2026-02-23 02:03:44,869 [BLOCK] Block scan took 9.44s — too slow, reduce watched pairs
2026-02-23 02:03:54,919 [BLOCK] Block scan took 10.05s — too slow, reduce watched pairs
2026-02-23 02:04:04,847 [BLOCK] Block scan took 9.93s — too slow, reduce watched pairs
2026-02-23 02:04:15,167 [BLOCK] Block scan took 10.32s — too slow, reduce watched pairs
2026-02-23 02:04:25,593 [BLOCK] Block scan took 10.43s — too slow, reduce watched pairs
2026-02-23 02:04:34,877 [BLOCK] Block scan took 9.28s — too slow, reduce watched pairs
2026-02-23 02:04:44,526 [BLOCK] Block scan took 9.65s — too slow, reduce watched pairs
2026-02-23 02:04:55,318 [BLOCK] Block scan took 10.79s — too slow, reduce watched pairs
2026-02-23 02:05:04,679 [BLOCK] Block scan took 9.36s — too slow, reduce watched pairs
2026-02-23 02:05:15,656 [BLOCK] Block scan took 10.97s — too slow, reduce watched pairs
2026-02-23 02:05:25,414 [BLOCK] Block scan took 9.76s — too slow, reduce watched pairs
2026-02-23 02:05:34,886 [BLOCK] Block scan took 9.47s — too slow, reduce watched pairs
2026-02-23 02:05:44,841 [BLOCK] Block scan took 9.95s — too slow, reduce watched pairs
2026-02-23 02:05:55,637 [BLOCK] Block scan took 10.80s — too slow, reduce watched pairs
2026-02-23 02:06:05,126 [BLOCK] Block scan took 9.49s — too slow, reduce watched pairs
2026-02-23 02:06:14,767 [BLOCK] Block scan took 9.64s — too slow, reduce watched pairs
2026-02-23 02:06:25,456 [BLOCK] Block scan took 10.69s — too slow, reduce watched pairs
2026-02-23 02:06:34,736 [BLOCK] Block scan took 9.28s — too slow, reduce watched pairs
2026-02-23 02:06:45,589 [BLOCK] Block scan took 10.85s — too slow, reduce watched pairs
2026-02-23 02:06:54,896 [BLOCK] Block scan took 9.31s — too slow, reduce watched pairs
2026-02-23 02:07:05,513 [BLOCK] Block scan took 10.62s — too slow, reduce watched pairs
2026-02-23 02:07:14,648 [BLOCK] Block scan took 9.13s — too slow, reduce watched pairs
2026-02-23 02:07:25,445 [BLOCK] Block scan took 10.80s — too slow, reduce watched pairs
2026-02-23 02:07:34,839 [BLOCK] Block scan took 9.39s — too slow, reduce watched pairs
2026-02-23 02:07:45,552 [BLOCK] Block scan took 10.71s — too slow, reduce watched pairs
2026-02-23 02:07:54,780 [BLOCK] Block scan took 9.23s — too slow, reduce watched pairs
2026-02-23 02:08:04,815 [BLOCK] Block scan took 10.03s — too slow, reduce watched pairs
2026-02-23 02:08:14,844 [BLOCK] Block scan took 10.03s — too slow, reduce watched pairs
2026-02-23 02:08:24,594 [BLOCK] Block scan took 9.75s — too slow, reduce watched pairs
2026-02-23 02:08:35,543 [BLOCK] Block scan took 10.95s — too slow, reduce watched pairs
2026-02-23 02:08:46,736 [BLOCK] Block scan took 11.19s — too slow, reduce watched pairs
2026-02-23 02:08:57,494 [BLOCK] Block scan took 10.76s — too slow, reduce watched pairs
2026-02-23 02:09:07,017 [BLOCK] Block scan took 9.52s — too slow, reduce watched pairs
2026-02-23 02:09:16,934 [BLOCK] Block scan took 9.92s — too slow, reduce watched pairs
2026-02-23 02:09:27,120 [BLOCK] Block scan took 10.18s — too slow, reduce watched pairs
2026-02-23 02:09:37,080 [BLOCK] Block scan took 9.96s — too slow, reduce watched pairs
2026-02-23 02:09:47,016 [BLOCK] Block scan took 9.93s — too slow, reduce watched pairs
2026-02-23 02:09:56,935 [BLOCK] Block scan took 9.92s — too slow, reduce watched pairs
2026-02-23 02:10:06,938 [BLOCK] Block scan took 10.00s — too slow, reduce watched pairs
2026-02-23 02:10:17,637 [BLOCK] Block scan took 10.70s — too slow, reduce watched pairs
2026-02-23 02:10:27,123 [BLOCK] Block scan took 9.48s — too slow, reduce watched pairs
2026-02-23 02:10:37,293 [BLOCK] Block scan took 10.16s — too slow, reduce watched pairs
2026-02-23 02:10:47,230 [BLOCK] Block scan took 9.94s — too slow, reduce watched pairs
2026-02-23 02:10:56,979 [BLOCK] Block scan took 9.75s — too slow, reduce watched pairs
2026-02-23 02:10:56,983 [BLOCK] WS error: sent 1011 (internal error) keepalive ping timeout; no close frame received
2026-02-23 02:10:56,984 [BLOCK] Rotated WS to wss://base-rpc.publicnode.com
2026-02-23 02:11:02,485 [BLOCK] Subscribed to blocks via wss://base-rpc.publicnode.com (sub_id: 0xccca4c69fa9aedaa0a8e0332c15fe8ff)
2026-02-23 02:11:13,192 [BLOCK] Block scan took 9.67s — too slow, reduce watched pairs
2026-02-23 02:11:23,004 [BLOCK] Block scan took 9.81s — too slow, reduce watched pairs
2026-02-23 02:11:32,779 [BLOCK] Block scan took 9.77s — too slow, reduce watched pairs
2026-02-23 02:11:43,526 [BLOCK] Block scan took 10.74s — too slow, reduce watched pairs
2026-02-23 02:11:52,640 [BLOCK] Block scan took 9.11s — too slow, reduce watched pairs
2026-02-23 02:12:04,106 [BLOCK] Block scan took 11.46s — too slow, reduce watched pairs
2026-02-23 02:12:16,294 [BLOCK] Block scan took 12.19s — too slow, reduce watched pairs
2026-02-23 02:12:27,209 [BLOCK] Block scan took 10.91s — too slow, reduce watched pairs
2026-02-23 02:12:36,872 [BLOCK] Block scan took 9.66s — too slow, reduce watched pairs
2026-02-23 02:12:47,133 [BLOCK] Block scan took 10.26s — too slow, reduce watched pairs
2026-02-23 02:12:57,195 [BLOCK] Block scan took 10.06s — too slow, reduce watched pairs
2026-02-23 02:13:07,195 [BLOCK] Block scan took 10.00s — too slow, reduce watched pairs
2026-02-23 02:13:16,882 [BLOCK] Block scan took 9.69s — too slow, reduce watched pairs
2026-02-23 02:13:27,721 [BLOCK] Block scan took 10.84s — too slow, reduce watched pairs
2026-02-23 02:13:39,195 [BLOCK] Block scan took 11.47s — too slow, reduce watched pairs
2026-02-23 02:13:50,855 [BLOCK] Block scan took 11.65s — too slow, reduce watched pairs
2026-02-23 02:14:00,808 [BLOCK] Block scan took 9.94s — too slow, reduce watched pairs
2026-02-23 02:14:10,980 [BLOCK] Block scan took 10.17s — too slow, reduce watched pairs
2026-02-23 02:14:20,752 [BLOCK] Block scan took 9.77s — too slow, reduce watched pairs
2026-02-23 02:14:32,809 [BLOCK] Block scan took 12.05s — too slow, reduce watched pairs
2026-02-23 02:14:43,087 [BLOCK] Block scan took 10.27s — too slow, reduce watched pairs
2026-02-23 02:14:52,930 [BLOCK] Block scan took 9.84s — too slow, reduce watched pairs
2026-02-23 02:15:02,842 [BLOCK] Block scan took 9.91s — too slow, reduce watched pairs
2026-02-23 02:15:12,887 [BLOCK] Block scan took 10.03s — too slow, reduce watched pairs
2026-02-23 02:15:22,780 [BLOCK] Block scan took 9.89s — too slow, reduce watched pairs
2026-02-23 02:15:33,901 [BLOCK] Block scan took 11.10s — too slow, reduce watched pairs
2026-02-23 02:15:44,884 [BLOCK] Block scan took 10.98s — too slow, reduce watched pairs
2026-02-23 02:15:54,679 [BLOCK] Block scan took 9.79s — too slow, reduce watched pairs
2026-02-23 02:16:05,612 [BLOCK] Block scan took 10.93s — too slow, reduce watched pairs
2026-02-23 02:16:14,998 [BLOCK] Block scan took 9.39s — too slow, reduce watched pairs
2026-02-23 02:16:24,962 [BLOCK] Block scan took 9.96s — too slow, reduce watched pairs
2026-02-23 02:16:34,895 [BLOCK] Block scan took 9.92s — too slow, reduce watched pairs
2026-02-23 02:16:44,642 [BLOCK] Block scan took 9.75s — too slow, reduce watched pairs
2026-02-23 02:16:55,572 [BLOCK] Block scan took 10.93s — too slow, reduce watched pairs
2026-02-23 02:17:04,850 [BLOCK] Block scan took 9.28s — too slow, reduce watched pairs
2026-02-23 02:17:14,833 [BLOCK] Block scan took 9.98s — too slow, reduce watched pairs
2026-02-23 02:17:25,684 [BLOCK] Block scan took 10.85s — too slow, reduce watched pairs
2026-02-23 02:17:34,721 [BLOCK] Block scan took 9.03s — too slow, reduce watched pairs
2026-02-23 02:17:45,418 [BLOCK] Block scan took 10.70s — too slow, reduce watched pairs
2026-02-23 02:17:54,950 [BLOCK] Block scan took 9.52s — too slow, reduce watched pairs
2026-02-23 02:18:04,750 [BLOCK] Block scan took 9.80s — too slow, reduce watched pairs
2026-02-23 02:18:15,672 [BLOCK] Block scan took 10.92s — too slow, reduce watched pairs
2026-02-23 02:18:15,711 [BLOCK] Block 42511700 | Watching 5 pairs
2026-02-23 02:18:24,814 [BLOCK] Block scan took 9.10s — too slow, reduce watched pairs
2026-02-23 02:18:35,526 [BLOCK] Block scan took 10.71s — too slow, reduce watched pairs
2026-02-23 02:18:47,001 [BLOCK] Block scan took 11.47s — too slow, reduce watched pairs
2026-02-23 02:18:59,915 [BLOCK] Block scan took 12.91s — too slow, reduce watched pairs
2026-02-23 02:19:09,346 [BLOCK] Block scan took 9.43s — too slow, reduce watched pairs
2026-02-23 02:19:19,186 [BLOCK] Block scan took 9.84s — too slow, reduce watched pairs
2026-02-23 02:19:29,280 [BLOCK] Block scan took 10.09s — too slow, reduce watched pairs
2026-02-23 02:19:39,262 [BLOCK] Block scan took 9.98s — too slow, reduce watched pairs
2026-02-23 02:19:49,424 [BLOCK] Block scan took 10.16s — too slow, reduce watched pairs
2026-02-23 02:19:59,139 [BLOCK] Block scan took 9.71s — too slow, reduce watched pairs
2026-02-23 02:20:08,917 [BLOCK] Block scan took 9.78s — too slow, reduce watched pairs
2026-02-23 02:20:19,632 [BLOCK] Block scan took 10.71s — too slow, reduce watched pairs
2026-02-23 02:20:28,943 [BLOCK] Block scan took 9.31s — too slow, reduce watched pairs
2026-02-23 02:20:39,286 [BLOCK] Block scan took 10.34s — too slow, reduce watched pairs
2026-02-23 02:20:49,012 [BLOCK] Block scan took 9.73s — too slow, reduce watched pairs
2026-02-23 02:20:58,809 [BLOCK] Block scan took 9.80s — too slow, reduce watched pairs
2026-02-23 02:21:09,649 [BLOCK] Block scan took 10.84s — too slow, reduce watched pairs
2026-02-23 02:21:18,850 [BLOCK] Block scan took 9.20s — too slow, reduce watched pairs
2026-02-23 02:21:29,526 [BLOCK] Block scan took 10.68s — too slow, reduce watched pairs
2026-02-23 02:21:39,283 [BLOCK] Block scan took 9.76s — too slow, reduce watched pairs
2026-02-23 02:21:49,153 [BLOCK] Block scan took 9.87s — too slow, reduce watched pairs
2026-02-23 02:21:58,728 [BLOCK] Block scan took 9.58s — too slow, reduce watched pairs
2026-02-23 02:22:09,321 [BLOCK] Block scan took 10.59s — too slow, reduce watched pairs
2026-02-23 02:22:19,059 [BLOCK] Block scan took 9.74s — too slow, reduce watched pairs
2026-02-23 02:22:28,815 [BLOCK] Block scan took 9.75s — too slow, reduce watched pairs
2026-02-23 02:22:39,540 [BLOCK] Block scan took 10.72s — too slow, reduce watched pairs
2026-02-23 02:22:48,784 [BLOCK] Block scan took 9.24s — too slow, reduce watched pairs
2026-02-23 02:22:59,789 [BLOCK] Block scan took 11.00s — too slow, reduce watched pairs
2026-02-23 02:23:08,979 [BLOCK] Block scan took 9.19s — too slow, reduce watched pairs
2026-02-23 02:23:19,588 [BLOCK] Block scan took 10.61s — too slow, reduce watched pairs
2026-02-23 02:23:28,850 [BLOCK] Block scan took 9.26s — too slow, reduce watched pairs
2026-02-23 02:23:39,765 [BLOCK] Block scan took 10.91s — too slow, reduce watched pairs
2026-02-23 02:23:50,747 [BLOCK] Block scan took 10.98s — too slow, reduce watched pairs
2026-02-23 02:24:00,885 [BLOCK] Block scan took 10.14s — too slow, reduce watched pairs
2026-02-23 02:24:10,699 [BLOCK] Block scan took 9.81s — too slow, reduce watched pairs
2026-02-23 02:24:20,773 [BLOCK] Block scan took 10.07s — too slow, reduce watched pairs
2026-02-23 02:24:30,924 [BLOCK] Block scan took 10.15s — too slow, reduce watched pairs
2026-02-23 02:24:40,777 [BLOCK] Block scan took 9.84s — too slow, reduce watched pairs
2026-02-23 02:24:51,373 [BLOCK] Block scan took 10.60s — too slow, reduce watched pairs
2026-02-23 02:25:00,524 [BLOCK] Block scan took 9.15s — too slow, reduce watched pairs
2026-02-23 02:25:11,269 [BLOCK] Block scan took 10.75s — too slow, reduce watched pairs
2026-02-23 02:25:20,812 [BLOCK] Block scan took 9.54s — too slow, reduce watched pairs
2026-02-23 02:25:31,452 [BLOCK] Block scan took 10.64s — too slow, reduce watched pairs
2026-02-23 02:25:40,571 [BLOCK] Block scan took 9.12s — too slow, reduce watched pairs
2026-02-23 02:25:51,149 [BLOCK] Block scan took 10.58s — too slow, reduce watched pairs
2026-02-23 02:26:00,664 [BLOCK] Block scan took 9.51s — too slow, reduce watched pairs
2026-02-23 02:26:11,380 [BLOCK] Block scan took 10.72s — too slow, reduce watched pairs
2026-02-23 02:26:21,018 [BLOCK] Block scan took 9.64s — too slow, reduce watched pairs
2026-02-23 02:26:30,537 [BLOCK] Block scan took 9.52s — too slow, reduce watched pairs
2026-02-23 02:26:41,099 [BLOCK] Block scan took 10.56s — too slow, reduce watched pairs
2026-02-23 02:26:50,717 [BLOCK] Block scan took 9.62s — too slow, reduce watched pairs
2026-02-23 02:27:01,300 [BLOCK] Block scan took 10.58s — too slow, reduce watched pairs
2026-02-23 02:27:10,988 [BLOCK] Block scan took 9.69s — too slow, reduce watched pairs
2026-02-23 02:27:20,672 [BLOCK] Block scan took 9.68s — too slow, reduce watched pairs
2026-02-23 02:27:31,386 [BLOCK] Block scan took 10.71s — too slow, reduce watched pairs
2026-02-23 02:27:40,611 [BLOCK] Block scan took 9.22s — too slow, reduce watched pairs
2026-02-23 02:27:51,363 [BLOCK] Block scan took 10.75s — too slow, reduce watched pairs
2026-02-23 02:28:01,002 [BLOCK] Block scan took 9.64s — too slow, reduce watched pairs
2026-02-23 02:28:10,623 [BLOCK] Block scan took 9.62s — too slow, reduce watched pairs
2026-02-23 02:28:20,423 [BLOCK] Block scan took 9.80s — too slow, reduce watched pairs
2026-02-23 02:28:31,112 [BLOCK] Block scan took 10.69s — too slow, reduce watched pairs
2026-02-23 02:28:40,875 [BLOCK] Block scan took 9.76s — too slow, reduce watched pairs
2026-02-23 02:28:50,542 [BLOCK] Block scan took 9.67s — too slow, reduce watched pairs
2026-02-23 02:29:01,243 [BLOCK] Block scan took 10.70s — too slow, reduce watched pairs
2026-02-23 02:29:10,414 [BLOCK] Block scan took 9.17s — too slow, reduce watched pairs
2026-02-23 02:29:21,220 [BLOCK] Block scan took 10.81s — too slow, reduce watched pairs
2026-02-23 02:29:30,870 [BLOCK] Block scan took 9.65s — too slow, reduce watched pairs
2026-02-23 02:29:40,603 [BLOCK] Block scan took 9.73s — too slow, reduce watched pairs
2026-02-23 02:29:51,552 [BLOCK] Block scan took 10.95s — too slow, reduce watched pairs
2026-02-23 02:30:02,686 [BLOCK] Block scan took 11.13s — too slow, reduce watched pairs
2026-02-23 02:30:13,209 [BLOCK] Block scan took 10.50s — too slow, reduce watched pairs
2026-02-23 02:30:22,603 [BLOCK] Block scan took 9.39s — too slow, reduce watched pairs
2026-02-23 02:30:33,189 [BLOCK] Block scan took 10.58s — too slow, reduce watched pairs
2026-02-23 02:30:43,059 [BLOCK] Block scan took 9.87s — too slow, reduce watched pairs
2026-02-23 02:30:53,253 [BLOCK] Block scan took 10.19s — too slow, reduce watched pairs
2026-02-23 02:31:03,100 [BLOCK] Block scan took 9.84s — too slow, reduce watched pairs
2026-02-23 02:31:12,803 [BLOCK] Block scan took 9.70s — too slow, reduce watched pairs
2026-02-23 02:31:22,734 [BLOCK] Block scan took 9.93s — too slow, reduce watched pairs
2026-02-23 02:31:32,523 [BLOCK] Block scan took 9.79s — too slow, reduce watched pairs
2026-02-23 02:31:43,249 [BLOCK] Block scan took 10.73s — too slow, reduce watched pairs
2026-02-23 02:31:52,936 [BLOCK] Block scan took 9.69s — too slow, reduce watched pairs
2026-02-23 02:32:02,549 [BLOCK] Block scan took 9.61s — too slow, reduce watched pairs
2026-02-23 02:32:13,417 [BLOCK] Block scan took 10.87s — too slow, reduce watched pairs
2026-02-23 02:32:22,699 [BLOCK] Block scan took 9.28s — too slow, reduce watched pairs
2026-02-23 02:32:33,486 [BLOCK] Block scan took 10.79s — too slow, reduce watched pairs
2026-02-23 02:32:42,660 [BLOCK] Block scan took 9.17s — too slow, reduce watched pairs
2026-02-23 02:32:53,480 [BLOCK] Block scan took 10.81s — too slow, reduce watched pairs
2026-02-23 02:33:02,678 [BLOCK] Block scan took 9.20s — too slow, reduce watched pairs
2026-02-23 02:33:13,548 [BLOCK] Block scan took 10.87s — too slow, reduce watched pairs
2026-02-23 02:33:22,679 [BLOCK] Block scan took 9.13s — too slow, reduce watched pairs
2026-02-23 02:33:33,390 [BLOCK] Block scan took 10.71s — too slow, reduce watched pairs
2026-02-23 02:33:42,711 [BLOCK] Block scan took 9.31s — too slow, reduce watched pairs
2026-02-23 02:33:53,335 [BLOCK] Block scan took 10.62s — too slow, reduce watched pairs
2026-02-23 02:34:03,144 [BLOCK] Block scan took 9.81s — too slow, reduce watched pairs
2026-02-23 02:34:12,949 [BLOCK] Block scan took 9.80s — too slow, reduce watched pairs
2026-02-23 02:34:22,618 [BLOCK] Block scan took 9.67s — too slow, reduce watched pairs
2026-02-23 02:34:33,302 [BLOCK] Block scan took 10.68s — too slow, reduce watched pairs
2026-02-23 02:34:42,870 [BLOCK] Block scan took 9.57s — too slow, reduce watched pairs
2026-02-23 02:34:52,442 [BLOCK] Block scan took 9.57s — too slow, reduce watched pairs
2026-02-23 02:35:03,319 [BLOCK] Block scan took 10.88s — too slow, reduce watched pairs
2026-02-23 02:35:03,402 [BLOCK] Block 42511800 | Watching 5 pairs
2026-02-23 02:35:12,497 [BLOCK] Block scan took 9.09s — too slow, reduce watched pairs
2026-02-23 02:35:23,235 [BLOCK] Block scan took 10.74s — too slow, reduce watched pairs
2026-02-23 02:35:32,825 [BLOCK] Block scan took 9.59s — too slow, reduce watched pairs
2026-02-23 02:35:42,546 [BLOCK] Block scan took 9.72s — too slow, reduce watched pairs
2026-02-23 02:35:52,779 [BLOCK] Block scan took 10.23s — too slow, reduce watched pairs
2026-02-23 02:36:03,638 [BLOCK] Block scan took 10.86s — too slow, reduce watched pairs
2026-02-23 02:36:12,642 [BLOCK] Block scan took 9.00s — too slow, reduce watched pairs
2026-02-23 02:36:23,491 [BLOCK] Block scan took 10.85s — too slow, reduce watched pairs
2026-02-23 02:36:32,736 [BLOCK] Block scan took 9.24s — too slow, reduce watched pairs
2026-02-23 02:36:43,440 [BLOCK] Block scan took 10.70s — too slow, reduce watched pairs
2026-02-23 02:36:52,586 [BLOCK] Block scan took 9.15s — too slow, reduce watched pairs
2026-02-23 02:37:03,326 [BLOCK] Block scan took 10.74s — too slow, reduce watched pairs
2026-02-23 02:37:12,490 [BLOCK] Block scan took 9.16s — too slow, reduce watched pairs
2026-02-23 02:37:23,552 [BLOCK] Block scan took 11.06s — too slow, reduce watched pairs
2026-02-23 02:37:32,910 [BLOCK] Block scan took 9.36s — too slow, reduce watched pairs
2026-02-23 02:37:44,768 [BLOCK] Block scan took 11.85s — too slow, reduce watched pairs
2026-02-23 02:37:55,601 [BLOCK] Block scan took 10.83s — too slow, reduce watched pairs
2026-02-23 02:38:06,789 [BLOCK] Block scan took 11.19s — too slow, reduce watched pairs
2026-02-23 02:38:19,557 [BLOCK] Block scan took 12.77s — too slow, reduce watched pairs
2026-02-23 02:38:28,953 [BLOCK] Block scan took 9.39s — too slow, reduce watched pairs
2026-02-23 02:38:39,841 [BLOCK] Block scan took 10.89s — too slow, reduce watched pairs
2026-02-23 02:38:49,253 [BLOCK] Block scan took 9.41s — too slow, reduce watched pairs
2026-02-23 02:38:59,143 [BLOCK] Block scan took 9.89s — too slow, reduce watched pairs
2026-02-23 02:39:09,018 [BLOCK] Block scan took 9.87s — too slow, reduce watched pairs
2026-02-23 02:39:19,066 [BLOCK] Block scan took 10.05s — too slow, reduce watched pairs
2026-02-23 02:39:29,227 [BLOCK] Block scan took 10.15s — too slow, reduce watched pairs
2026-02-23 02:39:39,141 [BLOCK] Block scan took 9.91s — too slow, reduce watched pairs
2026-02-23 02:39:49,168 [BLOCK] Block scan took 10.03s — too slow, reduce watched pairs
2026-02-23 02:39:59,277 [BLOCK] Block scan took 10.11s — too slow, reduce watched pairs
2026-02-23 02:40:09,371 [BLOCK] Block scan took 10.09s — too slow, reduce watched pairs
2026-02-23 02:40:19,516 [BLOCK] Block scan took 10.14s — too slow, reduce watched pairs
2026-02-23 02:40:28,964 [BLOCK] Block scan took 9.45s — too slow, reduce watched pairs
2026-02-23 02:40:39,418 [BLOCK] Block scan took 10.45s — too slow, reduce watched pairs
2026-02-23 02:40:49,420 [BLOCK] Block scan took 10.00s — too slow, reduce watched pairs
2026-02-23 02:40:59,278 [BLOCK] Block scan took 9.85s — too slow, reduce watched pairs
2026-02-23 02:41:09,985 [BLOCK] Block scan took 10.70s — too slow, reduce watched pairs
2026-02-23 02:41:19,243 [BLOCK] Block scan took 9.24s — too slow, reduce watched pairs
2026-02-23 02:41:29,066 [BLOCK] Block scan took 9.81s — too slow, reduce watched pairs
2026-02-23 02:41:39,018 [BLOCK] Block scan took 9.95s — too slow, reduce watched pairs
2026-02-23 02:41:49,097 [BLOCK] Block scan took 10.08s — too slow, reduce watched pairs
2026-02-23 02:41:59,546 [BLOCK] Block scan took 10.45s — too slow, reduce watched pairs
2026-02-23 02:42:09,012 [BLOCK] Block scan took 9.47s — too slow, reduce watched pairs
2026-02-23 02:42:18,996 [BLOCK] Block scan took 9.98s — too slow, reduce watched pairs
2026-02-23 02:42:31,527 [BLOCK] Block scan took 12.53s — too slow, reduce watched pairs
2026-02-23 02:42:42,879 [BLOCK] Block scan took 11.35s — too slow, reduce watched pairs
2026-02-23 02:42:53,333 [BLOCK] Block scan took 10.44s — too slow, reduce watched pairs
2026-02-23 02:43:02,951 [BLOCK] Block scan took 9.62s — too slow, reduce watched pairs
2026-02-23 02:43:13,140 [BLOCK] Block scan took 10.19s — too slow, reduce watched pairs
2026-02-23 02:43:23,246 [BLOCK] Block scan took 10.10s — too slow, reduce watched pairs
2026-02-23 02:43:34,898 [BLOCK] Block scan took 11.65s — too slow, reduce watched pairs
2026-02-23 02:43:45,039 [BLOCK] Block scan took 10.14s — too slow, reduce watched pairs
2026-02-23 02:43:54,750 [BLOCK] Block scan took 9.71s — too slow, reduce watched pairs
2026-02-23 02:44:05,556 [BLOCK] Block scan took 10.80s — too slow, reduce watched pairs
2026-02-23 02:44:15,141 [BLOCK] Block scan took 9.58s — too slow, reduce watched pairs
2026-02-23 02:44:25,753 [BLOCK] Block scan took 10.61s — too slow, reduce watched pairs
2026-02-23 02:44:34,797 [BLOCK] Block scan took 9.04s — too slow, reduce watched pairs
2026-02-23 02:44:44,871 [BLOCK] Block scan took 10.06s — too slow, reduce watched pairs
2026-02-23 02:44:54,768 [BLOCK] Block scan took 9.90s — too slow, reduce watched pairs
2026-02-23 02:45:05,833 [BLOCK] Block scan took 11.07s — too slow, reduce watched pairs
2026-02-23 02:45:16,971 [BLOCK] Block scan took 11.13s — too slow, reduce watched pairs
2026-02-23 02:45:26,989 [BLOCK] Block scan took 10.01s — too slow, reduce watched pairs
2026-02-23 02:45:37,163 [BLOCK] Block scan took 10.17s — too slow, reduce watched pairs
2026-02-23 02:45:47,196 [BLOCK] Block scan took 10.03s — too slow, reduce watched pairs
2026-02-23 02:45:57,101 [BLOCK] Block scan took 9.90s — too slow, reduce watched pairs
2026-02-23 02:46:06,973 [BLOCK] Block scan took 9.87s — too slow, reduce watched pairs
2026-02-23 02:46:17,061 [BLOCK] Block scan took 10.09s — too slow, reduce watched pairs
2026-02-23 02:46:27,226 [BLOCK] Block scan took 10.16s — too slow, reduce watched pairs
2026-02-23 02:46:37,048 [BLOCK] Block scan took 9.82s — too slow, reduce watched pairs
2026-02-23 02:46:47,071 [BLOCK] Block scan took 10.02s — too slow, reduce watched pairs
