2026-02-25T17:04:34.000Z [BRAINROT/CHESS] [strategy] Move 156: b1=Q+
2026-02-25T17:04:34.000Z [BRAINROT/CHESS] [strategy] Move 157: Kc6
2026-02-25T17:04:35.000Z [BRAINROT/CHESS] [strategy] Move 158: Qc1+
2026-02-25T17:04:36.000Z [BRAINROT/CHESS] [strategy] Move 159: Kd6
2026-02-25T17:04:37.000Z [BRAINROT/CHESS] [strategy] Move 160: Qc5#
2026-02-25T17:04:38.000Z [BRAINROT/CHESS] [strategy] GAME OVER: 0-1 (Black) in 160 moves
2026-02-25T17:04:38.000Z [BRAINROT/SYSTEM] [visual] /// MODE SWITCH — CYCLE 219 COMPLETE ///
2026-02-25T17:04:43.000Z [BRAINROT/SYSTEM] [visual] System load high — entering cooldown
2026-02-25T17:05:13.000Z [BRAINROT/SYSTEM] [visual] System load high — entering cooldown
2026-02-25T17:05:43.000Z [BRAINROT/SYSTEM] [visual] System load high — entering cooldown
2026-02-25T17:06:13.000Z [BRAINROT/SYSTEM] [visual] System load high — entering cooldown
2026-02-25T17:06:43.000Z [BRAINROT/SYSTEM] [visual] System load high — entering cooldown
2026-02-25T17:07:13.000Z [BRAINROT/SYSTEM] [visual] System load high — entering cooldown
2026-02-25T17:07:43.000Z [BRAINROT/SYSTEM] [visual] System load high — entering cooldown
2026-02-25T17:08:13.000Z [BRAINROT/SYSTEM] [visual] System load high — entering cooldown
2026-02-25T17:08:43.000Z [BRAINROT/SYSTEM] [visual] System load high — entering cooldown
2026-02-25T17:09:13.000Z [BRAINROT/SYSTEM] [visual] System load high — entering cooldown
2026-02-25T17:09:43.000Z [BRAINROT/SYSTEM] [visual] System load high — entering cooldown
2026-02-25T17:10:13.000Z [BRAINROT/SYSTEM] [visual] System load high — entering cooldown
2026-02-25T17:10:43.000Z [BRAINROT/SYSTEM] [visual] System load high — entering cooldown
