--- SCAN 2026-02-22T14:29:56Z ---
=== TIAMAT WALLET SCAN ===
Chain: Base (8453)
Wallet: 0xdc118c4e1284e61e4d5277936a64B9E08Ad9e7EE
ETH Balance: 0.0 ETH
USDC Balance: 10.000099
No pending/stuck txs
No recent incoming transfers
No arb spreads >0.1% found
---

--- SCAN 2026-02-23T19:43:03.735Z ---
=== TIAMAT WALLET SCAN ===
Chain: Base (8453)
RPC: https://base.drpc.org

ETH Balance: 0.004477147898330502 ETH
Tokens found: 1
  USDC: 10.000099 USDC

=== PENDING TX CHECK ===
Confirmed nonce: 9
Pending nonce: 9
Stuck txs: 0

=== RECENT TRANSFERS (last 10k blocks) ===
  No recent incoming transfers found

=== ARB SCAN ===
No significant spreads found right now

=== RAW WALLET DATA ===
{
  "address": "0xdc118c4e1284e61e4d5277936a64B9E08Ad9e7EE",
  "eth": 0.004477147898330502,
  "tokens": [
    {
      "name": "USDC",
      "symbol": "USDC",
      "balance": 10.000099,
      "raw": 10000099
    }
  ]
}
