
============================================================
DX TERMINAL SNAPSHOT — 2026-02-24T19:03:39.742525+00:00
Phase: DEPOSIT_PHASE — Trading starts in 1d 22h
============================================================
=== DX TERMINAL PRO — GAME MONITOR ===
Phase: DEPOSIT_PHASE — Trading starts in 1d 22h
Time: 2026-02-24 19:03 UTC

--- Agent: SURVIVOR ---
  Wallet: NOT_SET (DX_WALLET_KEY_1)

--- Agent: MOMENTUM ---
  Wallet: NOT_SET (DX_WALLET_KEY_2)

--- Agent: ALPHA ---
  Wallet: NOT_SET (DX_WALLET_KEY_3)

--- Agent: CONTRARIAN ---
  Wallet: NOT_SET (DX_WALLET_KEY_4)

--- Agent: REAPER ---
  Wallet: NOT_SET (DX_WALLET_KEY_5)

Last check: 2026-02-24T18:59:01.222304+00:00
============================================================

--- STATUS 2026-02-24T22:28:52.788Z ---
=== DX TERMINAL PRO — GAME MONITOR ===
Phase: DEPOSIT_PHASE — Trading starts in 1d 19h
Time: 2026-02-24 22:28 UTC

--- Agent: MOMENTUM ---
  Wallet: NOT_SET (DX_WALLET_KEY_1)

Last check: 2026-02-24T19:03:39.861325+00:00

--- STATUS 2026-02-25T04:30:42.681Z ---
=== DX TERMINAL PRO — GAME MONITOR ===
Phase: DEPOSIT_PHASE — Trading starts in 1d 13h
Time: 2026-02-25 04:30 UTC

--- Agent: MOMENTUM ---
  Wallet: NOT_SET (DX_WALLET_KEY_1)

Last check: 2026-02-24T22:28:52.524389+00:00

--- STATUS 2026-02-25T15:40:41.788Z ---
=== DX TERMINAL PRO — GAME MONITOR ===
Phase: DEPOSIT_PHASE — Trading starts in 1d 2h
Time: 2026-02-25 15:40 UTC

--- Agent: MOMENTUM ---
  Wallet: NOT_SET (DX_WALLET_KEY_1)

Last check: 2026-02-25T04:30:40.661168+00:00

--- STATUS 2026-02-25T17:33:57.293Z ---
=== DX TERMINAL PRO — GAME MONITOR ===
Phase: DEPOSIT_PHASE — Trading starts in 1d 0h
Time: 2026-02-25 17:33 UTC

--- Agent: MOMENTUM ---
  Wallet: NOT_SET (DX_WALLET_KEY_1)

Last check: 2026-02-25T15:40:41.516328+00:00

--- STATUS 2026-02-26T00:28:28.546Z ---
=== DX TERMINAL PRO — GAME MONITOR ===
Phase: DEPOSIT_PHASE — Trading starts in 0d 17h
Time: 2026-02-26 00:28 UTC

--- Agent: MOMENTUM ---
  Wallet: NOT_SET (DX_WALLET_KEY_1)

Last check: 2026-02-25T17:33:56.965328+00:00

--- STATUS 2026-02-26T03:08:23.085Z ---
=== DX TERMINAL PRO — GAME MONITOR ===
Phase: DEPOSIT_PHASE — Trading starts in 0d 14h
Time: 2026-02-26 03:08 UTC

--- Agent: MOMENTUM ---
  Wallet: NOT_SET (DX_WALLET_KEY_1)

Last check: 2026-02-26T00:28:28.276463+00:00

--- PORTFOLIO 2026-02-26T20:56:35.580Z ---
No vault — set DX_TERMINAL_PRIVATE_KEY in .env

--- LEADERBOARD 2026-02-26T20:56:36.092Z ---
No leaderboard data

--- PORTFOLIO 2026-02-26T21:43:50.698Z ---
No vault — set DX_TERMINAL_PRIVATE_KEY in .env

--- LEADERBOARD 2026-02-26T21:43:50.775Z ---
No leaderboard data

--- STRATEGIES 2026-02-26T21:43:50.776Z ---
No vault — set DX_TERMINAL_PRIVATE_KEY in .env

--- PORTFOLIO 2026-02-26T22:32:18.705Z ---
No vault — set DX_TERMINAL_PRIVATE_KEY in .env

--- PORTFOLIO 2026-02-26T23:37:53.057Z ---
No vault — set DX_TERMINAL_PRIVATE_KEY in .env

--- LEADERBOARD 2026-02-26T23:37:53.286Z ---
No leaderboard data

--- PORTFOLIO 2026-02-26T23:50:04.123Z ---
No vault — set DX_TERMINAL_PRIVATE_KEY in .env

--- PORTFOLIO 2026-02-27T00:17:57.939Z ---
No vault — set DX_TERMINAL_PRIVATE_KEY in .env

--- LEADERBOARD 2026-02-27T00:21:21.828Z ---
No leaderboard data

--- SWAPS 2026-02-27T00:23:34.048Z ---
No vault — set DX_TERMINAL_PRIVATE_KEY in .env
