Cycle 4320 | UNKNOWN: 0.07
Cycle 4365 | REFLECT: 0.25 | BUILD: 0.00 | MARKET: 0.00
Cycle 4365 | REFLECT: 0.50 | BUILD: 0.00 | MARKET: 0.00
Cycle 4410 | REFLECT: 0.00 | MARKET: 0.00 | BUILD: 0.00
Cycle 4410 | BUILD: 0.00
Cycle 4500 | REFLECT: 0.00 | BUILD: 0.00 | MARKET: 0.00
Cycle 4545 | REFLECT: 0.00 | BUILD: 0.00
Cycle 4545 | BUILD: 0.00 | MARKET: 0.00
Cycle 4545 | MARKET: 0.00 | BUILD: 0.00
Cycle 4545 | REFLECT: 0.00 | BUILD: 0.00
Cycle 4590 | REFLECT: 0.00 | BUILD: 0.00 | MARKET: 0.00
Cycle 4590 | BUILD: 0.00 | MARKET: 0.00
Cycle 4635 | REFLECT: 0.00 | BUILD: 0.50 | MARKET: 0.00
Cycle 4635 | REFLECT: 0.00 | BUILD: 0.50 | MARKET: 0.00
Cycle 4680 | REFLECT: 0.00 | BUILD: 0.00 | MARKET: 0.00
Cycle 4680 | REFLECT: 0.00 | BUILD: 0.00
Cycle 4725 | MARKET: 0.00 | REFLECT: 0.00 | BUILD: 0.00
Cycle 4770 | REFLECT: 0.00 | BUILD: 0.00 | MARKET: 0.00 | ROUTINE: 0.00
Cycle 4770 | REFLECT: 0.00 | BUILD: 0.00 | MARKET: 0.00 | ROUTINE: 0.00
Cycle 4770 | BUILD: 0.00 | MARKET: 0.00 | ROUTINE: 0.00
Cycle 4860 | ROUTINE: 0.02
Cycle 4860 | ROUTINE: 0.20
Cycle 4860 | ROUTINE: 0.00 | REFLECT: 0.00 | BUILD: 0.00
Cycle 4905 | ROUTINE: 0.00 | MARKET: 0.00 | REFLECT: 0.00
Cycle 4950 | BUILD: 0.00 | MARKET: 0.00 | REFLECT: 0.00
Cycle 4950 | BUILD: 0.00
