2026-02-23 02:03:06,215 [REBALANCE] LI.FI quote failed: 400 — {"message":"/fromAddress Invalid extended address. Only UTXO chains support multiple addresses.","code":1011}
2026-02-23 02:04:27,541 [REBALANCE] ==================================================
2026-02-23 02:04:27,542 [REBALANCE] REBALANCE CHECK STARTING
2026-02-23 02:04:31,888 [REBALANCE]   Base        : 0.000000 ETH | 0.00 USDC | min: 0.001 | LOW
2026-02-23 02:04:31,888 [REBALANCE]   Arbitrum    : 0.000000 ETH | 0.00 USDC | min: 0.0008 | LOW
2026-02-23 02:04:31,888 [REBALANCE]   Optimism    : 0.000000 ETH | 0.00 USDC | min: 0.001 | LOW
2026-02-23 02:04:31,890 [REBALANCE]   Ethereum    : 0.000000 ETH | 0.00 USDC | min: 0.005 | LOW
2026-02-23 02:04:31,890 [REBALANCE] 4 chain(s) need rebalancing
2026-02-23 02:04:32,170 [REBALANCE] Base needs 0.002000 ETH (has 0.000000, target 0.002)
2026-02-23 02:04:35,376 [REBALANCE] No funding source available for Base
2026-02-23 02:04:36,098 [REBALANCE] Arbitrum needs 0.002000 ETH (has 0.000000, target 0.002)
2026-02-23 02:04:39,961 [REBALANCE] No funding source available for Arbitrum
2026-02-23 02:04:40,819 [REBALANCE] Optimism needs 0.002000 ETH (has 0.000000, target 0.002)
2026-02-23 02:04:44,513 [REBALANCE] No funding source available for Optimism
2026-02-23 02:04:45,332 [REBALANCE] Skipping Ethereum mainnet auto-rebalance (manual only)
2026-02-23 02:04:45,811 [REBALANCE] REBALANCE CHECK COMPLETE
2026-02-23 02:04:45,812 [REBALANCE] ==================================================
2026-02-23 04:52:44,763 [REBALANCE] ==================================================
2026-02-23 04:52:44,766 [REBALANCE] REBALANCE CHECK STARTING
2026-02-23 04:52:46,679 [REBALANCE]   Base        : 0.000000 ETH | 0.00 USDC | min: 0.001 | LOW
2026-02-23 04:52:46,680 [REBALANCE]   Arbitrum    : 0.000000 ETH | 0.00 USDC | min: 0.0008 | LOW
2026-02-23 04:52:46,680 [REBALANCE]   Optimism    : 0.000000 ETH | 0.00 USDC | min: 0.001 | LOW
2026-02-23 04:52:46,680 [REBALANCE]   Ethereum    : 0.000000 ETH | 0.00 USDC | min: 0.005 | LOW
2026-02-23 04:52:46,680 [REBALANCE] 4 chain(s) need rebalancing
2026-02-23 04:52:46,823 [REBALANCE] Base needs 0.002000 ETH (has 0.000000, target 0.002)
2026-02-23 04:52:48,080 [REBALANCE] No funding source available for Base
2026-02-23 04:52:48,693 [REBALANCE] Arbitrum needs 0.002000 ETH (has 0.000000, target 0.002)
2026-02-23 04:52:50,291 [REBALANCE] No funding source available for Arbitrum
2026-02-23 04:52:51,038 [REBALANCE] Optimism needs 0.002000 ETH (has 0.000000, target 0.002)
2026-02-23 04:52:51,953 [REBALANCE] No funding source available for Optimism
2026-02-23 04:52:52,472 [REBALANCE] Skipping Ethereum mainnet auto-rebalance (manual only)
2026-02-23 04:52:52,970 [REBALANCE] REBALANCE CHECK COMPLETE
2026-02-23 04:52:52,973 [REBALANCE] ==================================================
2026-02-23 14:05:25,587 [REBALANCE] ==================================================
2026-02-23 14:05:25,588 [REBALANCE] REBALANCE CHECK STARTING
2026-02-23 14:05:28,704 [REBALANCE]   Base        : 0.004499 ETH | 10.00 USDC | min: 0.001 | OK
2026-02-23 14:05:28,705 [REBALANCE]   Arbitrum    : 0.000000 ETH | 0.00 USDC | min: 0.0008 | LOW
2026-02-23 14:05:28,705 [REBALANCE]   Optimism    : 0.000000 ETH | 0.00 USDC | min: 0.001 | LOW
2026-02-23 14:05:28,705 [REBALANCE]   Ethereum    : 0.000000 ETH | 0.00 USDC | min: 0.005 | LOW
2026-02-23 14:05:28,705 [REBALANCE] 3 chain(s) need rebalancing
2026-02-23 14:05:29,179 [REBALANCE] Arbitrum needs 0.002000 ETH (has 0.000000, target 0.002)
2026-02-23 14:05:33,555 [REBALANCE] Best source: Base via usdc_to_eth
2026-02-23 14:05:33,559 [REBALANCE] Swapping 5.60 USDC on Base -> ETH on Arbitrum
2026-02-23 14:05:36,829 [REBALANCE] Quote: receive ~0.002901 ETH, duration ~2s
2026-02-23 14:05:37,257 [REBALANCE] REBALANCE TX SENT: 7b3bafa6e14e29fdb41a03f43f9f4cbbb0ab718e3e02bc6b0705eec7935ef6e1
2026-02-23 14:05:37,423 [REBALANCE] REBALANCE TX REVERTED: 7b3bafa6e14e29fdb41a03f43f9f4cbbb0ab718e3e02bc6b0705eec7935ef6e1
2026-02-23 14:05:38,255 [REBALANCE] Optimism needs 0.002000 ETH (has 0.000000, target 0.002)
2026-02-23 14:05:39,893 [REBALANCE] Best source: Base via usdc_to_eth
2026-02-23 14:05:39,896 [REBALANCE] Swapping 5.60 USDC on Base -> ETH on Optimism
2026-02-23 14:05:42,649 [REBALANCE] Quote: receive ~0.002906 ETH, duration ~2s
2026-02-23 14:05:43,385 [REBALANCE] REBALANCE TX SENT: 03a30875f5fc46ff0b37ed60e8c521d21038782045a9ff954179e7eb3abe93dd
2026-02-23 14:05:43,588 [REBALANCE] REBALANCE TX REVERTED: 03a30875f5fc46ff0b37ed60e8c521d21038782045a9ff954179e7eb3abe93dd
2026-02-23 14:05:43,588 [REBALANCE] Skipping Ethereum mainnet auto-rebalance (manual only)
2026-02-23 14:05:44,068 [REBALANCE] REBALANCE CHECK COMPLETE
2026-02-23 14:05:44,070 [REBALANCE] ==================================================
