2026-02-22 21:18:43,709 [INFO] apscheduler.scheduler: Adding job tentatively -- it will be properly scheduled when the scheduler starts
2026-02-22 21:18:43,710 [INFO] tiamat-assistant: TIAMAT Personal Assistant bot starting...
2026-02-22 21:18:44,034 [INFO] httpx: HTTP Request: POST https://api.telegram.org/bot8391627188:AAHrr7vUmlPh3mI7CGJjrK7NOlXXpRU-nR4/getMe "HTTP/1.1 200 OK"
2026-02-22 21:18:44,134 [INFO] httpx: HTTP Request: POST https://api.telegram.org/bot8391627188:AAHrr7vUmlPh3mI7CGJjrK7NOlXXpRU-nR4/deleteWebhook "HTTP/1.1 200 OK"
2026-02-22 21:18:44,137 [INFO] apscheduler.scheduler: Added job "daily_briefings" to job store "default"
2026-02-22 21:18:44,137 [INFO] apscheduler.scheduler: Scheduler started
2026-02-22 21:18:44,137 [INFO] telegram.ext.Application: Application started
2026-02-22 21:18:54,412 [INFO] httpx: HTTP Request: POST https://api.telegram.org/bot8391627188:AAHrr7vUmlPh3mI7CGJjrK7NOlXXpRU-nR4/getUpdates "HTTP/1.1 200 OK"
2026-02-22 21:19:04,503 [INFO] httpx: HTTP Request: POST https://api.telegram.org/bot8391627188:AAHrr7vUmlPh3mI7CGJjrK7NOlXXpRU-nR4/getUpdates "HTTP/1.1 200 OK"
2026-02-22 21:19:14,594 [INFO] httpx: HTTP Request: POST https://api.telegram.org/bot8391627188:AAHrr7vUmlPh3mI7CGJjrK7NOlXXpRU-nR4/getUpdates "HTTP/1.1 200 OK"
2026-02-22 21:19:24,685 [INFO] httpx: HTTP Request: POST https://api.telegram.org/bot8391627188:AAHrr7vUmlPh3mI7CGJjrK7NOlXXpRU-nR4/getUpdates "HTTP/1.1 200 OK"
2026-02-22 21:19:34,777 [INFO] httpx: HTTP Request: POST https://api.telegram.org/bot8391627188:AAHrr7vUmlPh3mI7CGJjrK7NOlXXpRU-nR4/getUpdates "HTTP/1.1 200 OK"
2026-02-22 21:19:44,879 [INFO] httpx: HTTP Request: POST https://api.telegram.org/bot8391627188:AAHrr7vUmlPh3mI7CGJjrK7NOlXXpRU-nR4/getUpdates "HTTP/1.1 200 OK"
2026-02-22 21:19:54,988 [INFO] httpx: HTTP Request: POST https://api.telegram.org/bot8391627188:AAHrr7vUmlPh3mI7CGJjrK7NOlXXpRU-nR4/getUpdates "HTTP/1.1 200 OK"
2026-02-22 21:20:05,079 [INFO] httpx: HTTP Request: POST https://api.telegram.org/bot8391627188:AAHrr7vUmlPh3mI7CGJjrK7NOlXXpRU-nR4/getUpdates "HTTP/1.1 200 OK"
2026-02-22 21:20:15,172 [INFO] httpx: HTTP Request: POST https://api.telegram.org/bot8391627188:AAHrr7vUmlPh3mI7CGJjrK7NOlXXpRU-nR4/getUpdates "HTTP/1.1 200 OK"
2026-02-22 21:20:25,264 [INFO] httpx: HTTP Request: POST https://api.telegram.org/bot8391627188:AAHrr7vUmlPh3mI7CGJjrK7NOlXXpRU-nR4/getUpdates "HTTP/1.1 200 OK"
2026-02-22 21:20:35,356 [INFO] httpx: HTTP Request: POST https://api.telegram.org/bot8391627188:AAHrr7vUmlPh3mI7CGJjrK7NOlXXpRU-nR4/getUpdates "HTTP/1.1 200 OK"
2026-02-22 21:20:45,448 [INFO] httpx: HTTP Request: POST https://api.telegram.org/bot8391627188:AAHrr7vUmlPh3mI7CGJjrK7NOlXXpRU-nR4/getUpdates "HTTP/1.1 200 OK"
2026-02-22 21:20:55,540 [INFO] httpx: HTTP Request: POST https://api.telegram.org/bot8391627188:AAHrr7vUmlPh3mI7CGJjrK7NOlXXpRU-nR4/getUpdates "HTTP/1.1 200 OK"
2026-02-22 21:21:05,631 [INFO] httpx: HTTP Request: POST https://api.telegram.org/bot8391627188:AAHrr7vUmlPh3mI7CGJjrK7NOlXXpRU-nR4/getUpdates "HTTP/1.1 200 OK"
2026-02-22 21:21:15,722 [INFO] httpx: HTTP Request: POST https://api.telegram.org/bot8391627188:AAHrr7vUmlPh3mI7CGJjrK7NOlXXpRU-nR4/getUpdates "HTTP/1.1 200 OK"
2026-02-22 21:21:25,814 [INFO] httpx: HTTP Request: POST https://api.telegram.org/bot8391627188:AAHrr7vUmlPh3mI7CGJjrK7NOlXXpRU-nR4/getUpdates "HTTP/1.1 200 OK"
2026-02-22 21:21:35,905 [INFO] httpx: HTTP Request: POST https://api.telegram.org/bot8391627188:AAHrr7vUmlPh3mI7CGJjrK7NOlXXpRU-nR4/getUpdates "HTTP/1.1 200 OK"
2026-02-22 21:21:45,996 [INFO] httpx: HTTP Request: POST https://api.telegram.org/bot8391627188:AAHrr7vUmlPh3mI7CGJjrK7NOlXXpRU-nR4/getUpdates "HTTP/1.1 200 OK"
2026-02-22 21:21:56,086 [INFO] httpx: HTTP Request: POST https://api.telegram.org/bot8391627188:AAHrr7vUmlPh3mI7CGJjrK7NOlXXpRU-nR4/getUpdates "HTTP/1.1 200 OK"
2026-02-22 21:22:06,176 [INFO] httpx: HTTP Request: POST https://api.telegram.org/bot8391627188:AAHrr7vUmlPh3mI7CGJjrK7NOlXXpRU-nR4/getUpdates "HTTP/1.1 200 OK"
2026-02-22 21:22:16,268 [INFO] httpx: HTTP Request: POST https://api.telegram.org/bot8391627188:AAHrr7vUmlPh3mI7CGJjrK7NOlXXpRU-nR4/getUpdates "HTTP/1.1 200 OK"
2026-02-22 21:22:26,359 [INFO] httpx: HTTP Request: POST https://api.telegram.org/bot8391627188:AAHrr7vUmlPh3mI7CGJjrK7NOlXXpRU-nR4/getUpdates "HTTP/1.1 200 OK"
2026-02-22 21:22:36,452 [INFO] httpx: HTTP Request: POST https://api.telegram.org/bot8391627188:AAHrr7vUmlPh3mI7CGJjrK7NOlXXpRU-nR4/getUpdates "HTTP/1.1 200 OK"
2026-02-22 21:22:46,543 [INFO] httpx: HTTP Request: POST https://api.telegram.org/bot8391627188:AAHrr7vUmlPh3mI7CGJjrK7NOlXXpRU-nR4/getUpdates "HTTP/1.1 200 OK"
2026-02-22 21:22:56,634 [INFO] httpx: HTTP Request: POST https://api.telegram.org/bot8391627188:AAHrr7vUmlPh3mI7CGJjrK7NOlXXpRU-nR4/getUpdates "HTTP/1.1 200 OK"
2026-02-22 21:23:06,730 [INFO] httpx: HTTP Request: POST https://api.telegram.org/bot8391627188:AAHrr7vUmlPh3mI7CGJjrK7NOlXXpRU-nR4/getUpdates "HTTP/1.1 200 OK"
2026-02-22 21:23:16,822 [INFO] httpx: HTTP Request: POST https://api.telegram.org/bot8391627188:AAHrr7vUmlPh3mI7CGJjrK7NOlXXpRU-nR4/getUpdates "HTTP/1.1 200 OK"
2026-02-22 21:23:26,913 [INFO] httpx: HTTP Request: POST https://api.telegram.org/bot8391627188:AAHrr7vUmlPh3mI7CGJjrK7NOlXXpRU-nR4/getUpdates "HTTP/1.1 200 OK"
2026-02-22 21:23:37,005 [INFO] httpx: HTTP Request: POST https://api.telegram.org/bot8391627188:AAHrr7vUmlPh3mI7CGJjrK7NOlXXpRU-nR4/getUpdates "HTTP/1.1 200 OK"
2026-02-22 21:23:47,099 [INFO] httpx: HTTP Request: POST https://api.telegram.org/bot8391627188:AAHrr7vUmlPh3mI7CGJjrK7NOlXXpRU-nR4/getUpdates "HTTP/1.1 200 OK"
2026-02-22 21:23:57,195 [INFO] httpx: HTTP Request: POST https://api.telegram.org/bot8391627188:AAHrr7vUmlPh3mI7CGJjrK7NOlXXpRU-nR4/getUpdates "HTTP/1.1 200 OK"
2026-02-22 21:24:07,293 [INFO] httpx: HTTP Request: POST https://api.telegram.org/bot8391627188:AAHrr7vUmlPh3mI7CGJjrK7NOlXXpRU-nR4/getUpdates "HTTP/1.1 200 OK"
2026-02-22 21:24:17,390 [INFO] httpx: HTTP Request: POST https://api.telegram.org/bot8391627188:AAHrr7vUmlPh3mI7CGJjrK7NOlXXpRU-nR4/getUpdates "HTTP/1.1 200 OK"
2026-02-22 21:24:27,481 [INFO] httpx: HTTP Request: POST https://api.telegram.org/bot8391627188:AAHrr7vUmlPh3mI7CGJjrK7NOlXXpRU-nR4/getUpdates "HTTP/1.1 200 OK"
2026-02-22 21:24:37,572 [INFO] httpx: HTTP Request: POST https://api.telegram.org/bot8391627188:AAHrr7vUmlPh3mI7CGJjrK7NOlXXpRU-nR4/getUpdates "HTTP/1.1 200 OK"
2026-02-22 21:24:47,662 [INFO] httpx: HTTP Request: POST https://api.telegram.org/bot8391627188:AAHrr7vUmlPh3mI7CGJjrK7NOlXXpRU-nR4/getUpdates "HTTP/1.1 200 OK"
2026-02-22 21:24:57,753 [INFO] httpx: HTTP Request: POST https://api.telegram.org/bot8391627188:AAHrr7vUmlPh3mI7CGJjrK7NOlXXpRU-nR4/getUpdates "HTTP/1.1 200 OK"
2026-02-22 21:25:07,844 [INFO] httpx: HTTP Request: POST https://api.telegram.org/bot8391627188:AAHrr7vUmlPh3mI7CGJjrK7NOlXXpRU-nR4/getUpdates "HTTP/1.1 200 OK"
2026-02-22 21:25:17,934 [INFO] httpx: HTTP Request: POST https://api.telegram.org/bot8391627188:AAHrr7vUmlPh3mI7CGJjrK7NOlXXpRU-nR4/getUpdates "HTTP/1.1 200 OK"
2026-02-22 21:25:28,027 [INFO] httpx: HTTP Request: POST https://api.telegram.org/bot8391627188:AAHrr7vUmlPh3mI7CGJjrK7NOlXXpRU-nR4/getUpdates "HTTP/1.1 200 OK"
2026-02-22 21:25:38,119 [INFO] httpx: HTTP Request: POST https://api.telegram.org/bot8391627188:AAHrr7vUmlPh3mI7CGJjrK7NOlXXpRU-nR4/getUpdates "HTTP/1.1 200 OK"
2026-02-22 21:25:48,210 [INFO] httpx: HTTP Request: POST https://api.telegram.org/bot8391627188:AAHrr7vUmlPh3mI7CGJjrK7NOlXXpRU-nR4/getUpdates "HTTP/1.1 200 OK"
2026-02-22 21:25:58,301 [INFO] httpx: HTTP Request: POST https://api.telegram.org/bot8391627188:AAHrr7vUmlPh3mI7CGJjrK7NOlXXpRU-nR4/getUpdates "HTTP/1.1 200 OK"
2026-02-22 21:26:08,392 [INFO] httpx: HTTP Request: POST https://api.telegram.org/bot8391627188:AAHrr7vUmlPh3mI7CGJjrK7NOlXXpRU-nR4/getUpdates "HTTP/1.1 200 OK"
2026-02-22 21:26:18,483 [INFO] httpx: HTTP Request: POST https://api.telegram.org/bot8391627188:AAHrr7vUmlPh3mI7CGJjrK7NOlXXpRU-nR4/getUpdates "HTTP/1.1 200 OK"
2026-02-22 21:26:28,574 [INFO] httpx: HTTP Request: POST https://api.telegram.org/bot8391627188:AAHrr7vUmlPh3mI7CGJjrK7NOlXXpRU-nR4/getUpdates "HTTP/1.1 200 OK"
2026-02-22 21:26:38,669 [INFO] httpx: HTTP Request: POST https://api.telegram.org/bot8391627188:AAHrr7vUmlPh3mI7CGJjrK7NOlXXpRU-nR4/getUpdates "HTTP/1.1 200 OK"
2026-02-22 21:26:48,761 [INFO] httpx: HTTP Request: POST https://api.telegram.org/bot8391627188:AAHrr7vUmlPh3mI7CGJjrK7NOlXXpRU-nR4/getUpdates "HTTP/1.1 200 OK"
2026-02-22 21:26:58,856 [INFO] httpx: HTTP Request: POST https://api.telegram.org/bot8391627188:AAHrr7vUmlPh3mI7CGJjrK7NOlXXpRU-nR4/getUpdates "HTTP/1.1 200 OK"
2026-02-22 21:27:08,948 [INFO] httpx: HTTP Request: POST https://api.telegram.org/bot8391627188:AAHrr7vUmlPh3mI7CGJjrK7NOlXXpRU-nR4/getUpdates "HTTP/1.1 200 OK"
2026-02-22 21:27:19,041 [INFO] httpx: HTTP Request: POST https://api.telegram.org/bot8391627188:AAHrr7vUmlPh3mI7CGJjrK7NOlXXpRU-nR4/getUpdates "HTTP/1.1 200 OK"
2026-02-22 21:27:29,133 [INFO] httpx: HTTP Request: POST https://api.telegram.org/bot8391627188:AAHrr7vUmlPh3mI7CGJjrK7NOlXXpRU-nR4/getUpdates "HTTP/1.1 200 OK"
2026-02-22 21:27:39,225 [INFO] httpx: HTTP Request: POST https://api.telegram.org/bot8391627188:AAHrr7vUmlPh3mI7CGJjrK7NOlXXpRU-nR4/getUpdates "HTTP/1.1 200 OK"
2026-02-22 21:27:49,318 [INFO] httpx: HTTP Request: POST https://api.telegram.org/bot8391627188:AAHrr7vUmlPh3mI7CGJjrK7NOlXXpRU-nR4/getUpdates "HTTP/1.1 200 OK"
2026-02-22 21:27:59,409 [INFO] httpx: HTTP Request: POST https://api.telegram.org/bot8391627188:AAHrr7vUmlPh3mI7CGJjrK7NOlXXpRU-nR4/getUpdates "HTTP/1.1 200 OK"
2026-02-22 21:28:09,504 [INFO] httpx: HTTP Request: POST https://api.telegram.org/bot8391627188:AAHrr7vUmlPh3mI7CGJjrK7NOlXXpRU-nR4/getUpdates "HTTP/1.1 200 OK"
2026-02-22 21:28:19,595 [INFO] httpx: HTTP Request: POST https://api.telegram.org/bot8391627188:AAHrr7vUmlPh3mI7CGJjrK7NOlXXpRU-nR4/getUpdates "HTTP/1.1 200 OK"
2026-02-22 21:28:29,687 [INFO] httpx: HTTP Request: POST https://api.telegram.org/bot8391627188:AAHrr7vUmlPh3mI7CGJjrK7NOlXXpRU-nR4/getUpdates "HTTP/1.1 200 OK"
2026-02-22 21:28:39,778 [INFO] httpx: HTTP Request: POST https://api.telegram.org/bot8391627188:AAHrr7vUmlPh3mI7CGJjrK7NOlXXpRU-nR4/getUpdates "HTTP/1.1 200 OK"
2026-02-22 21:28:49,869 [INFO] httpx: HTTP Request: POST https://api.telegram.org/bot8391627188:AAHrr7vUmlPh3mI7CGJjrK7NOlXXpRU-nR4/getUpdates "HTTP/1.1 200 OK"
2026-02-22 21:28:59,961 [INFO] httpx: HTTP Request: POST https://api.telegram.org/bot8391627188:AAHrr7vUmlPh3mI7CGJjrK7NOlXXpRU-nR4/getUpdates "HTTP/1.1 200 OK"
2026-02-22 21:29:10,052 [INFO] httpx: HTTP Request: POST https://api.telegram.org/bot8391627188:AAHrr7vUmlPh3mI7CGJjrK7NOlXXpRU-nR4/getUpdates "HTTP/1.1 200 OK"
2026-02-22 21:29:20,148 [INFO] httpx: HTTP Request: POST https://api.telegram.org/bot8391627188:AAHrr7vUmlPh3mI7CGJjrK7NOlXXpRU-nR4/getUpdates "HTTP/1.1 200 OK"
2026-02-22 21:29:30,241 [INFO] httpx: HTTP Request: POST https://api.telegram.org/bot8391627188:AAHrr7vUmlPh3mI7CGJjrK7NOlXXpRU-nR4/getUpdates "HTTP/1.1 200 OK"
2026-02-22 21:29:40,332 [INFO] httpx: HTTP Request: POST https://api.telegram.org/bot8391627188:AAHrr7vUmlPh3mI7CGJjrK7NOlXXpRU-nR4/getUpdates "HTTP/1.1 200 OK"
2026-02-22 21:29:50,426 [INFO] httpx: HTTP Request: POST https://api.telegram.org/bot8391627188:AAHrr7vUmlPh3mI7CGJjrK7NOlXXpRU-nR4/getUpdates "HTTP/1.1 200 OK"
2026-02-22 21:30:00,517 [INFO] httpx: HTTP Request: POST https://api.telegram.org/bot8391627188:AAHrr7vUmlPh3mI7CGJjrK7NOlXXpRU-nR4/getUpdates "HTTP/1.1 200 OK"
2026-02-22 21:30:10,608 [INFO] httpx: HTTP Request: POST https://api.telegram.org/bot8391627188:AAHrr7vUmlPh3mI7CGJjrK7NOlXXpRU-nR4/getUpdates "HTTP/1.1 200 OK"
2026-02-22 21:30:20,704 [INFO] httpx: HTTP Request: POST https://api.telegram.org/bot8391627188:AAHrr7vUmlPh3mI7CGJjrK7NOlXXpRU-nR4/getUpdates "HTTP/1.1 200 OK"
2026-02-22 21:30:30,797 [INFO] httpx: HTTP Request: POST https://api.telegram.org/bot8391627188:AAHrr7vUmlPh3mI7CGJjrK7NOlXXpRU-nR4/getUpdates "HTTP/1.1 200 OK"
2026-02-22 21:30:40,888 [INFO] httpx: HTTP Request: POST https://api.telegram.org/bot8391627188:AAHrr7vUmlPh3mI7CGJjrK7NOlXXpRU-nR4/getUpdates "HTTP/1.1 200 OK"
2026-02-22 21:30:50,981 [INFO] httpx: HTTP Request: POST https://api.telegram.org/bot8391627188:AAHrr7vUmlPh3mI7CGJjrK7NOlXXpRU-nR4/getUpdates "HTTP/1.1 200 OK"
2026-02-22 21:31:01,071 [INFO] httpx: HTTP Request: POST https://api.telegram.org/bot8391627188:AAHrr7vUmlPh3mI7CGJjrK7NOlXXpRU-nR4/getUpdates "HTTP/1.1 200 OK"
2026-02-22 21:31:11,163 [INFO] httpx: HTTP Request: POST https://api.telegram.org/bot8391627188:AAHrr7vUmlPh3mI7CGJjrK7NOlXXpRU-nR4/getUpdates "HTTP/1.1 200 OK"
2026-02-22 21:31:21,257 [INFO] httpx: HTTP Request: POST https://api.telegram.org/bot8391627188:AAHrr7vUmlPh3mI7CGJjrK7NOlXXpRU-nR4/getUpdates "HTTP/1.1 200 OK"
2026-02-22 21:31:31,353 [INFO] httpx: HTTP Request: POST https://api.telegram.org/bot8391627188:AAHrr7vUmlPh3mI7CGJjrK7NOlXXpRU-nR4/getUpdates "HTTP/1.1 200 OK"
2026-02-22 21:31:41,445 [INFO] httpx: HTTP Request: POST https://api.telegram.org/bot8391627188:AAHrr7vUmlPh3mI7CGJjrK7NOlXXpRU-nR4/getUpdates "HTTP/1.1 200 OK"
2026-02-22 21:31:51,538 [INFO] httpx: HTTP Request: POST https://api.telegram.org/bot8391627188:AAHrr7vUmlPh3mI7CGJjrK7NOlXXpRU-nR4/getUpdates "HTTP/1.1 200 OK"
2026-02-22 21:32:01,632 [INFO] httpx: HTTP Request: POST https://api.telegram.org/bot8391627188:AAHrr7vUmlPh3mI7CGJjrK7NOlXXpRU-nR4/getUpdates "HTTP/1.1 200 OK"
2026-02-22 21:32:11,724 [INFO] httpx: HTTP Request: POST https://api.telegram.org/bot8391627188:AAHrr7vUmlPh3mI7CGJjrK7NOlXXpRU-nR4/getUpdates "HTTP/1.1 200 OK"
2026-02-22 21:32:21,815 [INFO] httpx: HTTP Request: POST https://api.telegram.org/bot8391627188:AAHrr7vUmlPh3mI7CGJjrK7NOlXXpRU-nR4/getUpdates "HTTP/1.1 200 OK"
2026-02-22 21:32:31,906 [INFO] httpx: HTTP Request: POST https://api.telegram.org/bot8391627188:AAHrr7vUmlPh3mI7CGJjrK7NOlXXpRU-nR4/getUpdates "HTTP/1.1 200 OK"
2026-02-22 21:32:41,998 [INFO] httpx: HTTP Request: POST https://api.telegram.org/bot8391627188:AAHrr7vUmlPh3mI7CGJjrK7NOlXXpRU-nR4/getUpdates "HTTP/1.1 200 OK"
2026-02-22 21:32:52,090 [INFO] httpx: HTTP Request: POST https://api.telegram.org/bot8391627188:AAHrr7vUmlPh3mI7CGJjrK7NOlXXpRU-nR4/getUpdates "HTTP/1.1 200 OK"
2026-02-22 21:33:02,187 [INFO] httpx: HTTP Request: POST https://api.telegram.org/bot8391627188:AAHrr7vUmlPh3mI7CGJjrK7NOlXXpRU-nR4/getUpdates "HTTP/1.1 200 OK"
2026-02-22 21:33:12,280 [INFO] httpx: HTTP Request: POST https://api.telegram.org/bot8391627188:AAHrr7vUmlPh3mI7CGJjrK7NOlXXpRU-nR4/getUpdates "HTTP/1.1 200 OK"
2026-02-22 21:33:22,374 [INFO] httpx: HTTP Request: POST https://api.telegram.org/bot8391627188:AAHrr7vUmlPh3mI7CGJjrK7NOlXXpRU-nR4/getUpdates "HTTP/1.1 200 OK"
2026-02-22 21:33:32,466 [INFO] httpx: HTTP Request: POST https://api.telegram.org/bot8391627188:AAHrr7vUmlPh3mI7CGJjrK7NOlXXpRU-nR4/getUpdates "HTTP/1.1 200 OK"
2026-02-22 21:33:42,556 [INFO] httpx: HTTP Request: POST https://api.telegram.org/bot8391627188:AAHrr7vUmlPh3mI7CGJjrK7NOlXXpRU-nR4/getUpdates "HTTP/1.1 200 OK"
2026-02-22 21:33:52,651 [INFO] httpx: HTTP Request: POST https://api.telegram.org/bot8391627188:AAHrr7vUmlPh3mI7CGJjrK7NOlXXpRU-nR4/getUpdates "HTTP/1.1 200 OK"
2026-02-22 21:34:02,741 [INFO] httpx: HTTP Request: POST https://api.telegram.org/bot8391627188:AAHrr7vUmlPh3mI7CGJjrK7NOlXXpRU-nR4/getUpdates "HTTP/1.1 200 OK"
2026-02-22 21:34:12,832 [INFO] httpx: HTTP Request: POST https://api.telegram.org/bot8391627188:AAHrr7vUmlPh3mI7CGJjrK7NOlXXpRU-nR4/getUpdates "HTTP/1.1 200 OK"
2026-02-22 21:34:22,923 [INFO] httpx: HTTP Request: POST https://api.telegram.org/bot8391627188:AAHrr7vUmlPh3mI7CGJjrK7NOlXXpRU-nR4/getUpdates "HTTP/1.1 200 OK"
2026-02-22 21:34:33,014 [INFO] httpx: HTTP Request: POST https://api.telegram.org/bot8391627188:AAHrr7vUmlPh3mI7CGJjrK7NOlXXpRU-nR4/getUpdates "HTTP/1.1 200 OK"
2026-02-22 21:34:43,105 [INFO] httpx: HTTP Request: POST https://api.telegram.org/bot8391627188:AAHrr7vUmlPh3mI7CGJjrK7NOlXXpRU-nR4/getUpdates "HTTP/1.1 200 OK"
2026-02-22 21:34:53,196 [INFO] httpx: HTTP Request: POST https://api.telegram.org/bot8391627188:AAHrr7vUmlPh3mI7CGJjrK7NOlXXpRU-nR4/getUpdates "HTTP/1.1 200 OK"
2026-02-22 21:35:03,288 [INFO] httpx: HTTP Request: POST https://api.telegram.org/bot8391627188:AAHrr7vUmlPh3mI7CGJjrK7NOlXXpRU-nR4/getUpdates "HTTP/1.1 200 OK"
2026-02-22 21:35:13,379 [INFO] httpx: HTTP Request: POST https://api.telegram.org/bot8391627188:AAHrr7vUmlPh3mI7CGJjrK7NOlXXpRU-nR4/getUpdates "HTTP/1.1 200 OK"
2026-02-22 21:35:23,471 [INFO] httpx: HTTP Request: POST https://api.telegram.org/bot8391627188:AAHrr7vUmlPh3mI7CGJjrK7NOlXXpRU-nR4/getUpdates "HTTP/1.1 200 OK"
2026-02-22 21:35:33,562 [INFO] httpx: HTTP Request: POST https://api.telegram.org/bot8391627188:AAHrr7vUmlPh3mI7CGJjrK7NOlXXpRU-nR4/getUpdates "HTTP/1.1 200 OK"
2026-02-22 21:35:43,829 [INFO] httpx: HTTP Request: POST https://api.telegram.org/bot8391627188:AAHrr7vUmlPh3mI7CGJjrK7NOlXXpRU-nR4/getUpdates "HTTP/1.1 200 OK"
2026-02-22 21:35:53,934 [INFO] httpx: HTTP Request: POST https://api.telegram.org/bot8391627188:AAHrr7vUmlPh3mI7CGJjrK7NOlXXpRU-nR4/getUpdates "HTTP/1.1 200 OK"
2026-02-22 21:36:04,025 [INFO] httpx: HTTP Request: POST https://api.telegram.org/bot8391627188:AAHrr7vUmlPh3mI7CGJjrK7NOlXXpRU-nR4/getUpdates "HTTP/1.1 200 OK"
2026-02-22 21:36:14,119 [INFO] httpx: HTTP Request: POST https://api.telegram.org/bot8391627188:AAHrr7vUmlPh3mI7CGJjrK7NOlXXpRU-nR4/getUpdates "HTTP/1.1 200 OK"
2026-02-22 21:36:24,219 [INFO] httpx: HTTP Request: POST https://api.telegram.org/bot8391627188:AAHrr7vUmlPh3mI7CGJjrK7NOlXXpRU-nR4/getUpdates "HTTP/1.1 200 OK"
2026-02-22 21:36:34,326 [INFO] httpx: HTTP Request: POST https://api.telegram.org/bot8391627188:AAHrr7vUmlPh3mI7CGJjrK7NOlXXpRU-nR4/getUpdates "HTTP/1.1 200 OK"
2026-02-22 21:36:44,419 [INFO] httpx: HTTP Request: POST https://api.telegram.org/bot8391627188:AAHrr7vUmlPh3mI7CGJjrK7NOlXXpRU-nR4/getUpdates "HTTP/1.1 200 OK"
2026-02-22 21:36:54,528 [INFO] httpx: HTTP Request: POST https://api.telegram.org/bot8391627188:AAHrr7vUmlPh3mI7CGJjrK7NOlXXpRU-nR4/getUpdates "HTTP/1.1 200 OK"
2026-02-22 21:37:04,626 [INFO] httpx: HTTP Request: POST https://api.telegram.org/bot8391627188:AAHrr7vUmlPh3mI7CGJjrK7NOlXXpRU-nR4/getUpdates "HTTP/1.1 200 OK"
2026-02-22 21:37:14,721 [INFO] httpx: HTTP Request: POST https://api.telegram.org/bot8391627188:AAHrr7vUmlPh3mI7CGJjrK7NOlXXpRU-nR4/getUpdates "HTTP/1.1 200 OK"
