[2026-02-22 17:01:57] ==================================================
[2026-02-22 17:01:57] CONTINUOUS SCANNER STARTED
[2026-02-22 17:01:57] PID: 77061
[2026-02-22 17:01:57] ==================================================
[2026-02-22 17:01:57] Connected to https://mainnet.base.org | block 42495184
[2026-02-22 17:02:12] Received signal 15, shutting down...
[2026-02-22 17:02:17] Scanner stopped gracefully.
[2026-02-22 17:04:56] ==================================================
[2026-02-22 17:04:56] CONTINUOUS SCANNER STARTED
[2026-02-22 17:04:56] PID: 77710
[2026-02-22 17:04:56] ==================================================
[2026-02-22 17:04:56] Connected to https://mainnet.base.org | block 42495274
[2026-02-22 17:05:11] Blocks 42495278-42495281: 1 new contracts
[2026-02-22 17:05:11] FINDING: proxy_dead_impl at 0xc925085c6042CF0C8Ba4C0dE78604107969b5F96 (0.0000 ETH)
[2026-02-22 17:05:24] Blocks 42495285-42495288: 1 new contracts
[2026-02-22 17:05:24] FINDING: proxy_dead_impl at 0xd911D2F5414810d27CAC9F4b0f593802D292b2Ad (0.0000 ETH)
[2026-02-22 17:05:45] Blocks 42495295-42495298: 1 new contracts
[2026-02-22 17:05:45] FINDING: proxy_dead_impl at 0x3Edd4387cC15D74482a358eb4013363Dbb91e3dA (0.0000 ETH)
[2026-02-22 17:06:11] Blocks 42495309-42495311: 6 new contracts
[2026-02-22 17:06:12] FINDING: proxy_dead_impl at 0x17864dA8e7CebdEe71bC9f1918b1fd445A98516e (0.0000 ETH)
[2026-02-22 17:06:12] FINDING: proxy_dead_impl at 0x50E2F28c125ECA90647B7620714779771d1CB1E8 (0.0000 ETH)
[2026-02-22 17:06:12] FINDING: proxy_dead_impl at 0x0f4046738cAd87141626A26aEbac9Cc5483080E4 (0.0000 ETH)
[2026-02-22 17:06:13] FINDING: proxy_dead_impl at 0x1cB1e1492de656A272F3D6570956C27d3be106cA (0.0000 ETH)
[2026-02-22 17:06:13] FINDING: proxy_dead_impl at 0x94bb7b8B31acab609Fb4DD521e5d80183B852060 (0.0000 ETH)
[2026-02-22 17:06:13] FINDING: proxy_dead_impl at 0xc2081443420b960f1d7F12fF605c620A9aA073DF (0.0000 ETH)
[2026-02-22 17:06:16] FINDING: unguarded_functions at 0xc2081443420b960f1d7F12fF605c620A9aA073DF (0.0000 ETH)
[2026-02-22 17:06:48] Blocks 42495328-42495330: 1 new contracts
[2026-02-22 17:06:49] FINDING: proxy_dead_impl at 0xE2d82877fD3d6427262EA6BDc6254F4C4845Ec7f (0.0000 ETH)
[2026-02-22 17:07:27] Blocks 42495347-42495349: 1 new contracts
[2026-02-22 17:07:28] FINDING: proxy_dead_impl at 0x9Afb963c5129Cc5889881fEbd03c132ADe965372 (0.0000 ETH)
[2026-02-22 17:07:35] Blocks 42495350-42495353: 1 new contracts
[2026-02-22 17:07:35] FINDING: proxy_dead_impl at 0x2E020EE21FDd7cB30B6b9516803Ba51fBcC53295 (0.0000 ETH)
[2026-02-22 17:07:48] Blocks 42495357-42495360: 1 new contracts
[2026-02-22 17:07:48] FINDING: proxy_dead_impl at 0xa7CfDd4c57B57cB99dbd79d5AE362C5b981253F5 (0.0000 ETH)
[2026-02-22 17:08:01] Blocks 42495364-42495366: 1 new contracts
[2026-02-22 17:08:01] FINDING: proxy_dead_impl at 0x3F07b9e2954D05c546707C1D7c179Fc00F25c34D (0.0000 ETH)
[2026-02-22 17:09:01] Blocks 42495394-42495396: 1 new contracts
[2026-02-22 17:09:01] FINDING: proxy_dead_impl at 0xc1Ce5CDd872575B7663992AAf3F73F61A61006a5 (0.0000 ETH)
[2026-02-22 17:09:08] Blocks 42495397-42495400: 1 new contracts
[2026-02-22 17:09:08] FINDING: proxy_dead_impl at 0x650D44F2486f05608279193E9EEa2733cC24B3Cb (0.0000 ETH)
[2026-02-22 17:09:15] Blocks 42495401-42495403: 1 new contracts
[2026-02-22 17:09:15] FINDING: proxy_dead_impl at 0xB5884aB3a7b57ed29898df575A7AFfd3e8602B96 (0.0000 ETH)
[2026-02-22 17:09:22] Blocks 42495404-42495407: 2 new contracts
[2026-02-22 17:09:22] FINDING: proxy_dead_impl at 0xA46439E46F053F5E2F9345cb3513c47E502f28Ce (0.0000 ETH)
[2026-02-22 17:09:23] FINDING: proxy_dead_impl at 0x492D31e011eD32eEe5116744ef9cD42cC21c8C5c (0.0000 ETH)
[2026-02-22 17:09:36] Blocks 42495411-42495414: 1 new contracts
[2026-02-22 17:09:36] FINDING: proxy_dead_impl at 0x5ec8d4b334989F3AE33913C44BE0a9B55905F98E (0.0000 ETH)
[2026-02-22 17:09:43] Blocks 42495415-42495417: 1 new contracts
[2026-02-22 17:09:43] FINDING: proxy_dead_impl at 0x3391ac04320321eb0823BD7F861d411A2FaBe888 (0.0000 ETH)
[2026-02-22 17:09:50] Blocks 42495418-42495421: 1 new contracts
[2026-02-22 17:09:50] FINDING: proxy_dead_impl at 0xaA476c3dC28E54ca4583e93E89DbbABAeE2e1bC0 (0.0000 ETH)
[2026-02-22 17:10:10] Blocks 42495428-42495431: 1 new contracts
[2026-02-22 17:10:10] FINDING: proxy_dead_impl at 0xE387EcF0BF5710fDF4e89899e4765e253E4Be4fA (0.0000 ETH)
[2026-02-22 17:10:30] Blocks 42495439-42495441: 1 new contracts
[2026-02-22 17:10:30] FINDING: proxy_dead_impl at 0xd6942F2007397EbBF38A418b01958B6053F87084 (0.0000 ETH)
[2026-02-22 17:10:37] HEARTBEAT: cycle=50 block=42495444 findings=25
[2026-02-22 17:10:58] Blocks 42495453-42495455: 1 new contracts
[2026-02-22 17:10:59] FINDING: proxy_dead_impl at 0xa7FaaE4269675f050a67c2877Ca22023964aF2Ce (0.0000 ETH)
[2026-02-22 17:11:12] Blocks 42495459-42495461: 1 new contracts
[2026-02-22 17:11:12] FINDING: proxy_dead_impl at 0x5B2CbBCcb20dBbc21355638b57382546bb930202 (0.0000 ETH)
[2026-02-22 17:11:19] Blocks 42495462-42495465: 1 new contracts
[2026-02-22 17:11:19] FINDING: proxy_dead_impl at 0xad724c86BAc6420Ff3bd471242f5e5F4A550967e (0.0000 ETH)
[2026-02-22 17:11:25] Blocks 42495466-42495468: 1 new contracts
[2026-02-22 17:11:26] FINDING: proxy_dead_impl at 0x2a764afF4a90cfe047219305926c2339Edc4EEf5 (0.0000 ETH)
[2026-02-22 17:11:32] Blocks 42495469-42495472: 2 new contracts
[2026-02-22 17:11:32] FINDING: proxy_dead_impl at 0x24f19A462Fe96492f8AfC7C4Eb1F1cf876538d1B (0.0000 ETH)
[2026-02-22 17:11:33] FINDING: proxy_dead_impl at 0x9FcBAFda001E3C383fa1fD13830589bc2F3A293d (0.0000 ETH)
[2026-02-22 17:11:33] FINDING: unguarded_functions at 0x9FcBAFda001E3C383fa1fD13830589bc2F3A293d (0.0000 ETH)
[2026-02-22 17:11:40] Blocks 42495473-42495476: 1 new contracts
[2026-02-22 17:11:53] Blocks 42495480-42495482: 1 new contracts
[2026-02-22 17:11:53] FINDING: proxy_dead_impl at 0x82D9FBAc31aEf549C30BdCfa9d5e73BEbdc29712 (0.0000 ETH)
[2026-02-22 17:12:00] Blocks 42495483-42495486: 1 new contracts
[2026-02-22 17:12:00] FINDING: proxy_dead_impl at 0xCE16cdf45102FA7d5F53306c6Dd526557F770B08 (0.0000 ETH)
[2026-02-22 17:12:07] Blocks 42495487-42495489: 2 new contracts
[2026-02-22 17:12:07] FINDING: proxy_dead_impl at 0xefbB5640Fd3ead1c4807F7e11B6f4890364119a2 (0.0000 ETH)
[2026-02-22 17:12:07] FINDING: proxy_dead_impl at 0x310CC560c12ad4d42A5197469E4ADD8eDb04D3E1 (0.0000 ETH)
[2026-02-22 17:12:21] Blocks 42495494-42495496: 2 new contracts
[2026-02-22 17:12:21] FINDING: proxy_dead_impl at 0x333F6aAd54C1A60a4525B596DE1e38a0dEB43C45 (0.0000 ETH)
[2026-02-22 17:12:22] FINDING: proxy_dead_impl at 0xe368950857db50D4493E0e7c113B2171cccDb7c4 (0.0000 ETH)
[2026-02-22 17:12:28] Blocks 42495497-42495500: 2 new contracts
[2026-02-22 17:12:28] FINDING: proxy_dead_impl at 0xb1895fAD52741CA55e4Ad4aaf04ba6900e67e3bb (0.0000 ETH)
[2026-02-22 17:12:29] FINDING: proxy_dead_impl at 0x14b5888fB0A22Ebc145b5945A8FE854964024391 (0.0000 ETH)
[2026-02-22 17:12:35] Blocks 42495501-42495503: 3 new contracts
[2026-02-22 17:12:35] FINDING: proxy_dead_impl at 0x454A929fcFba9a7722F2Af39E49d16b1f03262a9 (0.0000 ETH)
[2026-02-22 17:12:36] FINDING: proxy_dead_impl at 0x1eDeB2cabeA44B1A640983A82B270b0861317C44 (0.5000 ETH)
[2026-02-22 17:12:36] FINDING: unguarded_functions at 0x1eDeB2cabeA44B1A640983A82B270b0861317C44 (0.5000 ETH)
[2026-02-22 17:12:37] FINDING: stuck_trading_fees at 0x1eDeB2cabeA44B1A640983A82B270b0861317C44 (0.5000 ETH)
[2026-02-22 17:12:37] FINDING: proxy_dead_impl at 0xB3E8C348061191423aEC776792C4729DcDB0a71f (0.0000 ETH)
[2026-02-22 17:12:44] Blocks 42495504-42495507: 3 new contracts
[2026-02-22 17:12:44] FINDING: proxy_dead_impl at 0x4C0f73D7895d26CcfbD96Aa5A2463c720FB30E66 (0.0000 ETH)
[2026-02-22 17:12:44] FINDING: proxy_dead_impl at 0xEF561b4b7b9aaCB265f582Ab75971ae18E0487b1 (0.0000 ETH)
[2026-02-22 17:12:44] FINDING: proxy_dead_impl at 0x6628a0725D78e2E7FB3cF8e20Be85f8aFF4b59c6 (0.0000 ETH)
[2026-02-22 17:12:45] FINDING: unguarded_functions at 0x6628a0725D78e2E7FB3cF8e20Be85f8aFF4b59c6 (0.0000 ETH)
[2026-02-22 17:12:52] Blocks 42495508-42495511: 2 new contracts
[2026-02-22 17:12:52] FINDING: proxy_dead_impl at 0x44E2e8247D369FC2911fFB30b61EbE0a7A152b9E (0.0000 ETH)
[2026-02-22 17:12:59] Blocks 42495512-42495515: 2 new contracts
[2026-02-22 17:12:59] FINDING: proxy_dead_impl at 0xcBbc1979C6D28a7387070D9a27e7b1F0022f74AC (0.0000 ETH)
[2026-02-22 17:12:59] FINDING: unguarded_functions at 0xcBbc1979C6D28a7387070D9a27e7b1F0022f74AC (0.0000 ETH)
[2026-02-22 17:12:59] FINDING: proxy_dead_impl at 0x9B7d95A7a872c33f67bEe39dC8e52d2858F1a454 (0.0000 ETH)
[2026-02-22 17:13:06] Blocks 42495516-42495519: 4 new contracts
[2026-02-22 17:13:07] FINDING: proxy_dead_impl at 0xb8Cc93b14bd833E9725db9A75FCea980bdBD63c6 (0.0000 ETH)
[2026-02-22 17:13:07] FINDING: proxy_dead_impl at 0xD7679D3Cf1870D0f416437Bf99fE8015d68C4C68 (0.0000 ETH)
[2026-02-22 17:13:07] FINDING: unguarded_functions at 0xD7679D3Cf1870D0f416437Bf99fE8015d68C4C68 (0.0000 ETH)
[2026-02-22 17:13:07] FINDING: proxy_dead_impl at 0x6eb67D0fA81e8a1CC3cAEc57f05e5203675f74Cf (0.0000 ETH)
[2026-02-22 17:13:14] Blocks 42495520-42495523: 3 new contracts
[2026-02-22 17:13:15] FINDING: proxy_dead_impl at 0x24f8a5527B9BC4E6E3EDaCB712A88B4a7930F665 (0.0000 ETH)
[2026-02-22 17:13:15] FINDING: unguarded_functions at 0x24f8a5527B9BC4E6E3EDaCB712A88B4a7930F665 (0.0000 ETH)
[2026-02-22 17:13:15] FINDING: proxy_dead_impl at 0x471109C9E48F828f34744A2771F6e7CbAd8b8958 (0.0000 ETH)
[2026-02-22 17:13:28] Blocks 42495528-42495530: 2 new contracts
[2026-02-22 17:13:29] FINDING: proxy_dead_impl at 0xE3e7Bef3459958049160aeA8C64A35217a6d3286 (0.0000 ETH)
[2026-02-22 17:13:29] FINDING: proxy_dead_impl at 0xC1b33b2F1D99d10269f8FEDf5a900D1d5819F065 (0.0000 ETH)
[2026-02-22 17:13:43] Blocks 42495534-42495537: 2 new contracts
[2026-02-22 17:13:43] FINDING: proxy_dead_impl at 0x672DeF90eb2f1E8e8208ed56F468788198f89525 (0.0000 ETH)
[2026-02-22 17:13:43] FINDING: proxy_dead_impl at 0x87c83f51044F9b33434E06d58060E857dAcd1E95 (0.0000 ETH)
[2026-02-22 17:13:50] Blocks 42495538-42495541: 3 new contracts
[2026-02-22 17:13:51] FINDING: proxy_dead_impl at 0x40Fc467b866ff21Bdfdf911ab69b4E59c5817201 (0.0000 ETH)
[2026-02-22 17:13:51] FINDING: unguarded_functions at 0x40Fc467b866ff21Bdfdf911ab69b4E59c5817201 (0.0000 ETH)
[2026-02-22 17:13:51] FINDING: proxy_dead_impl at 0x322C8C39c642cd23fb47F1bF4793BC67C3007abf (0.0000 ETH)
[2026-02-22 17:13:59] Blocks 42495542-42495545: 5 new contracts
[2026-02-22 17:13:59] FINDING: proxy_dead_impl at 0x06175C974aa6bCed9bf97D83743c46E132657bB9 (0.0000 ETH)
[2026-02-22 17:13:59] FINDING: proxy_dead_impl at 0xc2B8dd941d129E46Ea16E63Bde3296ff38a348c7 (0.0000 ETH)
[2026-02-22 17:13:59] FINDING: unguarded_functions at 0xc2B8dd941d129E46Ea16E63Bde3296ff38a348c7 (0.0000 ETH)
[2026-02-22 17:13:59] FINDING: proxy_dead_impl at 0x2192B42Be858aDFe42eCEa7AF7F77e940741E157 (0.0000 ETH)
[2026-02-22 17:14:00] FINDING: proxy_dead_impl at 0x2e1f5C6084764782d85731bda7c9026cf0822d44 (0.0000 ETH)
[2026-02-22 17:14:00] FINDING: proxy_dead_impl at 0x8DD043FbC03cD19C986Aafb0cA6bB2beb6566b7f (0.0000 ETH)
[2026-02-22 17:14:07] Blocks 42495546-42495549: 2 new contracts
[2026-02-22 17:14:07] FINDING: proxy_dead_impl at 0x1556931E68CeC2809b583F7752dA3E7071f0bdFB (0.0000 ETH)
[2026-02-22 17:14:21] Blocks 42495554-42495556: 1 new contracts
[2026-02-22 17:14:21] FINDING: proxy_dead_impl at 0x5733EB47A80022ca915967225CA8171fc4d37F8c (0.0000 ETH)
[2026-02-22 17:14:34] Blocks 42495561-42495563: 1 new contracts
[2026-02-22 17:14:34] FINDING: proxy_dead_impl at 0x4586e680493Df77546918f03473EC4eF57100f65 (0.0000 ETH)
[2026-02-22 17:14:48] Blocks 42495567-42495570: 1 new contracts
[2026-02-22 17:14:48] FINDING: proxy_dead_impl at 0x2544157411B8F355B202BAbf1eE5f46416eb3507 (0.0000 ETH)
[2026-02-22 17:15:01] Blocks 42495574-42495576: 1 new contracts
[2026-02-22 17:15:02] FINDING: proxy_dead_impl at 0xD64415a5ab21fE53F100c29209F7fa1F4aE5E8b0 (0.0000 ETH)
[2026-02-22 17:15:15] Blocks 42495581-42495583: 1 new contracts
[2026-02-22 17:15:15] FINDING: proxy_dead_impl at 0x2D4b44132e7b62CC594a6d8608e3136A3dcbF575 (0.0000 ETH)
[2026-02-22 17:15:22] Blocks 42495584-42495587: 1 new contracts
[2026-02-22 17:15:22] FINDING: proxy_dead_impl at 0x08B61348e835A274695B050672f79F992966Fb5f (0.0000 ETH)
[2026-02-22 17:15:36] Blocks 42495591-42495594: 1 new contracts
[2026-02-22 17:15:36] FINDING: proxy_dead_impl at 0xA02289fC6a6700b4Ddc88C5146471BEE9A1cbC6b (0.0000 ETH)
[2026-02-22 17:15:43] Blocks 42495595-42495597: 2 new contracts
[2026-02-22 17:15:43] FINDING: proxy_dead_impl at 0x49F4f3a761325f8632354D05a5a8949c80C73d26 (0.0000 ETH)
[2026-02-22 17:15:43] FINDING: proxy_dead_impl at 0x3A3558335C54E4596e9D49f8B20714047F25e7c4 (0.0000 ETH)
[2026-02-22 17:15:50] Blocks 42495598-42495601: 1 new contracts
[2026-02-22 17:15:50] FINDING: proxy_dead_impl at 0x413A365debCcFd5a027CC00FD6F2e0C98A6e328c (0.0000 ETH)
[2026-02-22 17:15:57] Blocks 42495602-42495604: 2 new contracts
[2026-02-22 17:15:57] FINDING: proxy_dead_impl at 0x86917D2306687dcF34015922Bfd29953fE3F99e6 (0.0000 ETH)
[2026-02-22 17:15:58] FINDING: proxy_dead_impl at 0x74C4f5EaCe240f9DCB416f9f64f883f69c6c9646 (0.0000 ETH)
[2026-02-22 17:16:12] Blocks 42495609-42495612: 1 new contracts
[2026-02-22 17:16:12] FINDING: proxy_dead_impl at 0x3a4A99E6468430b72AE80dA4b9cEab2a09aEF2F8 (0.0000 ETH)
[2026-02-22 17:16:27] Blocks 42495616-42495619: 1 new contracts
[2026-02-22 17:16:27] FINDING: proxy_dead_impl at 0x3746983Fe85912Eaf0C0026558E5C3003aC72127 (0.0000 ETH)
[2026-02-22 17:16:34] Blocks 42495620-42495623: 1 new contracts
[2026-02-22 17:16:34] FINDING: proxy_dead_impl at 0xD350dCC199e191cd130bDf061f089e8770Ff2b9E (0.0000 ETH)
[2026-02-22 17:16:35] Cycle 100: Periodic skim scan
[2026-02-22 17:16:35] Scanning 30 pairs from factory 0x8909Dc15...
[2026-02-22 17:16:35] Factory has 2880823 pairs total
[2026-02-22 17:17:53] Scanning 30 pairs from factory 0x420DD381...
[2026-02-22 17:17:55] Factory scan failed: 429 Client Error: Too Many Requests for url: https://mainnet.base.org/
[2026-02-22 17:17:55] HEARTBEAT: cycle=100 block=42495623 findings=89
[2026-02-22 17:18:04] Blocks 42495624-42495643: 4 new contracts
[2026-02-22 17:18:04] FINDING: proxy_dead_impl at 0xb654B1eF34Eb7F1CD191597dBd460c9d645E97e3 (0.0000 ETH)
[2026-02-22 17:18:05] FINDING: proxy_dead_impl at 0xDE31195D56Fc8212A907B1d797C0e4c1D933562E (0.0000 ETH)
[2026-02-22 17:18:05] FINDING: proxy_dead_impl at 0xB240E646Bd7C216F461F5E919B51F5Cc87cb7716 (0.0000 ETH)
[2026-02-22 17:18:05] FINDING: proxy_dead_impl at 0x7F79Ea68363d9ef1D7Ce35F95244E21d33727Aaa (0.0000 ETH)
[2026-02-22 17:18:14] Blocks 42495644-42495663: 3 new contracts
[2026-02-22 17:18:14] FINDING: proxy_dead_impl at 0xc5c4b22c93E899Bd94CaE3cD98B40e108334F2d8 (0.0000 ETH)
[2026-02-22 17:18:15] FINDING: proxy_dead_impl at 0x7F17bD8CF9eEd8531881aBeFD26647547C4F5e64 (0.0000 ETH)
[2026-02-22 17:18:15] FINDING: proxy_dead_impl at 0x00Ab9847049b5496619dFDd1A7bd36FA49eB7195 (0.0000 ETH)
[2026-02-22 17:18:24] Blocks 42495664-42495677: 3 new contracts
[2026-02-22 17:18:25] FINDING: proxy_dead_impl at 0xfb01a9d4b8702DE192844356EFcc157f7C5B3507 (0.0000 ETH)
[2026-02-22 17:18:25] FINDING: proxy_dead_impl at 0x9C49263B674Ae00891E039ea8660925c6323aAA4 (0.0000 ETH)
[2026-02-22 17:18:25] FINDING: proxy_dead_impl at 0x5BA0465c2c5573D7f4BC59d58d2C4257c29b0b71 (0.0000 ETH)
[2026-02-22 17:18:32] Blocks 42495678-42495682: 1 new contracts
[2026-02-22 17:18:32] FINDING: proxy_dead_impl at 0xeaaB31B207C04CaDc5613A25F9e7b51d447Db9c4 (0.0000 ETH)
[2026-02-22 17:18:46] Blocks 42495686-42495689: 1 new contracts
[2026-02-22 17:18:46] FINDING: proxy_dead_impl at 0x29c1ec1aA3a7769E35374a1304253bBE40EC9a6d (0.0000 ETH)
[2026-02-22 17:19:00] Blocks 42495693-42495695: 1 new contracts
[2026-02-22 17:19:00] FINDING: proxy_dead_impl at 0x1E0e4E445A9fda2e7aBBfFEcA80392ABb0921554 (0.0000 ETH)
[2026-02-22 17:19:03] Received signal 15, shutting down...
[2026-02-22 17:19:06] Scanner stopped gracefully.
[2026-02-22 17:19:18] ==================================================
[2026-02-22 17:19:18] CONTINUOUS SCANNER STARTED
[2026-02-22 17:19:18] PID: 80003
[2026-02-22 17:19:18] ==================================================
[2026-02-22 17:19:19] Connected to https://mainnet.base.org | block 42495705
[2026-02-22 17:19:52] Blocks 42495719-42495722: 1 new contracts
[2026-02-22 17:19:52] FINDING: proxy_dead_impl at 0x293015556eF59592A3316227207b7234e5142d89 (0.0000 ETH)
[2026-02-22 17:19:52] FINDING: unguarded_functions at 0x293015556eF59592A3316227207b7234e5142d89 (0.0000 ETH)
[2026-02-22 17:21:22] Blocks 42495764-42495767: 1 new contracts
[2026-02-22 17:21:22] FINDING: proxy_dead_impl at 0x7d6307B7cd5117CbBD7C5A7e6f816C1149F30f00 (0.0000 ETH)
[2026-02-22 17:21:30] Blocks 42495768-42495770: 2 new contracts
[2026-02-22 17:21:30] FINDING: proxy_dead_impl at 0x04Ec410C6f2dfc13752d4aC6e679Eaa0B1138D2C (0.0000 ETH)
[2026-02-22 17:21:30] FINDING: proxy_dead_impl at 0x177a46C70371ae7d96d87f873eDAAd439c934A85 (0.0000 ETH)
[2026-02-22 17:21:46] Blocks 42495775-42495778: 3 new contracts
[2026-02-22 17:21:46] FINDING: proxy_dead_impl at 0x475564AE2531348A9Ad1BbA9a66117e7B6FB5A5E (0.0000 ETH)
[2026-02-22 17:21:46] FINDING: proxy_dead_impl at 0x7ae27086378E5189bDb7DF593A42eB4965a53118 (0.0000 ETH)
[2026-02-22 17:21:46] FINDING: proxy_dead_impl at 0xeFC4099E0662Dd12ee72AEe721996A63e5fa5f2F (0.0000 ETH)
[2026-02-22 17:22:00] Blocks 42495783-42495786: 1 new contracts
[2026-02-22 17:22:00] FINDING: proxy_dead_impl at 0xb9825d9881985045942422926298FA58F6cC8F89 (0.0000 ETH)
[2026-02-22 17:23:09] Blocks 42495817-42495820: 4 new contracts
[2026-02-22 17:23:09] FINDING: proxy_dead_impl at 0xba59ebf519bfCca22c65c322daF5EF39e1d35f2c (0.0000 ETH)
[2026-02-22 17:23:09] FINDING: proxy_dead_impl at 0x1C7bDcCc22AA8447a28098Eaa182c9B3c77cC310 (0.0000 ETH)
[2026-02-22 17:23:09] FINDING: proxy_dead_impl at 0xe29f5b1F7Da087644dd644aa184364bC066E6058 (0.0000 ETH)
[2026-02-22 17:23:10] FINDING: proxy_dead_impl at 0xCf7b96b049D92Cc3D0b2919Cec654F61898e2025 (0.0000 ETH)
[2026-02-22 17:23:17] Blocks 42495821-42495824: 1 new contracts
[2026-02-22 17:23:17] FINDING: proxy_dead_impl at 0x39445dC73Fd6DF7DD5591FCeE50d86922C7F0686 (0.0000 ETH)
[2026-02-22 17:23:31] Blocks 42495829-42495831: 1 new contracts
[2026-02-22 17:23:31] FINDING: proxy_dead_impl at 0x1E63E1468d83d77d6646c515C9EE55A668d54bfE (0.0000 ETH)
[2026-02-22 17:23:45] Blocks 42495836-42495838: 1 new contracts
[2026-02-22 17:23:45] FINDING: proxy_dead_impl at 0x41Bfe9123D6DbE419a054FB3a809CC44255362cE (0.0000 ETH)
[2026-02-22 17:23:53] Blocks 42495839-42495841: 4 new contracts
[2026-02-22 17:23:53] FINDING: proxy_dead_impl at 0xE9ac870565B54BA52C86a77e98817C87331960ce (0.0000 ETH)
[2026-02-22 17:23:53] FINDING: proxy_dead_impl at 0x80401a8FA37361cf8bC5e2E1251c112c3508eb48 (0.0000 ETH)
[2026-02-22 17:23:53] FINDING: proxy_dead_impl at 0x0d0159Db53aC84C956039c5330D67AFC0d0151a7 (0.0000 ETH)
[2026-02-22 17:23:54] FINDING: proxy_dead_impl at 0x83FaE95D5b6c73F1248E333185b0AC307114a672 (0.0000 ETH)
[2026-02-22 17:24:01] Blocks 42495842-42495846: 2 new contracts
[2026-02-22 17:24:01] FINDING: proxy_dead_impl at 0x49830D190CF3b4CcF99bb53ab7C4a8ccf512A98e (0.0000 ETH)
[2026-02-22 17:24:01] FINDING: proxy_dead_impl at 0x167C353470881308d129E54846754b43af8Df78E (0.0000 ETH)
[2026-02-22 17:24:49] Blocks 42495868-42495870: 5 new contracts
[2026-02-22 17:24:49] FINDING: proxy_dead_impl at 0x53355f4675bC34f4342A290931F3Ae079E98Eebc (0.0000 ETH)
[2026-02-22 17:24:49] FINDING: proxy_dead_impl at 0x09405D812b84f79eB454c01d6E56f9c2DeE8814b (0.0000 ETH)
[2026-02-22 17:24:50] FINDING: proxy_dead_impl at 0x802D857a4140f305d85e7455447704D1462254c3 (0.0000 ETH)
[2026-02-22 17:24:50] FINDING: proxy_dead_impl at 0xD8AfB7b0916C409a1d4521273EC973e6ca570E52 (0.0000 ETH)
[2026-02-22 17:24:50] FINDING: proxy_dead_impl at 0xAda00E343bc0520DAA39dCc1233182567E316DD0 (0.0000 ETH)
[2026-02-22 17:24:57] Blocks 42495871-42495874: 1 new contracts
[2026-02-22 17:24:57] FINDING: proxy_dead_impl at 0xc3036F40A7f5206d936f592B309362a5B55066eC (0.0000 ETH)
[2026-02-22 17:25:04] Blocks 42495875-42495878: 1 new contracts
[2026-02-22 17:25:04] FINDING: proxy_dead_impl at 0x4eB584F17aC0087457Ac337FF706B4321ff1C909 (0.0000 ETH)
[2026-02-22 17:25:11] HEARTBEAT: cycle=50 block=42495881 findings=29
[2026-02-22 17:25:24] Blocks 42495886-42495888: 1 new contracts
[2026-02-22 17:25:25] FINDING: proxy_dead_impl at 0x8C14627Ae4a3e1CeD0C8A981b73641fE99f370D8 (0.0000 ETH)
[2026-02-22 17:25:45] Blocks 42495896-42495898: 1 new contracts
[2026-02-22 17:25:45] FINDING: proxy_dead_impl at 0x63bD05B9be4f7C438a29676D6F86d354A56a9ade (0.0000 ETH)
[2026-02-22 17:25:52] Blocks 42495899-42495902: 1 new contracts
[2026-02-22 17:25:52] FINDING: proxy_dead_impl at 0x1Af85Af45EebC78Ac186717d7AdEbFE825d7C7d9 (0.0000 ETH)
[2026-02-22 17:25:59] Blocks 42495903-42495905: 2 new contracts
[2026-02-22 17:25:59] FINDING: proxy_dead_impl at 0x74012Bd43f42DCEdE6B9C1F4D333D26683286393 (0.0000 ETH)
[2026-02-22 17:25:59] FINDING: proxy_dead_impl at 0x633029d252089b2790dd053d1233994266dF7733 (0.0000 ETH)
[2026-02-22 17:26:13] Blocks 42495910-42495912: 2 new contracts
[2026-02-22 17:26:13] FINDING: proxy_dead_impl at 0xeD009B37A2c64c099509d1F3271cE5D62b3d76c8 (0.0000 ETH)
[2026-02-22 17:26:14] FINDING: proxy_dead_impl at 0x778E7C24ad251DAc673e4422E66D248d6d8B3342 (0.0000 ETH)
[2026-02-22 17:26:42] Blocks 42495924-42495927: 1 new contracts
[2026-02-22 17:26:42] FINDING: proxy_dead_impl at 0x24e9387892a3b9F8CD7111cFDEF94B6E86c88a74 (0.0000 ETH)
[2026-02-22 17:26:49] Blocks 42495928-42495930: 2 new contracts
[2026-02-22 17:26:49] FINDING: proxy_dead_impl at 0xf803118865a6fD120a9Fe5cAfC77E6e5bbAF0acE (0.0000 ETH)
[2026-02-22 17:26:50] FINDING: proxy_dead_impl at 0x201E80290af78b53eAFC94157D452392eC7fbb5a (0.0000 ETH)
[2026-02-22 17:26:56] Blocks 42495931-42495934: 1 new contracts
[2026-02-22 17:26:57] FINDING: proxy_dead_impl at 0xbbC2fC1Cd4eb6f23F9e60068a1312deE661683D3 (0.0000 ETH)
[2026-02-22 17:27:10] Blocks 42495938-42495941: 2 new contracts
[2026-02-22 17:27:11] FINDING: proxy_dead_impl at 0x2d5D1c1EC9d5Ccf887d82c68024726290291d7E1 (0.0000 ETH)
[2026-02-22 17:27:11] FINDING: proxy_dead_impl at 0xf540995d6Aa25233B2B568017682b4E4C799CE74 (0.0000 ETH)
[2026-02-22 17:27:18] Blocks 42495942-42495945: 2 new contracts
[2026-02-22 17:27:18] FINDING: proxy_dead_impl at 0x16eBb58b24afD7bA4DD105321ed476683d5E03b5 (0.0000 ETH)
[2026-02-22 17:27:19] FINDING: proxy_dead_impl at 0x68C7fE7F51767955F519615cd5a2f9f573b6Ec77 (0.0000 ETH)
[2026-02-22 17:27:25] Blocks 42495946-42495948: 5 new contracts
[2026-02-22 17:27:25] FINDING: proxy_dead_impl at 0x35F9bF989E68fB35641BC5dBa34b3bF208B787C8 (0.0000 ETH)
[2026-02-22 17:27:26] FINDING: proxy_dead_impl at 0x0E9eB04604f20B8D0ef2c797EF2a748FC3199602 (0.0000 ETH)
[2026-02-22 17:27:26] FINDING: proxy_dead_impl at 0xe40D647d8E10E7b2A231d8EEe28b0852bDC04037 (0.0000 ETH)
[2026-02-22 17:27:27] FINDING: proxy_dead_impl at 0x92a57959C4436b9AAB65E3F69E8D032c88159e03 (0.0000 ETH)
[2026-02-22 17:27:27] FINDING: proxy_dead_impl at 0xcDc0cb4E38a04c559509B8571a839af3098c0cC5 (0.0000 ETH)
[2026-02-22 17:27:34] Blocks 42495949-42495952: 3 new contracts
[2026-02-22 17:27:34] FINDING: proxy_dead_impl at 0x488A2E6e4Ec16DC3e300243A8f18BfCBc966EFE3 (0.0000 ETH)
[2026-02-22 17:27:34] FINDING: proxy_dead_impl at 0x3568b092A19b63C766B23A5ad963E4E5685a3121 (0.0000 ETH)
[2026-02-22 17:27:34] FINDING: proxy_dead_impl at 0x7ab54E0Ef5E318Cc2647FED8A5DD6e80ba4CA3C6 (0.0000 ETH)
[2026-02-22 17:27:42] Blocks 42495953-42495956: 3 new contracts
[2026-02-22 17:27:42] FINDING: proxy_dead_impl at 0x1dAb7c6Cda47f3642514b4756F9ea43966405097 (0.0000 ETH)
[2026-02-22 17:27:42] FINDING: proxy_dead_impl at 0x75B502144132a94D81e613B121d387F8E951c9f4 (0.0000 ETH)
[2026-02-22 17:27:42] FINDING: proxy_dead_impl at 0x06Dfdaf72A012dc7042E6e5c605c5623c38c8198 (0.0000 ETH)
[2026-02-22 17:27:49] Blocks 42495957-42495960: 2 new contracts
[2026-02-22 17:27:50] FINDING: proxy_dead_impl at 0x078d4C6074083c7b12022235b52aFEa91e0354DD (0.0000 ETH)
[2026-02-22 17:27:50] FINDING: proxy_dead_impl at 0x6f9168b30cc5D0394BC078102c409773D9f0522b (0.0000 ETH)
[2026-02-22 17:27:57] Blocks 42495961-42495964: 2 new contracts
[2026-02-22 17:27:57] FINDING: proxy_dead_impl at 0x2928B6f6A772F83c7B6279Acc8C0Db8600f805dE (0.0000 ETH)
[2026-02-22 17:27:57] FINDING: proxy_dead_impl at 0x5C2F0f599705EFB3d7685b382C0232F2a286A342 (0.0000 ETH)
[2026-02-22 17:28:11] Blocks 42495969-42495971: 1 new contracts
[2026-02-22 17:28:11] FINDING: proxy_dead_impl at 0xE4bbaC758b377dEa471b8bBb3E6Dc06bd741661F (0.0000 ETH)
[2026-02-22 17:28:18] Blocks 42495972-42495975: 2 new contracts
[2026-02-22 17:28:18] FINDING: proxy_dead_impl at 0x2bF54A7dAb5a11ac28b9BA015761799456651Ed0 (0.0000 ETH)
[2026-02-22 17:28:18] FINDING: proxy_dead_impl at 0xd7437781C9fC51F32268Ca7C25665abDFDE252B7 (0.0000 ETH)
[2026-02-22 17:28:25] Blocks 42495976-42495978: 1 new contracts
[2026-02-22 17:28:25] FINDING: proxy_dead_impl at 0x372465FfcaA73713aA1e991f71FD8F97b8373111 (0.0000 ETH)
[2026-02-22 17:28:32] Blocks 42495979-42495982: 2 new contracts
[2026-02-22 17:28:33] FINDING: proxy_dead_impl at 0xF7bAF306EfA645552c32E237d1E0994665FFF819 (0.0000 ETH)
[2026-02-22 17:28:33] FINDING: proxy_dead_impl at 0x54047D32dCeA2718d24dA75328aAFCbe4D276563 (0.0000 ETH)
[2026-02-22 17:28:40] Blocks 42495983-42495986: 1 new contracts
[2026-02-22 17:28:40] FINDING: proxy_dead_impl at 0xe6b79DAA13BEd31bE84abD563b3c550b77e2F36D (0.0000 ETH)
[2026-02-22 17:28:47] Blocks 42495987-42495989: 1 new contracts
[2026-02-22 17:28:47] FINDING: proxy_dead_impl at 0xa6f125Ca92581eBaF44e92A54F1eE0420d9B6090 (0.0000 ETH)
[2026-02-22 17:29:01] Blocks 42495994-42495996: 1 new contracts
[2026-02-22 17:29:01] FINDING: proxy_dead_impl at 0x5eaEB3f34ed7a30a4c35aB63e62faefb9445479B (0.0000 ETH)
[2026-02-22 17:29:14] Blocks 42496001-42496003: 1 new contracts
[2026-02-22 17:29:14] FINDING: proxy_dead_impl at 0xf1aEA213FA3A2E89Ed90cc7d8ef87F4aC3B0B709 (0.0000 ETH)
[2026-02-22 17:29:21] Blocks 42496004-42496006: 3 new contracts
[2026-02-22 17:29:21] FINDING: proxy_dead_impl at 0x028752d0fD39477Ea9c8e5F8b24F24Eb90C638F3 (0.0000 ETH)
[2026-02-22 17:29:22] FINDING: proxy_dead_impl at 0xF01ec4A7250c7f89B6e315b49812343ccc0A5bbE (0.0000 ETH)
[2026-02-22 17:29:22] FINDING: proxy_dead_impl at 0x74E2a62E63FC7A2aC402CE781c47bF2Db201301C (0.0000 ETH)
[2026-02-22 17:29:29] Blocks 42496007-42496010: 1 new contracts
[2026-02-22 17:29:29] FINDING: proxy_dead_impl at 0x7a28B90F06510e23b2dA460bBff431750F3d7A7B (0.0000 ETH)
[2026-02-22 17:29:36] Blocks 42496011-42496014: 2 new contracts
[2026-02-22 17:29:36] FINDING: proxy_dead_impl at 0x7eB3835D9Ca0e9555cABfa00377D1C7121B80f49 (0.0000 ETH)
[2026-02-22 17:29:36] FINDING: proxy_dead_impl at 0xc02dD8D55a63f25Ca0859Ef17BCcD40011860Ba3 (0.0000 ETH)
[2026-02-22 17:30:18] Blocks 42496032-42496035: 1 new contracts
[2026-02-22 17:30:18] FINDING: proxy_dead_impl at 0xF303a2eDA2e030dcc54c2833fDbE1Ab63D6947F8 (0.0000 ETH)
[2026-02-22 17:30:45] Blocks 42496046-42496048: 1 new contracts
[2026-02-22 17:30:45] FINDING: proxy_dead_impl at 0x3BEBFAB6b01d43caad042f5Fd865F44D12C8bcFc (0.0000 ETH)
[2026-02-22 17:30:59] Blocks 42496053-42496055: 1 new contracts
[2026-02-22 17:30:59] FINDING: proxy_dead_impl at 0xDC431a4Ba6a56e9ad067602Ce8c5aeA598eCba7F (0.0000 ETH)
[2026-02-22 17:31:06] Cycle 100: Periodic skim scan
[2026-02-22 17:31:06] Scanning 30 pairs from factory 0x8909Dc15...
[2026-02-22 17:31:06] Factory has 2880840 pairs total
[2026-02-22 17:32:26] Scanning 30 pairs from factory 0x420DD381...
[2026-02-22 17:32:28] Factory scan failed: 429 Client Error: Too Many Requests for url: https://mainnet.base.org/
[2026-02-22 17:32:28] HEARTBEAT: cycle=100 block=42496059 findings=78
[2026-02-22 17:32:40] Blocks 42496060-42496079: 2 new contracts
[2026-02-22 17:32:40] FINDING: proxy_dead_impl at 0x70602480F64263A16e071fca56481B6E5447B815 (0.0000 ETH)
[2026-02-22 17:32:41] FINDING: unguarded_functions at 0x70602480F64263A16e071fca56481B6E5447B815 (0.0000 ETH)
[2026-02-22 17:32:41] FINDING: proxy_dead_impl at 0x73b25641f74C63E60b314605cbef2a9fB932f374 (0.0000 ETH)
[2026-02-22 17:32:41] FINDING: unguarded_functions at 0x73b25641f74C63E60b314605cbef2a9fB932f374 (0.0000 ETH)
[2026-02-22 17:33:11] Blocks 42496100-42496117: 6 new contracts
[2026-02-22 17:33:11] FINDING: proxy_dead_impl at 0x0a75F19Da31EFE5D1bfd96bC87B97077AAe7DBe3 (0.0000 ETH)
[2026-02-22 17:33:12] FINDING: proxy_dead_impl at 0xD5d1d57516b63125675cCe0F7c5eD53a87B5161E (0.0000 ETH)
[2026-02-22 17:33:13] FINDING: proxy_dead_impl at 0xfA0bdbE93b30BAdF36699932c44EFffD00BEa83A (0.0000 ETH)
[2026-02-22 17:33:14] FINDING: proxy_dead_impl at 0xC2c9A94666A891722a09746CBc5E5362409EBBBC (0.0000 ETH)
[2026-02-22 17:33:16] FINDING: proxy_dead_impl at 0xF5131A0c73664df5CD4Aed65E4f2E349d406871C (0.0000 ETH)
[2026-02-22 17:33:17] FINDING: proxy_dead_impl at 0x6BDCB6f3d24a17Ce8B45fFA8a34c5b94A01b2CA0 (0.0000 ETH)
[2026-02-22 17:33:30] Blocks 42496118-42496127: 1 new contracts
[2026-02-22 17:33:30] FINDING: proxy_dead_impl at 0xDfaB06707968f01dB0b5F324E2F760Df26E8C3E9 (0.0000 ETH)
[2026-02-22 17:33:39] Blocks 42496128-42496134: 1 new contracts
[2026-02-22 17:33:39] FINDING: proxy_dead_impl at 0x9c7a78a46Fb1eB9B07e01704dA034EE1EB2695b1 (0.0000 ETH)
[2026-02-22 17:33:48] Blocks 42496135-42496138: 2 new contracts
[2026-02-22 17:33:48] FINDING: proxy_dead_impl at 0xd553a1309820da43A2f82055FBef27cD6B988875 (0.0000 ETH)
[2026-02-22 17:33:48] FINDING: proxy_dead_impl at 0xAd6276a9AcDf88BcA207B308988275E132D34f00 (0.0000 ETH)
[2026-02-22 17:34:47] Blocks 42496166-42496169: 1 new contracts
[2026-02-22 17:34:47] FINDING: proxy_dead_impl at 0xf405818a33a498D732fA84C074Ffa70CCa4714a9 (0.0000 ETH)
[2026-02-22 17:35:00] Blocks 42496173-42496176: 1 new contracts
[2026-02-22 17:35:01] FINDING: proxy_dead_impl at 0x7eaF96aa68CA4493529c9b6D4006F0D7D3F0f6bc (0.0000 ETH)
[2026-02-22 17:35:27] Blocks 42496187-42496189: 1 new contracts
[2026-02-22 17:35:27] FINDING: proxy_dead_impl at 0xccD40bFe68A231D2c0017A68ce935B7809f221b9 (0.0000 ETH)
[2026-02-22 17:35:34] Blocks 42496190-42496193: 1 new contracts
[2026-02-22 17:35:34] FINDING: proxy_dead_impl at 0x3df1EdaBb72b1e960DE253f53f3E8a99e2640056 (0.0000 ETH)
[2026-02-22 17:35:48] Blocks 42496197-42496200: 1 new contracts
[2026-02-22 17:35:48] FINDING: proxy_dead_impl at 0x22a2487341992A5F6BFa55940e47d80fB6F351D7 (0.0000 ETH)
[2026-02-22 17:36:02] Blocks 42496204-42496207: 1 new contracts
[2026-02-22 17:36:02] FINDING: proxy_dead_impl at 0xD445A60C3c43474F1E970217dCc6eDB83c5268e9 (0.0000 ETH)
[2026-02-22 17:36:09] Blocks 42496208-42496210: 1 new contracts
[2026-02-22 17:36:09] FINDING: proxy_dead_impl at 0x3F200B22C642325D9C745Cc1FBA8264222850F95 (0.0000 ETH)
[2026-02-22 17:36:16] Blocks 42496211-42496214: 1 new contracts
[2026-02-22 17:36:16] FINDING: proxy_dead_impl at 0x2B3BFfe3B0838bc8f05efa2b7A6A76aE25193Ce9 (0.0000 ETH)
[2026-02-22 17:36:23] Blocks 42496215-42496217: 1 new contracts
[2026-02-22 17:36:23] FINDING: proxy_dead_impl at 0xFb43306dBD0FD7D87f08aB147fD1e9dCAcE7a017 (0.0000 ETH)
[2026-02-22 17:36:30] Blocks 42496218-42496221: 1 new contracts
[2026-02-22 17:36:30] FINDING: proxy_dead_impl at 0x2276b0F66ba9edc2c7ECCE01EE502F6c9CacD52E (0.0000 ETH)
[2026-02-22 17:36:57] Blocks 42496232-42496234: 1 new contracts
[2026-02-22 17:36:57] FINDING: proxy_dead_impl at 0xb65C7C98a6a78F85BEb6c608df9436878d9b44D4 (0.0000 ETH)
[2026-02-22 17:37:04] Blocks 42496235-42496238: 2 new contracts
[2026-02-22 17:37:04] FINDING: proxy_dead_impl at 0xeFB7ac41e375eC6af10b59e0bA712afDF8fF4aFD (0.0000 ETH)
[2026-02-22 17:37:04] FINDING: proxy_dead_impl at 0xC04206f99D20Bb97bE2A5bC9970937d857C4E382 (0.0000 ETH)
[2026-02-22 17:37:11] Blocks 42496239-42496241: 1 new contracts
[2026-02-22 17:37:11] FINDING: proxy_dead_impl at 0xf70608CbE4460f8b1A3906C3D73945F115FE2e7A (0.0000 ETH)
[2026-02-22 17:37:25] Blocks 42496246-42496248: 1 new contracts
[2026-02-22 17:37:25] FINDING: proxy_dead_impl at 0x766651Cc5B8F93206bFccA70353fC47955Cc808D (0.0000 ETH)
[2026-02-22 17:37:32] Blocks 42496249-42496252: 1 new contracts
[2026-02-22 17:37:32] FINDING: proxy_dead_impl at 0x5f5823F1c953a158211CC2056c2811aD58B0F954 (0.0000 ETH)
[2026-02-22 17:38:06] Blocks 42496266-42496269: 1 new contracts
[2026-02-22 17:38:06] FINDING: proxy_dead_impl at 0x8D9AC4618AAC45c1EF012F2ea251CEde58b85B33 (0.0000 ETH)
[2026-02-22 17:38:20] Blocks 42496273-42496276: 1 new contracts
[2026-02-22 17:38:20] FINDING: proxy_dead_impl at 0x218EfAC550e7C0aD769B9A2489552Ff435762FFe (0.0000 ETH)
[2026-02-22 17:38:33] Blocks 42496280-42496282: 1 new contracts
[2026-02-22 17:38:34] FINDING: proxy_dead_impl at 0xE0e3c4c4042D3CBD357D9a5f3A6E256dcA93FF99 (0.0000 ETH)
[2026-02-22 17:38:41] Blocks 42496283-42496286: 2 new contracts
[2026-02-22 17:38:41] FINDING: proxy_dead_impl at 0xbeF1D940A1b5820307D24297afa77647Ce0596dB (0.0000 ETH)
[2026-02-22 17:38:41] FINDING: proxy_dead_impl at 0x777B4d3808bA05371fbb6596f60963a1cCBDA23f (0.0000 ETH)
[2026-02-22 17:38:55] HEARTBEAT: cycle=150 block=42496293 findings=113
[2026-02-22 17:39:01] Blocks 42496294-42496296: 1 new contracts
[2026-02-22 17:39:01] FINDING: proxy_dead_impl at 0x5aedFc312560262D28469121371f6BcE5dCCbfA2 (0.0000 ETH)
[2026-02-22 17:39:09] Blocks 42496297-42496300: 1 new contracts
[2026-02-22 17:39:09] FINDING: proxy_dead_impl at 0xA1575254514535aE1c6c480A943De191D1bd0113 (0.0000 ETH)
[2026-02-22 17:39:30] Blocks 42496308-42496311: 1 new contracts
[2026-02-22 17:39:30] FINDING: proxy_dead_impl at 0x11b94cC13254999A6946223ade23eFC222A40aD5 (0.0000 ETH)
[2026-02-22 17:40:03] Blocks 42496325-42496327: 1 new contracts
[2026-02-22 17:40:04] FINDING: proxy_dead_impl at 0x82c89156a9C72A1BCAce4ea0E8c707F993150e41 (0.0000 ETH)
[2026-02-22 17:40:45] Blocks 42496346-42496348: 1 new contracts
[2026-02-22 17:40:45] FINDING: proxy_dead_impl at 0x98287F472Cbd45Fc9E8f51AA969f43FfE510605e (0.0000 ETH)
[2026-02-22 17:40:52] Blocks 42496349-42496352: 1 new contracts
[2026-02-22 17:40:52] FINDING: proxy_dead_impl at 0x92574645f6eF37E2CbDF45998348dbF4F97DCFf3 (0.0000 ETH)
[2026-02-22 17:41:32] Blocks 42496369-42496372: 1 new contracts
[2026-02-22 17:41:32] FINDING: proxy_dead_impl at 0x2C102e8235182EFbE7D7A60D5ea9B5C3f92B6079 (0.0000 ETH)
[2026-02-22 17:41:52] Blocks 42496379-42496382: 1 new contracts
[2026-02-22 17:41:52] FINDING: proxy_dead_impl at 0xA811B716bc083A3eBF718FAB1729A75e200Ad09a (0.0000 ETH)
[2026-02-22 17:41:59] Blocks 42496383-42496385: 1 new contracts
[2026-02-22 17:41:59] FINDING: proxy_dead_impl at 0x3d5EEcC0031BcD245757e7580F49A6CC1C0612d1 (0.0000 ETH)
[2026-02-22 17:42:07] Blocks 42496386-42496389: 1 new contracts
[2026-02-22 17:42:07] FINDING: proxy_dead_impl at 0x8BE6d61F133631fd9F23CeDbC2cb6d7B9cb1F644 (0.0000 ETH)
[2026-02-22 17:42:27] Blocks 42496397-42496399: 1 new contracts
[2026-02-22 17:42:27] FINDING: proxy_dead_impl at 0xbdb9447E6acD9c9a0B5Ee2541E8a291E4f1DeaBC (0.0000 ETH)
[2026-02-22 17:42:41] Blocks 42496404-42496406: 1 new contracts
[2026-02-22 17:42:41] FINDING: proxy_dead_impl at 0x38e98c1c458f5F06Be01A72455D6e959560E9416 (0.0000 ETH)
[2026-02-22 17:42:47] Blocks 42496407-42496409: 1 new contracts
[2026-02-22 17:42:47] FINDING: proxy_dead_impl at 0xDa8Db122daaDA7001Dd2d5888c9365Db1602a5e2 (0.0000 ETH)
[2026-02-22 17:43:07] Blocks 42496417-42496419: 1 new contracts
[2026-02-22 17:43:07] FINDING: proxy_dead_impl at 0x628633570FF5626a40C397815506332BD4604CAe (0.0000 ETH)
[2026-02-22 17:43:14] Blocks 42496420-42496423: 1 new contracts
[2026-02-22 17:43:14] FINDING: proxy_dead_impl at 0xb03b10091bC0bc0228859fFBc3b3Ab8265380CA1 (0.0000 ETH)
[2026-02-22 17:43:35] Blocks 42496431-42496433: 1 new contracts
[2026-02-22 17:43:35] FINDING: proxy_dead_impl at 0x9F53449BdD3fF39146D378f97821b1A4630f9a7E (0.0000 ETH)
[2026-02-22 17:44:34] Cycle 200: Periodic skim scan
[2026-02-22 17:44:34] Scanning 30 pairs from factory 0x8909Dc15...
[2026-02-22 17:44:34] Factory has 2880859 pairs total
[2026-02-22 17:45:49] Scanning 30 pairs from factory 0x420DD381...
[2026-02-22 17:45:50] Factory scan failed: ('execution reverted', '0x')
[2026-02-22 17:45:50] HEARTBEAT: cycle=200 block=42496463 findings=129
[2026-02-22 17:46:02] Blocks 42496464-42496483: 2 new contracts
[2026-02-22 17:46:02] FINDING: proxy_dead_impl at 0xE16DA8F8E001336c60591E8ea83D706638533777 (0.0000 ETH)
[2026-02-22 17:46:02] FINDING: unguarded_functions at 0xE16DA8F8E001336c60591E8ea83D706638533777 (0.0000 ETH)
[2026-02-22 17:46:03] FINDING: proxy_dead_impl at 0x38aB9426BadE596FDca13f4AB348cc5De048F2dB (0.0000 ETH)
[2026-02-22 17:46:14] Blocks 42496484-42496503: 5 new contracts
[2026-02-22 17:46:14] FINDING: proxy_dead_impl at 0x6D56a0C7f99675384f7bD1281b7F1761F465C5a7 (0.0000 ETH)
[2026-02-22 17:46:14] FINDING: proxy_dead_impl at 0x46dBa991a8823852222b28666221d01F09294eD0 (0.0000 ETH)
[2026-02-22 17:46:15] FINDING: proxy_dead_impl at 0x70AB912018826e263C3c7326Ea73723d85F9f932 (0.0000 ETH)
[2026-02-22 17:46:15] FINDING: proxy_dead_impl at 0xC1f6549E603Da56551D669371352B453CDA55835 (0.0000 ETH)
[2026-02-22 17:46:15] FINDING: proxy_dead_impl at 0x1BFe1D2D8D06b42FDc66A85325c790047D4906e2 (0.0000 ETH)
[2026-02-22 17:46:25] Blocks 42496504-42496517: 2 new contracts
[2026-02-22 17:46:25] FINDING: proxy_dead_impl at 0x087601842541897B66461E828F2c5a1833264CDC (0.0000 ETH)
[2026-02-22 17:46:25] FINDING: proxy_dead_impl at 0x2Ee8Ba684224f2f7f155500a22ae1399304a71dB (0.0000 ETH)
[2026-02-22 17:46:32] Blocks 42496518-42496522: 1 new contracts
[2026-02-22 17:46:33] FINDING: proxy_dead_impl at 0xf31379a5D23164c83cE5d652237FB89Ccf04fC3A (0.0000 ETH)
[2026-02-22 17:46:39] Blocks 42496523-42496525: 2 new contracts
[2026-02-22 17:46:40] FINDING: proxy_dead_impl at 0x0903fc001038F9732707B5099e0FB5E0B3d3eB54 (0.0000 ETH)
[2026-02-22 17:46:40] FINDING: proxy_dead_impl at 0x46c74C413cC6d19906E4679753C1d1501c84d5B9 (0.0000 ETH)
[2026-02-22 17:46:54] Blocks 42496530-42496532: 2 new contracts
[2026-02-22 17:46:55] FINDING: proxy_dead_impl at 0xdAF936E46b7cd884378800f8b8459ADCe4fb6A8C (0.0000 ETH)
[2026-02-22 17:46:55] FINDING: proxy_dead_impl at 0xe127c1F418bA0c56A47aF5Cb836d750f785a151F (0.0000 ETH)
[2026-02-22 17:47:04] Blocks 42496533-42496537: 1 new contracts
[2026-02-22 17:47:04] FINDING: proxy_dead_impl at 0xD8Ef8BB0E23142D27568E2ce4FBD86f546537730 (0.0000 ETH)
[2026-02-22 17:47:11] Blocks 42496538-42496541: 1 new contracts
[2026-02-22 17:47:11] FINDING: proxy_dead_impl at 0x10ead98F4437471Cb8003C17AA9C61cD86Fc045F (0.0000 ETH)
[2026-02-22 17:47:19] Blocks 42496542-42496545: 1 new contracts
[2026-02-22 17:47:19] FINDING: proxy_dead_impl at 0xeE27ba8C2f11eA50d3f03883850bd9Eb9C27c297 (0.0000 ETH)
[2026-02-22 17:47:34] Blocks 42496550-42496552: 1 new contracts
[2026-02-22 17:47:34] FINDING: proxy_dead_impl at 0xFd74505AD3d6E92aAa17aCc478c1a2C2b77A8C7d (0.0000 ETH)
[2026-02-22 17:47:49] Blocks 42496557-42496560: 1 new contracts
[2026-02-22 17:47:49] FINDING: proxy_dead_impl at 0xF20214b8829Ac0cE46DfcE428de85B294701Aea9 (0.0000 ETH)
[2026-02-22 17:47:57] Blocks 42496561-42496564: 1 new contracts
[2026-02-22 17:47:57] FINDING: proxy_dead_impl at 0x6d1345ea5B9F59A357873Cffc8527eF8be6A9552 (0.0000 ETH)
[2026-02-22 17:48:11] Blocks 42496568-42496571: 2 new contracts
[2026-02-22 17:48:11] FINDING: proxy_dead_impl at 0x8b69e1f9B81b60A590aE09C4Eeb7406664130001 (0.0000 ETH)
[2026-02-22 17:48:11] FINDING: unguarded_functions at 0x8b69e1f9B81b60A590aE09C4Eeb7406664130001 (0.0000 ETH)
[2026-02-22 17:48:11] FINDING: proxy_dead_impl at 0x1842179667F575493177Cb26685579e3b75F8b14 (0.0000 ETH)
[2026-02-22 17:48:25] Blocks 42496576-42496578: 1 new contracts
[2026-02-22 17:48:25] FINDING: proxy_dead_impl at 0x2bf122c4A9ad159d6DE20CD817a587cDF5f5B4b4 (0.0000 ETH)
[2026-02-22 17:48:32] Blocks 42496579-42496582: 1 new contracts
[2026-02-22 17:48:32] FINDING: proxy_dead_impl at 0xa5391Ecb740b7fe70bD5ba7f0ce03B4835e0782C (0.0000 ETH)
[2026-02-22 17:48:47] Blocks 42496586-42496589: 1 new contracts
[2026-02-22 17:48:47] FINDING: proxy_dead_impl at 0xde25D1D31f6881A5c4Cb17Ba34d1F61f71A4e43D (0.0000 ETH)
[2026-02-22 17:49:28] Blocks 42496607-42496610: 1 new contracts
[2026-02-22 17:49:28] FINDING: proxy_dead_impl at 0x6709C0dF1a2a015B3C34d6C7a04a185fbAc4740a (0.0000 ETH)
[2026-02-22 17:50:29] Blocks 42496638-42496640: 1 new contracts
[2026-02-22 17:50:29] FINDING: proxy_dead_impl at 0x5e6109176Ef2607bBe5ba9318Eec1f831DdCc751 (0.0000 ETH)
[2026-02-22 17:50:43] Blocks 42496645-42496647: 1 new contracts
[2026-02-22 17:50:43] FINDING: proxy_dead_impl at 0x7d79969DEDefa00e39C28713BAc3d9d49510cf36 (0.0000 ETH)
[2026-02-22 17:51:10] Blocks 42496658-42496661: 1 new contracts
[2026-02-22 17:51:10] FINDING: proxy_dead_impl at 0xEA850ED878186c9d7E7FfC79ef6081CdFfBA5244 (0.0000 ETH)
[2026-02-22 17:51:24] Blocks 42496665-42496667: 1 new contracts
[2026-02-22 17:51:24] FINDING: proxy_dead_impl at 0xa2d9D9997524875577BD0879D608E9d04BD9dcb8 (0.0000 ETH)
[2026-02-22 17:51:31] Blocks 42496668-42496671: 1 new contracts
[2026-02-22 17:51:31] FINDING: proxy_dead_impl at 0x6C7CD41045F94a19B59a2079660CE281efDbc126 (0.0000 ETH)
[2026-02-22 17:51:59] HEARTBEAT: cycle=250 block=42496685 findings=162
[2026-02-22 17:52:26] Blocks 42496696-42496699: 1 new contracts
[2026-02-22 17:52:26] FINDING: proxy_dead_impl at 0x4E979a9999e27f303f2faAD73714aed122C9DE69 (0.0000 ETH)
[2026-02-22 17:52:53] Blocks 42496710-42496712: 1 new contracts
[2026-02-22 17:52:53] FINDING: proxy_dead_impl at 0xFc6548F0134EA6E8Bb4CaC275F10bf48cDA3370E (0.0000 ETH)
[2026-02-22 17:52:59] Blocks 42496713-42496715: 1 new contracts
[2026-02-22 17:52:59] FINDING: proxy_dead_impl at 0x7e79CEE63c328D53aE4E2A269b1b0efA53780AC7 (0.0000 ETH)
[2026-02-22 17:54:01] Blocks 42496743-42496746: 1 new contracts
[2026-02-22 17:54:02] FINDING: proxy_dead_impl at 0x41D33e1Ac19e01150fb6DE2fF9DdF1d9DEB5cc40 (0.0000 ETH)
[2026-02-22 17:54:09] Blocks 42496747-42496750: 1 new contracts
[2026-02-22 17:54:09] FINDING: proxy_dead_impl at 0xaFd02A23C2ab88f5F87380a9b9320d48c26b1394 (0.0000 ETH)
[2026-02-22 17:54:16] Blocks 42496751-42496754: 2 new contracts
[2026-02-22 17:54:16] FINDING: proxy_dead_impl at 0x52EFa09Bca32Cb853573B5592BCCefb3447DdE91 (0.0000 ETH)
[2026-02-22 17:54:17] FINDING: proxy_dead_impl at 0xC35b8e19d399E255690D46a1b4D57e37717eaF0D (0.0000 ETH)
[2026-02-22 17:54:23] Blocks 42496755-42496757: 1 new contracts
[2026-02-22 17:54:23] FINDING: proxy_dead_impl at 0x1E1BDb08D60ddBfDeE39d6b8F366aD512A8E4eEc (0.0000 ETH)
[2026-02-22 17:54:38] Blocks 42496762-42496765: 1 new contracts
[2026-02-22 17:54:38] FINDING: proxy_dead_impl at 0x5A80D32c2e241f8c81bF690BD28F6c77affD0eC7 (0.0000 ETH)
[2026-02-22 17:54:38] FINDING: unguarded_functions at 0x5A80D32c2e241f8c81bF690BD28F6c77affD0eC7 (0.0000 ETH)
[2026-02-22 17:54:45] Blocks 42496766-42496768: 2 new contracts
[2026-02-22 17:54:46] FINDING: proxy_dead_impl at 0xC741fB02e2360B7F789Fe84487aA795F49B4E091 (0.0000 ETH)
[2026-02-22 17:54:46] FINDING: proxy_dead_impl at 0x7c9a7c376830C7c81dd7C3A170357be0EBB2903f (0.0000 ETH)
[2026-02-22 17:55:07] Blocks 42496777-42496779: 1 new contracts
[2026-02-22 17:55:07] FINDING: proxy_dead_impl at 0xD87246ecBF0AF29b4a748751DDD66E29cb828627 (0.0000 ETH)
[2026-02-22 17:55:35] Blocks 42496791-42496793: 1 new contracts
[2026-02-22 17:55:35] FINDING: proxy_dead_impl at 0x0508fA154335f6b19732e381133b8836fF047Dc6 (0.0000 ETH)
[2026-02-22 17:55:49] Blocks 42496798-42496800: 1 new contracts
[2026-02-22 17:55:49] FINDING: proxy_dead_impl at 0x3Aa50a5B11f9084485c073cC51ba37f139BA0778 (0.0000 ETH)
[2026-02-22 17:57:29] Blocks 42496848-42496850: 1 new contracts
[2026-02-22 17:57:29] FINDING: proxy_dead_impl at 0x7ea6A435C3Fb056Dea9F64636a41f2CcA7e757a2 (0.0000 ETH)
[2026-02-22 17:57:43] Cycle 300: Periodic skim scan
[2026-02-22 17:57:43] Scanning 30 pairs from factory 0x8909Dc15...
[2026-02-22 17:57:43] Factory has 2880875 pairs total
[2026-02-22 17:58:57] Scanning 30 pairs from factory 0x420DD381...
[2026-02-22 17:58:59] Factory scan failed: 429 Client Error: Too Many Requests for url: https://mainnet.base.org/
[2026-02-22 17:58:59] HEARTBEAT: cycle=300 block=42496857 findings=178
[2026-02-22 17:59:17] Blocks 42496878-42496897: 1 new contracts
[2026-02-22 17:59:17] FINDING: proxy_dead_impl at 0xd1Ce7d4343637214faB7e7D491713C8891B1Ad5B (0.0000 ETH)
[2026-02-22 17:59:25] Blocks 42496898-42496908: 1 new contracts
[2026-02-22 17:59:25] FINDING: proxy_dead_impl at 0x4ec4C5cca42C526aCe3e621f254eE4f0554cB8fC (0.0000 ETH)
[2026-02-22 17:59:26] FINDING: unguarded_functions at 0x4ec4C5cca42C526aCe3e621f254eE4f0554cB8fC (0.0000 ETH)
[2026-02-22 17:59:39] Blocks 42496913-42496915: 1 new contracts
[2026-02-22 17:59:39] FINDING: proxy_dead_impl at 0x2395a1dF389eD8bd517Af51E27aA5b0E4193d9da (0.0000 ETH)
[2026-02-22 18:00:13] Blocks 42496929-42496932: 1 new contracts
[2026-02-22 18:00:13] FINDING: proxy_dead_impl at 0x6E69Bc104717Bb33bB7CDB0517F71bEDB8849Ea1 (0.0000 ETH)
[2026-02-22 18:01:10] Blocks 42496957-42496960: 1 new contracts
[2026-02-22 18:01:10] FINDING: proxy_dead_impl at 0xd34a3672FbE541A0a485C54BAfc3b150631C3352 (0.0000 ETH)
[2026-02-22 18:01:17] Blocks 42496961-42496964: 3 new contracts
[2026-02-22 18:01:17] FINDING: proxy_dead_impl at 0xC2A7aD5206617b97828A557Bd437F1231d76CBc2 (0.0000 ETH)
[2026-02-22 18:01:18] FINDING: proxy_dead_impl at 0x9ca05e94f1fb0a388Ce3f23b7A28Fd58BF0F2Ba5 (0.0000 ETH)
[2026-02-22 18:01:18] FINDING: proxy_dead_impl at 0x2C9164477B20a8B3eCd37903854B2Da399623fB1 (0.0000 ETH)
[2026-02-22 18:01:32] Blocks 42496969-42496972: 1 new contracts
[2026-02-22 18:01:32] FINDING: proxy_dead_impl at 0x52A083295A721c13A2C7381F164B6a5bf0311021 (0.0000 ETH)
[2026-02-22 18:01:39] Blocks 42496973-42496975: 1 new contracts
[2026-02-22 18:01:39] FINDING: proxy_dead_impl at 0xC6dddC50960a573C55cD69CD07A0497ca03F6560 (0.0000 ETH)
[2026-02-22 18:01:47] Blocks 42496976-42496979: 2 new contracts
[2026-02-22 18:01:47] FINDING: proxy_dead_impl at 0x0d8CE9AA4c0E6F2E2bDeE90fa62FafD6c9F48583 (0.0000 ETH)
[2026-02-22 18:01:47] FINDING: proxy_dead_impl at 0x09044e12e0a5660fB058cac89C22F278b22e03bB (0.0000 ETH)
[2026-02-22 18:02:14] Blocks 42496990-42496993: 1 new contracts
[2026-02-22 18:02:14] FINDING: proxy_dead_impl at 0xe8d9DB78Af07E5EBe557092105E4e32b491bf841 (0.0000 ETH)
[2026-02-22 18:03:34] Blocks 42497030-42497033: 1 new contracts
[2026-02-22 18:03:34] FINDING: proxy_dead_impl at 0x5892E9652fC47fD85e4d10de06De1F406D299869 (0.0000 ETH)
[2026-02-22 18:04:39] Blocks 42497063-42497066: 1 new contracts
[2026-02-22 18:04:40] FINDING: proxy_dead_impl at 0xB47aE7Cc97C7d86d806343FF1Be4590010383285 (0.0000 ETH)
[2026-02-22 18:04:40] FINDING: unguarded_functions at 0xB47aE7Cc97C7d86d806343FF1Be4590010383285 (0.0000 ETH)
[2026-02-22 18:04:46] HEARTBEAT: cycle=350 block=42497069 findings=195
[2026-02-22 18:05:06] Blocks 42497077-42497079: 1 new contracts
[2026-02-22 18:05:06] FINDING: proxy_dead_impl at 0x0ebEa846BCf43aa574DBEc2DC9EE81cb15DF973C (0.0000 ETH)
[2026-02-22 18:06:20] Blocks 42497113-42497115: 1 new contracts
[2026-02-22 18:06:20] FINDING: proxy_dead_impl at 0x876Cc0A8E75E380bAc38Ab39a7f2aC1AF1c981E9 (0.0000 ETH)
[2026-02-22 18:06:53] Blocks 42497130-42497132: 1 new contracts
[2026-02-22 18:06:53] FINDING: proxy_dead_impl at 0x18D2a02C4024d15F901f618ACC875B79e220e395 (0.0000 ETH)
[2026-02-22 18:07:00] Blocks 42497133-42497136: 1 new contracts
[2026-02-22 18:07:00] FINDING: proxy_dead_impl at 0x7ebd2837F86dF3420E05E5E53D2405CAFd72b2e2 (0.0000 ETH)
[2026-02-22 18:07:33] Blocks 42497150-42497152: 1 new contracts
[2026-02-22 18:07:33] FINDING: proxy_dead_impl at 0xd850820e0C5fac5C24ce4Ba276777ebbb8d9bAeB (0.0000 ETH)
[2026-02-22 18:07:40] Blocks 42497153-42497156: 1 new contracts
[2026-02-22 18:07:40] FINDING: proxy_dead_impl at 0xf785F4B7b8200A3A55EC6bEdfCb426eB0839a379 (0.0000 ETH)
[2026-02-22 18:08:07] Blocks 42497167-42497169: 1 new contracts
[2026-02-22 18:08:07] FINDING: proxy_dead_impl at 0xB3F0dabf0cAa482a1c6d5d9b8860223E21Ac0245 (0.0000 ETH)
[2026-02-22 18:09:07] Blocks 42497197-42497199: 1 new contracts
[2026-02-22 18:09:07] FINDING: proxy_dead_impl at 0xbeF8977DF207b54677265435E2eC2Bd65ba29A9E (0.0000 ETH)
[2026-02-22 18:09:07] FINDING: unguarded_functions at 0xbeF8977DF207b54677265435E2eC2Bd65ba29A9E (0.0000 ETH)
[2026-02-22 18:09:14] Blocks 42497200-42497203: 2 new contracts
[2026-02-22 18:09:15] FINDING: proxy_dead_impl at 0x196791CA7D1E3D4D11016b253d60472d5695c55b (0.0000 ETH)
[2026-02-22 18:09:15] FINDING: proxy_dead_impl at 0xB499729C8E8b44c7426b55286ffD1BE778a8fF8E (0.0000 ETH)
[2026-02-22 18:09:22] Blocks 42497204-42497207: 1 new contracts
[2026-02-22 18:09:22] FINDING: proxy_dead_impl at 0xCF1795066e6f6Bc06B52b1D5bc777BEf935D5418 (0.0000 ETH)
[2026-02-22 18:09:23] FINDING: unguarded_functions at 0xCF1795066e6f6Bc06B52b1D5bc777BEf935D5418 (0.0000 ETH)
[2026-02-22 18:09:36] Blocks 42497211-42497214: 1 new contracts
[2026-02-22 18:09:36] FINDING: proxy_dead_impl at 0x8908e4a73103EB4459071f89779872478CA33332 (0.0000 ETH)
[2026-02-22 18:10:23] Blocks 42497235-42497237: 1 new contracts
[2026-02-22 18:10:23] FINDING: proxy_dead_impl at 0x22556dE63964BEEB1dF2351576C27ecDBF0725F5 (0.0000 ETH)
[2026-02-22 18:10:23] Cycle 400: Periodic skim scan
[2026-02-22 18:10:23] Scanning 30 pairs from factory 0x8909Dc15...
[2026-02-22 18:10:23] Factory has 2880891 pairs total
[2026-02-22 18:11:39] Scanning 30 pairs from factory 0x420DD381...
[2026-02-22 18:11:40] Factory scan failed: ('execution reverted', '0x')
[2026-02-22 18:11:40] HEARTBEAT: cycle=400 block=42497237 findings=210
[2026-02-22 18:11:49] Blocks 42497238-42497257: 5 new contracts
[2026-02-22 18:11:49] FINDING: proxy_dead_impl at 0x669f6fd70c6B8F5CB995A4C7475D38459E2213Ed (0.0000 ETH)
[2026-02-22 18:11:49] FINDING: proxy_dead_impl at 0x4EDa191f8307D4D502A992D2014eB8d38c8FE1E3 (0.0000 ETH)
[2026-02-22 18:11:49] FINDING: proxy_dead_impl at 0xc97C5113637340917b6Cec9bF0A4CDccD94d3ef6 (0.0000 ETH)
[2026-02-22 18:11:49] FINDING: proxy_dead_impl at 0x14E173463f0552e0251cACbED1E30aB55553b7BB (0.0000 ETH)
[2026-02-22 18:11:50] FINDING: proxy_dead_impl at 0x6057be0967d56fB55cf9acdcbF67879701C15ca6 (0.0000 ETH)
[2026-02-22 18:11:59] Blocks 42497258-42497277: 4 new contracts
[2026-02-22 18:11:59] FINDING: proxy_dead_impl at 0xd53BFA4f7BCd4257E11C854B5d3A048154A1C70C (0.0000 ETH)
[2026-02-22 18:11:59] FINDING: proxy_dead_impl at 0xE67ee27649E17BC888aC75A11B733c5a6FFe511B (0.0000 ETH)
[2026-02-22 18:11:59] FINDING: unguarded_functions at 0xE67ee27649E17BC888aC75A11B733c5a6FFe511B (0.0000 ETH)
[2026-02-22 18:12:00] FINDING: proxy_dead_impl at 0x42fBd924d3261e3647a70a71a9CCdD17820D5AEE (0.0000 ETH)
[2026-02-22 18:12:00] FINDING: unguarded_functions at 0x42fBd924d3261e3647a70a71a9CCdD17820D5AEE (0.0000 ETH)
[2026-02-22 18:12:00] FINDING: proxy_dead_impl at 0x23419e3DF9320Bc2389acF7C68f5Cc94705f5BEF (0.0000 ETH)
[2026-02-22 18:12:08] Blocks 42497278-42497289: 1 new contracts
[2026-02-22 18:12:08] FINDING: proxy_dead_impl at 0xc8b091897940520B67745272FAE7a7B3053D33A9 (0.0000 ETH)
[2026-02-22 18:13:02] Blocks 42497314-42497317: 1 new contracts
[2026-02-22 18:13:03] FINDING: proxy_dead_impl at 0xcD617128197dAdeDdf5AE94352aC13aF903cca26 (0.0000 ETH)
[2026-02-22 18:13:30] Blocks 42497328-42497331: 1 new contracts
[2026-02-22 18:13:30] FINDING: proxy_dead_impl at 0x71443E3bAE7437b186CBFa251Cd1339F22267b47 (0.0000 ETH)
[2026-02-22 18:13:37] Blocks 42497332-42497334: 1 new contracts
[2026-02-22 18:13:37] FINDING: proxy_dead_impl at 0x18725508c999eB3DD9f6630b78451862b11e65ba (0.0000 ETH)
[2026-02-22 18:14:03] Blocks 42497345-42497347: 2 new contracts
[2026-02-22 18:14:03] FINDING: proxy_dead_impl at 0x14a4C7EfB83Cc250e36861CB0B59873979cCa1b6 (0.0000 ETH)
[2026-02-22 18:14:03] FINDING: proxy_dead_impl at 0xdbdce9eB963f38E673E21B8Dfa09b983DD2248D5 (0.0000 ETH)
[2026-02-22 18:16:01] Blocks 42497404-42497406: 1 new contracts
[2026-02-22 18:16:01] FINDING: proxy_dead_impl at 0xC1bd88DfF003C944841aAa9FF84bb779142b933a (0.0000 ETH)
[2026-02-22 18:16:08] Blocks 42497407-42497410: 1 new contracts
[2026-02-22 18:16:08] FINDING: proxy_dead_impl at 0xd40E22e5aFE9Ea428ae3c613e895Ef18FD772a2E (0.0000 ETH)
[2026-02-22 18:16:34] Blocks 42497421-42497423: 3 new contracts
[2026-02-22 18:16:34] FINDING: proxy_dead_impl at 0x839cBe3deBF95ac6Ac2A12A644Ac7d1B6e72Af3b (0.0000 ETH)
[2026-02-22 18:16:35] FINDING: proxy_dead_impl at 0x1256E5875C283F9F759a0F4CA6FB7BC6AeA9Cf55 (0.0000 ETH)
[2026-02-22 18:16:35] FINDING: proxy_dead_impl at 0xbe37D95aAa5C624F0fd3549c0CAD88F9E876C660 (0.0000 ETH)
[2026-02-22 18:17:21] HEARTBEAT: cycle=450 block=42497446 findings=232
[2026-02-22 18:17:33] Blocks 42497450-42497453: 1 new contracts
[2026-02-22 18:17:34] FINDING: proxy_dead_impl at 0x21b75F868933e940Ee3d77a6982b08d2EC95aBF6 (0.0000 ETH)
[2026-02-22 18:17:47] Blocks 42497457-42497459: 2 new contracts
[2026-02-22 18:17:47] FINDING: proxy_dead_impl at 0x939dBBcF075de12d9D8df08ef727591DdEBbc13B (0.0000 ETH)
[2026-02-22 18:17:47] FINDING: proxy_dead_impl at 0xC96192795846085D14Fa2c71509B7494A69AF231 (0.0000 ETH)
[2026-02-22 18:18:54] Blocks 42497490-42497493: 1 new contracts
[2026-02-22 18:18:54] FINDING: proxy_dead_impl at 0x63D386156e7E88A6B64fD90128e92b8566d8BFD0 (0.0000 ETH)
[2026-02-22 18:19:15] Blocks 42497501-42497503: 1 new contracts
[2026-02-22 18:19:15] FINDING: proxy_dead_impl at 0xBD866d148e126ACf6bD34ef90a21ab3F11a0786E (0.0000 ETH)
[2026-02-22 18:19:35] Blocks 42497511-42497513: 1 new contracts
[2026-02-22 18:19:35] FINDING: proxy_dead_impl at 0x2C34D6bBe7c7A2dc5c6103b73B335b9e8dA93745 (0.0000 ETH)
[2026-02-22 18:19:48] Blocks 42497517-42497520: 2 new contracts
[2026-02-22 18:19:48] FINDING: proxy_dead_impl at 0x9E8EDD284D79fe1dF06f3978Bd763637B6940A04 (0.0000 ETH)
[2026-02-22 18:19:48] FINDING: proxy_dead_impl at 0xf1075CaE53f354F113d336A8401ee2DC9f86175A (0.0000 ETH)
[2026-02-22 18:20:09] Blocks 42497527-42497530: 1 new contracts
[2026-02-22 18:20:09] FINDING: proxy_dead_impl at 0x9F284004D503D54fC450e11C2973b45445e58b9b (0.0000 ETH)
[2026-02-22 18:20:16] Blocks 42497531-42497534: 1 new contracts
[2026-02-22 18:20:16] FINDING: proxy_dead_impl at 0xDfdF11779bc223200C2955695ac15549687De0A2 (0.0000 ETH)
[2026-02-22 18:20:23] Blocks 42497535-42497537: 2 new contracts
[2026-02-22 18:20:23] FINDING: proxy_dead_impl at 0xC5Ae409DCD63CDcFA5d1833329783281F0fEc27C (0.0000 ETH)
[2026-02-22 18:20:23] FINDING: proxy_dead_impl at 0x49EEfBb677dfa5d2B8c5450D2c8c3A188882ebBb (0.0000 ETH)
[2026-02-22 18:20:45] Blocks 42497546-42497548: 1 new contracts
[2026-02-22 18:20:45] FINDING: proxy_dead_impl at 0x4Df3805bF69244cc13BB8920E09DB5065959aBFe (0.0000 ETH)
[2026-02-22 18:21:25] Blocks 42497566-42497568: 2 new contracts
[2026-02-22 18:21:25] FINDING: proxy_dead_impl at 0xD5Dcc0cD14bCA47d781e2f2BF1c7B79A37654f54 (0.0000 ETH)
[2026-02-22 18:21:25] FINDING: proxy_dead_impl at 0x5A546654981BEe4Ce6F7E50F8AFFE136C2d4D4B4 (0.0000 ETH)
[2026-02-22 18:21:32] Blocks 42497569-42497572: 1 new contracts
[2026-02-22 18:21:32] FINDING: proxy_dead_impl at 0xfCa00b2A24E4685E616ed7A593bb71BaF23E5e68 (0.0000 ETH)
[2026-02-22 18:21:52] Blocks 42497579-42497582: 1 new contracts
[2026-02-22 18:21:52] FINDING: proxy_dead_impl at 0x84F6EB5B81Ab0D62cAEaefE066933e6b0f024cC0 (0.0000 ETH)
[2026-02-22 18:22:12] Blocks 42497589-42497592: 1 new contracts
[2026-02-22 18:22:12] FINDING: proxy_dead_impl at 0x2adEf0C4A01AbE3d76c2519dAEa2afe32AcD1fB0 (0.0000 ETH)
[2026-02-22 18:22:21] Received signal 15, shutting down...
[2026-02-22 18:22:25] Scanner stopped gracefully.
[2026-02-22 18:22:28] ==================================================
[2026-02-22 18:22:28] CONTINUOUS SCANNER STARTED
[2026-02-22 18:22:28] PID: 92001
[2026-02-22 18:22:28] ==================================================
[2026-02-22 18:22:28] Connected to https://mainnet.base.org | block 42497600
[2026-02-22 18:23:02] Blocks 42497614-42497616: 1 new contracts
[2026-02-22 18:23:02] FINDING: proxy_dead_impl at 0xEF61b523FA157113f21001F288D85a8aC465eF61 (0.0000 ETH)
[2026-02-22 18:23:23] Blocks 42497624-42497627: 1 new contracts
[2026-02-22 18:23:23] FINDING: proxy_dead_impl at 0x5Df682F1d86BEe6e5a66AEC6ecD3B064eC2FF415 (0.0000 ETH)
[2026-02-22 18:23:38] Blocks 42497632-42497634: 1 new contracts
[2026-02-22 18:23:38] FINDING: proxy_dead_impl at 0x146d2D607Cd218Cbf0248fD3d25C7A5Fe2694aB9 (0.0000 ETH)
[2026-02-22 18:23:45] Blocks 42497635-42497638: 1 new contracts
[2026-02-22 18:23:45] FINDING: proxy_dead_impl at 0x326aF26969bd3C76FDf9ab8055D1Ac30187a660f (0.0000 ETH)
[2026-02-22 18:23:52] Blocks 42497639-42497641: 1 new contracts
[2026-02-22 18:23:52] FINDING: proxy_dead_impl at 0x990cFB5811EC93163e2458dFA29658d063978718 (0.0000 ETH)
[2026-02-22 18:23:59] Blocks 42497642-42497645: 1 new contracts
[2026-02-22 18:23:59] FINDING: proxy_dead_impl at 0xEb8A923C1dFA3b7815073022a06fF8cEe7c73698 (0.0000 ETH)
[2026-02-22 18:23:59] FINDING: unguarded_functions at 0xEb8A923C1dFA3b7815073022a06fF8cEe7c73698 (0.0000 ETH)
[2026-02-22 18:24:13] Blocks 42497650-42497652: 1 new contracts
[2026-02-22 18:24:20] Blocks 42497653-42497656: 1 new contracts
[2026-02-22 18:24:20] FINDING: proxy_dead_impl at 0x1150074dd70E4448a2DA95C321Bd4196487643FE (0.0000 ETH)
[2026-02-22 18:25:03] Blocks 42497674-42497677: 1 new contracts
[2026-02-22 18:25:03] FINDING: proxy_dead_impl at 0xB8Ed60302AD2741Fe387A5e2e749d743064F9F32 (0.0000 ETH)
[2026-02-22 18:25:10] Blocks 42497678-42497681: 1 new contracts
[2026-02-22 18:25:18] Blocks 42497682-42497684: 1 new contracts
[2026-02-22 18:25:18] FINDING: proxy_dead_impl at 0x33c38EFe5d874EfBF9e173b607d893840B8d7F8a (0.0000 ETH)
[2026-02-22 18:25:38] Blocks 42497692-42497695: 1 new contracts
[2026-02-22 18:25:38] FINDING: proxy_dead_impl at 0x75d908206663C7a8058218aA4d12a96468012141 (0.0000 ETH)
[2026-02-22 18:26:42] Blocks 42497724-42497727: 1 new contracts
[2026-02-22 18:26:42] FINDING: proxy_dead_impl at 0x38A57De190B2733cbb19D84d9131A310FD9cD5b7 (0.0000 ETH)
[2026-02-22 18:26:56] Blocks 42497731-42497734: 1 new contracts
[2026-02-22 18:26:56] FINDING: proxy_dead_impl at 0xe4F5b998372443522B08b72D3B5b704c3BDAFAF4 (0.5000 ETH)
[2026-02-22 18:26:57] FINDING: unguarded_functions at 0xe4F5b998372443522B08b72D3B5b704c3BDAFAF4 (0.5000 ETH)
[2026-02-22 18:26:58] FINDING: stuck_trading_fees at 0xe4F5b998372443522B08b72D3B5b704c3BDAFAF4 (0.5000 ETH)
